{"/Users/victor/Documents/the_spinners-frontend/src/app.js": {"path":"/Users/victor/Documents/the_spinners-frontend/src/app.js","statementMap":{"0":{"start":{"line":17,"column":0},"end":{"line":17,"column":17}},"1":{"start":{"line":18,"column":14},"end":{"line":18,"column":30}},"2":{"start":{"line":20,"column":14},"end":{"line":39,"column":2}},"3":{"start":{"line":41,"column":12},"end":{"line":66,"column":1}},"4":{"start":{"line":42,"column":1},"end":{"line":58,"column":6}},"5":{"start":{"line":43,"column":2},"end":{"line":57,"column":3}},"6":{"start":{"line":44,"column":16},"end":{"line":44,"column":45}},"7":{"start":{"line":45,"column":3},"end":{"line":48,"column":4}},"8":{"start":{"line":46,"column":4},"end":{"line":46,"column":40}},"9":{"start":{"line":47,"column":4},"end":{"line":47,"column":72}},"10":{"start":{"line":49,"column":17},"end":{"line":49,"column":90}},"11":{"start":{"line":50,"column":3},"end":{"line":50,"column":51}},"12":{"start":{"line":51,"column":23},"end":{"line":51,"column":40}},"13":{"start":{"line":52,"column":3},"end":{"line":56,"column":4}},"14":{"start":{"line":53,"column":4},"end":{"line":53,"column":37}},"15":{"start":{"line":54,"column":4},"end":{"line":54,"column":36}},"16":{"start":{"line":55,"column":4},"end":{"line":55,"column":36}},"17":{"start":{"line":59,"column":1},"end":{"line":65,"column":3}}},"fnMap":{"0":{"name":"(anonymous_0)","decl":{"start":{"line":41,"column":12},"end":{"line":41,"column":13}},"loc":{"start":{"line":41,"column":18},"end":{"line":66,"column":1}},"line":41},"1":{"name":"(anonymous_1)","decl":{"start":{"line":42,"column":2},"end":{"line":42,"column":3}},"loc":{"start":{"line":42,"column":14},"end":{"line":58,"column":2}},"line":42}},"branchMap":{"0":{"loc":{"start":{"line":43,"column":2},"end":{"line":57,"column":3}},"type":"if","locations":[{"start":{"line":43,"column":2},"end":{"line":57,"column":3}},{"start":{"line":43,"column":2},"end":{"line":57,"column":3}}],"line":43},"1":{"loc":{"start":{"line":45,"column":3},"end":{"line":48,"column":4}},"type":"if","locations":[{"start":{"line":45,"column":3},"end":{"line":48,"column":4}},{"start":{"line":45,"column":3},"end":{"line":48,"column":4}}],"line":45},"2":{"loc":{"start":{"line":52,"column":3},"end":{"line":56,"column":4}},"type":"if","locations":[{"start":{"line":52,"column":3},"end":{"line":56,"column":4}},{"start":{"line":52,"column":3},"end":{"line":56,"column":4}}],"line":52}},"s":{"0":2,"1":2,"2":2,"3":2,"4":2,"5":2,"6":1,"7":0,"8":0,"9":0,"10":0,"11":0,"12":0,"13":0,"14":0,"15":0,"16":0,"17":2},"f":{"0":2,"1":2},"b":{"0":[1,1],"1":[0,0],"2":[0,0]},"_coverageSchema":"1a1c01bbd47fc00a2c39e90264f33305004495a9","hash":"2a3e0417462afca0a24492dc94fe1d6ebad6f285"}
,"/Users/victor/Documents/the_spinners-frontend/src/routes.js": {"path":"/Users/victor/Documents/the_spinners-frontend/src/routes.js","statementMap":{"0":{"start":{"line":25,"column":15},"end":{"line":140,"column":1}},"1":{"start":{"line":29,"column":19},"end":{"line":29,"column":44}},"2":{"start":{"line":136,"column":21},"end":{"line":136,"column":56}}},"fnMap":{"0":{"name":"(anonymous_0)","decl":{"start":{"line":29,"column":13},"end":{"line":29,"column":14}},"loc":{"start":{"line":29,"column":19},"end":{"line":29,"column":44}},"line":29},"1":{"name":"(anonymous_1)","decl":{"start":{"line":136,"column":15},"end":{"line":136,"column":16}},"loc":{"start":{"line":136,"column":21},"end":{"line":136,"column":56}},"line":136}},"branchMap":{},"s":{"0":2,"1":1,"2":1},"f":{"0":1,"1":1},"b":{},"_coverageSchema":"1a1c01bbd47fc00a2c39e90264f33305004495a9","hash":"2862c71f68371e32e42e9d8d30a735f583a809c3"}
,"/Users/victor/Documents/the_spinners-frontend/src/components/AssignManager.js": {"path":"/Users/victor/Documents/the_spinners-frontend/src/components/AssignManager.js","statementMap":{"0":{"start":{"line":18,"column":18},"end":{"line":71,"column":3}},"1":{"start":{"line":18,"column":39},"end":{"line":71,"column":1}},"2":{"start":{"line":73,"column":19},"end":{"line":208,"column":1}},"3":{"start":{"line":74,"column":17},"end":{"line":74,"column":28}},"4":{"start":{"line":75,"column":18},"end":{"line":75,"column":31}},"5":{"start":{"line":76,"column":21},"end":{"line":76,"column":60}},"6":{"start":{"line":76,"column":42},"end":{"line":76,"column":59}},"7":{"start":{"line":77,"column":18},"end":{"line":77,"column":46}},"8":{"start":{"line":78,"column":20},"end":{"line":78,"column":41}},"9":{"start":{"line":80,"column":39},"end":{"line":80,"column":50}},"10":{"start":{"line":81,"column":24},"end":{"line":81,"column":35}},"11":{"start":{"line":82,"column":28},"end":{"line":82,"column":40}},"12":{"start":{"line":83,"column":1},"end":{"line":86,"column":8}},"13":{"start":{"line":84,"column":2},"end":{"line":84,"column":32}},"14":{"start":{"line":85,"column":2},"end":{"line":85,"column":29}},"15":{"start":{"line":88,"column":25},"end":{"line":88,"column":51}},"16":{"start":{"line":89,"column":26},"end":{"line":89,"column":56}},"17":{"start":{"line":90,"column":22},"end":{"line":90,"column":73}},"18":{"start":{"line":92,"column":18},"end":{"line":94,"column":2}},"19":{"start":{"line":93,"column":2},"end":{"line":93,"column":29}},"20":{"start":{"line":96,"column":22},"end":{"line":102,"column":2}},"21":{"start":{"line":97,"column":2},"end":{"line":97,"column":21}},"22":{"start":{"line":100,"column":6},"end":{"line":100,"column":7}},"23":{"start":{"line":101,"column":2},"end":{"line":101,"column":69}},"24":{"start":{"line":104,"column":21},"end":{"line":108,"column":2}},"25":{"start":{"line":105,"column":2},"end":{"line":107,"column":5}},"26":{"start":{"line":106,"column":3},"end":{"line":106,"column":71}},"27":{"start":{"line":109,"column":1},"end":{"line":207,"column":3}},"28":{"start":{"line":120,"column":25},"end":{"line":120,"column":91}},"29":{"start":{"line":120,"column":52},"end":{"line":120,"column":90}},"30":{"start":{"line":121,"column":6},"end":{"line":184,"column":8}},"31":{"start":{"line":166,"column":17},"end":{"line":172,"column":19}}},"fnMap":{"0":{"name":"(anonymous_0)","decl":{"start":{"line":18,"column":29},"end":{"line":18,"column":30}},"loc":{"start":{"line":18,"column":39},"end":{"line":71,"column":1}},"line":18},"1":{"name":"(anonymous_1)","decl":{"start":{"line":73,"column":19},"end":{"line":73,"column":20}},"loc":{"start":{"line":73,"column":25},"end":{"line":208,"column":1}},"line":73},"2":{"name":"(anonymous_2)","decl":{"start":{"line":76,"column":33},"end":{"line":76,"column":34}},"loc":{"start":{"line":76,"column":42},"end":{"line":76,"column":59}},"line":76},"3":{"name":"(anonymous_3)","decl":{"start":{"line":83,"column":11},"end":{"line":83,"column":12}},"loc":{"start":{"line":83,"column":17},"end":{"line":86,"column":2}},"line":83},"4":{"name":"(anonymous_4)","decl":{"start":{"line":92,"column":18},"end":{"line":92,"column":19}},"loc":{"start":{"line":92,"column":32},"end":{"line":94,"column":2}},"line":92},"5":{"name":"(anonymous_5)","decl":{"start":{"line":96,"column":22},"end":{"line":96,"column":23}},"loc":{"start":{"line":96,"column":27},"end":{"line":102,"column":2}},"line":96},"6":{"name":"(anonymous_6)","decl":{"start":{"line":104,"column":21},"end":{"line":104,"column":22}},"loc":{"start":{"line":104,"column":27},"end":{"line":108,"column":2}},"line":104},"7":{"name":"(anonymous_7)","decl":{"start":{"line":105,"column":12},"end":{"line":105,"column":13}},"loc":{"start":{"line":105,"column":20},"end":{"line":107,"column":3}},"line":105},"8":{"name":"(anonymous_8)","decl":{"start":{"line":119,"column":23},"end":{"line":119,"column":24}},"loc":{"start":{"line":119,"column":36},"end":{"line":185,"column":7}},"line":119},"9":{"name":"(anonymous_9)","decl":{"start":{"line":120,"column":41},"end":{"line":120,"column":42}},"loc":{"start":{"line":120,"column":52},"end":{"line":120,"column":90}},"line":120},"10":{"name":"(anonymous_10)","decl":{"start":{"line":165,"column":30},"end":{"line":165,"column":31}},"loc":{"start":{"line":165,"column":38},"end":{"line":173,"column":18}},"line":165}},"branchMap":{"0":{"loc":{"start":{"line":111,"column":4},"end":{"line":115,"column":4}},"type":"binary-expr","locations":[{"start":{"line":111,"column":4},"end":{"line":111,"column":21}},{"start":{"line":112,"column":4},"end":{"line":114,"column":12}}],"line":111},"1":{"loc":{"start":{"line":116,"column":4},"end":{"line":116,"column":82}},"type":"binary-expr","locations":[{"start":{"line":116,"column":4},"end":{"line":116,"column":23}},{"start":{"line":116,"column":27},"end":{"line":116,"column":82}}],"line":116},"2":{"loc":{"start":{"line":117,"column":4},"end":{"line":185,"column":8}},"type":"cond-expr","locations":[{"start":{"line":118,"column":6},"end":{"line":118,"column":27}},{"start":{"line":119,"column":6},"end":{"line":185,"column":8}}],"line":117},"3":{"loc":{"start":{"line":159,"column":16},"end":{"line":161,"column":72}},"type":"cond-expr","locations":[{"start":{"line":160,"column":18},"end":{"line":160,"column":42}},{"start":{"line":161,"column":18},"end":{"line":161,"column":72}}],"line":159},"4":{"loc":{"start":{"line":163,"column":15},"end":{"line":173,"column":19}},"type":"cond-expr","locations":[{"start":{"line":164,"column":17},"end":{"line":164,"column":35}},{"start":{"line":165,"column":17},"end":{"line":173,"column":19}}],"line":163},"5":{"loc":{"start":{"line":194,"column":5},"end":{"line":194,"column":49}},"type":"cond-expr","locations":[{"start":{"line":194,"column":27},"end":{"line":194,"column":38}},{"start":{"line":194,"column":41},"end":{"line":194,"column":49}}],"line":194}},"s":{"0":4,"1":2,"2":4,"3":9,"4":9,"5":9,"6":28,"7":9,"8":9,"9":9,"10":9,"11":9,"12":9,"13":6,"14":6,"15":9,"16":9,"17":9,"18":9,"19":1,"20":9,"21":1,"22":1,"23":1,"24":9,"25":1,"26":0,"27":9,"28":6,"29":6,"30":6,"31":6},"f":{"0":2,"1":9,"2":28,"3":6,"4":1,"5":1,"6":1,"7":0,"8":6,"9":6,"10":6},"b":{"0":[9,0],"1":[9,0],"2":[3,6],"3":[0,6],"4":[0,6],"5":[0,9]},"_coverageSchema":"1a1c01bbd47fc00a2c39e90264f33305004495a9","hash":"76798dea33a4956adf08cae56839b2f97c941b7b"}
,"/Users/victor/Documents/the_spinners-frontend/src/components/CountriesList.js": {"path":"/Users/victor/Documents/the_spinners-frontend/src/components/CountriesList.js","statementMap":{"0":{"start":{"line":12,"column":1},"end":{"line":14,"column":12}},"1":{"start":{"line":13,"column":48},"end":{"line":13,"column":97}},"2":{"start":{"line":17,"column":18},"end":{"line":25,"column":2}},"3":{"start":{"line":28,"column":17},"end":{"line":28,"column":28}},"4":{"start":{"line":30,"column":1},"end":{"line":66,"column":3}},"5":{"start":{"line":39,"column":29},"end":{"line":39,"column":41}},"6":{"start":{"line":41,"column":4},"end":{"line":47,"column":7}},"7":{"start":{"line":50,"column":4},"end":{"line":62,"column":6}},"8":{"start":{"line":64,"column":31},"end":{"line":64,"column":66}},"9":{"start":{"line":69,"column":18},"end":{"line":326,"column":1}}},"fnMap":{"0":{"name":"countryToFlag","decl":{"start":{"line":11,"column":16},"end":{"line":11,"column":29}},"loc":{"start":{"line":11,"column":39},"end":{"line":15,"column":1}},"line":11},"1":{"name":"(anonymous_1)","decl":{"start":{"line":13,"column":40},"end":{"line":13,"column":41}},"loc":{"start":{"line":13,"column":48},"end":{"line":13,"column":97}},"line":13},"2":{"name":"CountrySelect","decl":{"start":{"line":27,"column":24},"end":{"line":27,"column":37}},"loc":{"start":{"line":27,"column":45},"end":{"line":67,"column":1}},"line":27},"3":{"name":"(anonymous_3)","decl":{"start":{"line":39,"column":19},"end":{"line":39,"column":20}},"loc":{"start":{"line":39,"column":29},"end":{"line":39,"column":41}},"line":39},"4":{"name":"(anonymous_4)","decl":{"start":{"line":40,"column":17},"end":{"line":40,"column":18}},"loc":{"start":{"line":41,"column":4},"end":{"line":47,"column":7}},"line":41},"5":{"name":"(anonymous_5)","decl":{"start":{"line":49,"column":16},"end":{"line":49,"column":17}},"loc":{"start":{"line":50,"column":4},"end":{"line":62,"column":6}},"line":50},"6":{"name":"(anonymous_6)","decl":{"start":{"line":64,"column":13},"end":{"line":64,"column":14}},"loc":{"start":{"line":64,"column":31},"end":{"line":64,"column":66}},"line":64}},"branchMap":{"0":{"loc":{"start":{"line":12,"column":8},"end":{"line":14,"column":11}},"type":"cond-expr","locations":[{"start":{"line":13,"column":4},"end":{"line":13,"column":98}},{"start":{"line":14,"column":4},"end":{"line":14,"column":11}}],"line":12}},"s":{"0":3,"1":2,"2":5,"3":12,"4":12,"5":1,"6":1,"7":13,"8":2,"9":5},"f":{"0":3,"1":2,"2":12,"3":1,"4":1,"5":13,"6":2},"b":{"0":[1,2]},"_coverageSchema":"1a1c01bbd47fc00a2c39e90264f33305004495a9","hash":"47a7278c36a219f0dbbd516b1ff5edac9f9063c4"}
,"/Users/victor/Documents/the_spinners-frontend/src/components/Success.js": {"path":"/Users/victor/Documents/the_spinners-frontend/src/components/Success.js","statementMap":{"0":{"start":{"line":11,"column":0},"end":{"line":11,"column":41}},"1":{"start":{"line":13,"column":18},"end":{"line":43,"column":3}},"2":{"start":{"line":13,"column":39},"end":{"line":43,"column":1}},"3":{"start":{"line":46,"column":18},"end":{"line":46,"column":29}},"4":{"start":{"line":47,"column":2},"end":{"line":61,"column":3}}},"fnMap":{"0":{"name":"(anonymous_0)","decl":{"start":{"line":13,"column":29},"end":{"line":13,"column":30}},"loc":{"start":{"line":13,"column":39},"end":{"line":43,"column":1}},"line":13},"1":{"name":"Success","decl":{"start":{"line":45,"column":24},"end":{"line":45,"column":31}},"loc":{"start":{"line":45,"column":34},"end":{"line":62,"column":1}},"line":45}},"branchMap":{},"s":{"0":3,"1":3,"2":1,"3":1,"4":1},"f":{"0":1,"1":1},"b":{},"_coverageSchema":"1a1c01bbd47fc00a2c39e90264f33305004495a9","hash":"6e41d9473eb9a7ad2aead32ebfd1c261618428e3"}
,"/Users/victor/Documents/the_spinners-frontend/src/components/UserRole.js": {"path":"/Users/victor/Documents/the_spinners-frontend/src/components/UserRole.js","statementMap":{"0":{"start":{"line":18,"column":18},"end":{"line":68,"column":3}},"1":{"start":{"line":18,"column":39},"end":{"line":68,"column":1}},"2":{"start":{"line":70,"column":15},"end":{"line":75,"column":1}},"3":{"start":{"line":77,"column":14},"end":{"line":79,"column":1}},"4":{"start":{"line":78,"column":1},"end":{"line":78,"column":62}},"5":{"start":{"line":81,"column":17},"end":{"line":225,"column":1}},"6":{"start":{"line":82,"column":17},"end":{"line":82,"column":28}},"7":{"start":{"line":83,"column":18},"end":{"line":83,"column":31}},"8":{"start":{"line":84,"column":23},"end":{"line":84,"column":62}},"9":{"start":{"line":84,"column":44},"end":{"line":84,"column":61}},"10":{"start":{"line":85,"column":17},"end":{"line":85,"column":64}},"11":{"start":{"line":85,"column":38},"end":{"line":85,"column":63}},"12":{"start":{"line":87,"column":15},"end":{"line":87,"column":38}},"13":{"start":{"line":89,"column":39},"end":{"line":89,"column":50}},"14":{"start":{"line":90,"column":24},"end":{"line":90,"column":35}},"15":{"start":{"line":91,"column":36},"end":{"line":91,"column":48}},"16":{"start":{"line":92,"column":24},"end":{"line":92,"column":39}},"17":{"start":{"line":93,"column":1},"end":{"line":95,"column":15}},"18":{"start":{"line":94,"column":2},"end":{"line":94,"column":29}},"19":{"start":{"line":97,"column":25},"end":{"line":97,"column":51}},"20":{"start":{"line":98,"column":26},"end":{"line":98,"column":56}},"21":{"start":{"line":99,"column":22},"end":{"line":99,"column":68}},"22":{"start":{"line":101,"column":18},"end":{"line":103,"column":2}},"23":{"start":{"line":102,"column":2},"end":{"line":102,"column":29}},"24":{"start":{"line":105,"column":18},"end":{"line":114,"column":2}},"25":{"start":{"line":106,"column":2},"end":{"line":106,"column":21}},"26":{"start":{"line":109,"column":6},"end":{"line":109,"column":7}},"27":{"start":{"line":110,"column":2},"end":{"line":113,"column":5}},"28":{"start":{"line":115,"column":21},"end":{"line":117,"column":2}},"29":{"start":{"line":116,"column":2},"end":{"line":116,"column":16}},"30":{"start":{"line":118,"column":22},"end":{"line":124,"column":2}},"31":{"start":{"line":119,"column":2},"end":{"line":119,"column":21}},"32":{"start":{"line":120,"column":2},"end":{"line":120,"column":29}},"33":{"start":{"line":121,"column":2},"end":{"line":121,"column":65}},"34":{"start":{"line":122,"column":2},"end":{"line":122,"column":29}},"35":{"start":{"line":123,"column":2},"end":{"line":123,"column":15}},"36":{"start":{"line":125,"column":1},"end":{"line":224,"column":3}},"37":{"start":{"line":150,"column":4},"end":{"line":210,"column":6}}},"fnMap":{"0":{"name":"(anonymous_0)","decl":{"start":{"line":18,"column":29},"end":{"line":18,"column":30}},"loc":{"start":{"line":18,"column":39},"end":{"line":68,"column":1}},"line":18},"1":{"name":"(anonymous_1)","decl":{"start":{"line":77,"column":14},"end":{"line":77,"column":15}},"loc":{"start":{"line":77,"column":25},"end":{"line":79,"column":1}},"line":77},"2":{"name":"(anonymous_2)","decl":{"start":{"line":81,"column":17},"end":{"line":81,"column":18}},"loc":{"start":{"line":81,"column":23},"end":{"line":225,"column":1}},"line":81},"3":{"name":"(anonymous_3)","decl":{"start":{"line":84,"column":35},"end":{"line":84,"column":36}},"loc":{"start":{"line":84,"column":44},"end":{"line":84,"column":61}},"line":84},"4":{"name":"(anonymous_4)","decl":{"start":{"line":85,"column":29},"end":{"line":85,"column":30}},"loc":{"start":{"line":85,"column":38},"end":{"line":85,"column":63}},"line":85},"5":{"name":"(anonymous_5)","decl":{"start":{"line":93,"column":11},"end":{"line":93,"column":12}},"loc":{"start":{"line":93,"column":17},"end":{"line":95,"column":2}},"line":93},"6":{"name":"(anonymous_6)","decl":{"start":{"line":101,"column":18},"end":{"line":101,"column":19}},"loc":{"start":{"line":101,"column":32},"end":{"line":103,"column":2}},"line":101},"7":{"name":"(anonymous_7)","decl":{"start":{"line":105,"column":18},"end":{"line":105,"column":19}},"loc":{"start":{"line":105,"column":23},"end":{"line":114,"column":2}},"line":105},"8":{"name":"(anonymous_8)","decl":{"start":{"line":115,"column":21},"end":{"line":115,"column":22}},"loc":{"start":{"line":115,"column":27},"end":{"line":117,"column":2}},"line":115},"9":{"name":"(anonymous_9)","decl":{"start":{"line":118,"column":22},"end":{"line":118,"column":23}},"loc":{"start":{"line":118,"column":27},"end":{"line":124,"column":2}},"line":118},"10":{"name":"(anonymous_10)","decl":{"start":{"line":149,"column":21},"end":{"line":149,"column":22}},"loc":{"start":{"line":149,"column":29},"end":{"line":211,"column":4}},"line":149}},"branchMap":{"0":{"loc":{"start":{"line":128,"column":4},"end":{"line":132,"column":5}},"type":"binary-expr","locations":[{"start":{"line":128,"column":4},"end":{"line":128,"column":23}},{"start":{"line":129,"column":5},"end":{"line":131,"column":13}}],"line":128},"1":{"loc":{"start":{"line":135,"column":4},"end":{"line":146,"column":5}},"type":"binary-expr","locations":[{"start":{"line":135,"column":4},"end":{"line":135,"column":11}},{"start":{"line":136,"column":5},"end":{"line":145,"column":16}}],"line":135},"2":{"loc":{"start":{"line":137,"column":12},"end":{"line":137,"column":34}},"type":"binary-expr","locations":[{"start":{"line":137,"column":12},"end":{"line":137,"column":16}},{"start":{"line":137,"column":20},"end":{"line":137,"column":34}}],"line":137},"3":{"loc":{"start":{"line":186,"column":26},"end":{"line":186,"column":82}},"type":"cond-expr","locations":[{"start":{"line":186,"column":60},"end":{"line":186,"column":77}},{"start":{"line":186,"column":80},"end":{"line":186,"column":82}}],"line":186},"4":{"loc":{"start":{"line":198,"column":13},"end":{"line":200,"column":26}},"type":"cond-expr","locations":[{"start":{"line":199,"column":13},"end":{"line":199,"column":24}},{"start":{"line":200,"column":13},"end":{"line":200,"column":26}}],"line":198},"5":{"loc":{"start":{"line":198,"column":13},"end":{"line":198,"column":72}},"type":"binary-expr","locations":[{"start":{"line":198,"column":13},"end":{"line":198,"column":34}},{"start":{"line":198,"column":39},"end":{"line":198,"column":71}}],"line":198}},"s":{"0":5,"1":3,"2":5,"3":5,"4":5,"5":5,"6":7,"7":7,"8":7,"9":17,"10":7,"11":17,"12":7,"13":7,"14":7,"15":7,"16":7,"17":7,"18":3,"19":7,"20":7,"21":7,"22":7,"23":1,"24":7,"25":0,"26":0,"27":0,"28":7,"29":1,"30":7,"31":1,"32":1,"33":1,"34":1,"35":1,"36":7,"37":2},"f":{"0":3,"1":5,"2":7,"3":17,"4":17,"5":3,"6":1,"7":0,"8":1,"9":1,"10":2},"b":{"0":[7,3],"1":[7,3],"2":[3,1],"3":[2,0],"4":[0,2],"5":[2,0]},"_coverageSchema":"1a1c01bbd47fc00a2c39e90264f33305004495a9","hash":"a9f89144f83f8fd975e36b98c0ffcf6a08ac2bd5"}
,"/Users/victor/Documents/the_spinners-frontend/src/components/profilePicture.js": {"path":"/Users/victor/Documents/the_spinners-frontend/src/components/profilePicture.js","statementMap":{"0":{"start":{"line":12,"column":18},"end":{"line":25,"column":3}},"1":{"start":{"line":12,"column":39},"end":{"line":25,"column":1}},"2":{"start":{"line":26,"column":30},"end":{"line":112,"column":1}},"3":{"start":{"line":28,"column":18},"end":{"line":28,"column":29}},"4":{"start":{"line":30,"column":2},"end":{"line":111,"column":4}}},"fnMap":{"0":{"name":"(anonymous_0)","decl":{"start":{"line":12,"column":29},"end":{"line":12,"column":30}},"loc":{"start":{"line":12,"column":39},"end":{"line":25,"column":1}},"line":12},"1":{"name":"(anonymous_1)","decl":{"start":{"line":26,"column":30},"end":{"line":26,"column":31}},"loc":{"start":{"line":26,"column":84},"end":{"line":112,"column":1}},"line":26}},"branchMap":{"0":{"loc":{"start":{"line":33,"column":9},"end":{"line":108,"column":11}},"type":"cond-expr","locations":[{"start":{"line":34,"column":10},"end":{"line":68,"column":13}},{"start":{"line":70,"column":12},"end":{"line":107,"column":15}}],"line":33},"1":{"loc":{"start":{"line":84,"column":15},"end":{"line":106,"column":15}},"type":"binary-expr","locations":[{"start":{"line":84,"column":15},"end":{"line":84,"column":68}},{"start":{"line":85,"column":16},"end":{"line":105,"column":24}}],"line":84}},"s":{"0":5,"1":7,"2":5,"3":17,"4":17},"f":{"0":7,"1":17},"b":{"0":[2,15],"1":[15,0]},"_coverageSchema":"1a1c01bbd47fc00a2c39e90264f33305004495a9","hash":"24cd8f035696b3ee3c5f151ba3dc74936becbe36"}
,"/Users/victor/Documents/the_spinners-frontend/src/components/Notification/NotificationsPopover.js": {"path":"/Users/victor/Documents/the_spinners-frontend/src/components/Notification/NotificationsPopover.js","statementMap":{"0":{"start":{"line":11,"column":18},"end":{"line":30,"column":3}},"1":{"start":{"line":11,"column":36},"end":{"line":30,"column":1}},"2":{"start":{"line":32,"column":29},"end":{"line":76,"column":1}},"3":{"start":{"line":33,"column":82},"end":{"line":33,"column":87}},"4":{"start":{"line":34,"column":17},"end":{"line":34,"column":28}},"5":{"start":{"line":36,"column":1},"end":{"line":75,"column":3}},"6":{"start":{"line":55,"column":23},"end":{"line":55,"column":38}}},"fnMap":{"0":{"name":"(anonymous_0)","decl":{"start":{"line":11,"column":29},"end":{"line":11,"column":30}},"loc":{"start":{"line":11,"column":36},"end":{"line":30,"column":1}},"line":11},"1":{"name":"(anonymous_1)","decl":{"start":{"line":32,"column":29},"end":{"line":32,"column":30}},"loc":{"start":{"line":32,"column":38},"end":{"line":76,"column":1}},"line":32},"2":{"name":"(anonymous_2)","decl":{"start":{"line":55,"column":17},"end":{"line":55,"column":18}},"loc":{"start":{"line":55,"column":23},"end":{"line":55,"column":38}},"line":55}},"branchMap":{},"s":{"0":6,"1":4,"2":6,"3":9,"4":9,"5":9,"6":1},"f":{"0":4,"1":9,"2":1},"b":{},"_coverageSchema":"1a1c01bbd47fc00a2c39e90264f33305004495a9","hash":"38d21d0f434d42b3bcfcf5ada01f9655265288d3"}
,"/Users/victor/Documents/the_spinners-frontend/src/components/Notification/notificationSettings.js": {"path":"/Users/victor/Documents/the_spinners-frontend/src/components/Notification/notificationSettings.js","statementMap":{"0":{"start":{"line":21,"column":18},"end":{"line":27,"column":3}},"1":{"start":{"line":21,"column":36},"end":{"line":27,"column":1}},"2":{"start":{"line":30,"column":1},"end":{"line":30,"column":63}},"3":{"start":{"line":33,"column":22},"end":{"line":149,"column":1}},"4":{"start":{"line":34,"column":14},"end":{"line":34,"column":51}},"5":{"start":{"line":34,"column":35},"end":{"line":34,"column":50}},"6":{"start":{"line":35,"column":32},"end":{"line":35,"column":37}},"7":{"start":{"line":36,"column":37},"end":{"line":36,"column":54}},"8":{"start":{"line":37,"column":37},"end":{"line":37,"column":53}},"9":{"start":{"line":38,"column":25},"end":{"line":38,"column":46}},"10":{"start":{"line":40,"column":1},"end":{"line":45,"column":12}},"11":{"start":{"line":41,"column":2},"end":{"line":44,"column":3}},"12":{"start":{"line":42,"column":3},"end":{"line":42,"column":55}},"13":{"start":{"line":43,"column":3},"end":{"line":43,"column":55}},"14":{"start":{"line":47,"column":21},"end":{"line":53,"column":2}},"15":{"start":{"line":48,"column":2},"end":{"line":50,"column":3}},"16":{"start":{"line":49,"column":3},"end":{"line":49,"column":10}},"17":{"start":{"line":52,"column":2},"end":{"line":52,"column":17}},"18":{"start":{"line":55,"column":26},"end":{"line":55,"column":69}},"19":{"start":{"line":55,"column":47},"end":{"line":55,"column":68}},"20":{"start":{"line":57,"column":17},"end":{"line":57,"column":28}},"21":{"start":{"line":58,"column":23},"end":{"line":60,"column":2}},"22":{"start":{"line":59,"column":2},"end":{"line":59,"column":29}},"23":{"start":{"line":61,"column":23},"end":{"line":63,"column":2}},"24":{"start":{"line":62,"column":2},"end":{"line":62,"column":29}},"25":{"start":{"line":65,"column":18},"end":{"line":65,"column":31}},"26":{"start":{"line":66,"column":22},"end":{"line":77,"column":2}},"27":{"start":{"line":67,"column":23},"end":{"line":74,"column":3}},"28":{"start":{"line":75,"column":2},"end":{"line":75,"column":75}},"29":{"start":{"line":75,"column":29},"end":{"line":75,"column":73}},"30":{"start":{"line":76,"column":2},"end":{"line":76,"column":16}},"31":{"start":{"line":79,"column":1},"end":{"line":148,"column":3}}},"fnMap":{"0":{"name":"(anonymous_0)","decl":{"start":{"line":21,"column":29},"end":{"line":21,"column":30}},"loc":{"start":{"line":21,"column":36},"end":{"line":27,"column":1}},"line":21},"1":{"name":"Alert","decl":{"start":{"line":29,"column":9},"end":{"line":29,"column":14}},"loc":{"start":{"line":29,"column":22},"end":{"line":31,"column":1}},"line":29},"2":{"name":"(anonymous_2)","decl":{"start":{"line":33,"column":22},"end":{"line":33,"column":23}},"loc":{"start":{"line":33,"column":31},"end":{"line":149,"column":1}},"line":33},"3":{"name":"(anonymous_3)","decl":{"start":{"line":34,"column":26},"end":{"line":34,"column":27}},"loc":{"start":{"line":34,"column":35},"end":{"line":34,"column":50}},"line":34},"4":{"name":"(anonymous_4)","decl":{"start":{"line":40,"column":17},"end":{"line":40,"column":18}},"loc":{"start":{"line":40,"column":23},"end":{"line":45,"column":2}},"line":40},"5":{"name":"(anonymous_5)","decl":{"start":{"line":47,"column":21},"end":{"line":47,"column":22}},"loc":{"start":{"line":47,"column":40},"end":{"line":53,"column":2}},"line":47},"6":{"name":"(anonymous_6)","decl":{"start":{"line":55,"column":38},"end":{"line":55,"column":39}},"loc":{"start":{"line":55,"column":47},"end":{"line":55,"column":68}},"line":55},"7":{"name":"(anonymous_7)","decl":{"start":{"line":58,"column":23},"end":{"line":58,"column":24}},"loc":{"start":{"line":58,"column":29},"end":{"line":60,"column":2}},"line":58},"8":{"name":"(anonymous_8)","decl":{"start":{"line":61,"column":23},"end":{"line":61,"column":24}},"loc":{"start":{"line":61,"column":29},"end":{"line":63,"column":2}},"line":61},"9":{"name":"(anonymous_9)","decl":{"start":{"line":66,"column":22},"end":{"line":66,"column":23}},"loc":{"start":{"line":66,"column":28},"end":{"line":77,"column":2}},"line":66},"10":{"name":"(anonymous_10)","decl":{"start":{"line":75,"column":19},"end":{"line":75,"column":20}},"loc":{"start":{"line":75,"column":29},"end":{"line":75,"column":73}},"line":75}},"branchMap":{"0":{"loc":{"start":{"line":41,"column":2},"end":{"line":44,"column":3}},"type":"if","locations":[{"start":{"line":41,"column":2},"end":{"line":44,"column":3}},{"start":{"line":41,"column":2},"end":{"line":44,"column":3}}],"line":41},"1":{"loc":{"start":{"line":48,"column":2},"end":{"line":50,"column":3}},"type":"if","locations":[{"start":{"line":48,"column":2},"end":{"line":50,"column":3}},{"start":{"line":48,"column":2},"end":{"line":50,"column":3}}],"line":48},"2":{"loc":{"start":{"line":82,"column":10},"end":{"line":82,"column":50}},"type":"binary-expr","locations":[{"start":{"line":82,"column":10},"end":{"line":82,"column":42}},{"start":{"line":82,"column":46},"end":{"line":82,"column":50}}],"line":82},"3":{"loc":{"start":{"line":139,"column":7},"end":{"line":143,"column":7}},"type":"cond-expr","locations":[{"start":{"line":140,"column":7},"end":{"line":140,"column":63}},{"start":{"line":142,"column":7},"end":{"line":142,"column":21}}],"line":139}},"s":{"0":4,"1":2,"2":6,"3":4,"4":9,"5":14,"6":9,"7":9,"8":9,"9":9,"10":9,"11":3,"12":2,"13":2,"14":9,"15":2,"16":1,"17":1,"18":9,"19":14,"20":9,"21":9,"22":1,"23":9,"24":1,"25":9,"26":9,"27":1,"28":1,"29":2,"30":1,"31":9},"f":{"0":2,"1":6,"2":9,"3":14,"4":3,"5":2,"6":14,"7":1,"8":1,"9":1,"10":2},"b":{"0":[2,1],"1":[1,1],"2":[9,8],"3":[2,7]},"_coverageSchema":"1a1c01bbd47fc00a2c39e90264f33305004495a9","hash":"fcc695dcaef9dec7ef783235260631475317b69f"}
,"/Users/victor/Documents/the_spinners-frontend/src/components/Notification/components/NotificationList/NotificationList.js": {"path":"/Users/victor/Documents/the_spinners-frontend/src/components/Notification/components/NotificationList/NotificationList.js","statementMap":{"0":{"start":{"line":22,"column":22},"end":{"line":22,"column":89}},"1":{"start":{"line":22,"column":38},"end":{"line":22,"column":89}},"2":{"start":{"line":23,"column":18},"end":{"line":57,"column":3}},"3":{"start":{"line":23,"column":39},"end":{"line":57,"column":1}},"4":{"start":{"line":59,"column":25},"end":{"line":137,"column":1}},"5":{"start":{"line":60,"column":47},"end":{"line":60,"column":52}},"6":{"start":{"line":62,"column":14},"end":{"line":62,"column":46}},"7":{"start":{"line":62,"column":35},"end":{"line":62,"column":45}},"8":{"start":{"line":64,"column":17},"end":{"line":64,"column":28}},"9":{"start":{"line":65,"column":26},"end":{"line":70,"column":2}},"10":{"start":{"line":66,"column":2},"end":{"line":68,"column":3}},"11":{"start":{"line":67,"column":3},"end":{"line":67,"column":19}},"12":{"start":{"line":69,"column":2},"end":{"line":69,"column":73}},"13":{"start":{"line":72,"column":17},"end":{"line":93,"column":2}},"14":{"start":{"line":95,"column":1},"end":{"line":136,"column":3}},"15":{"start":{"line":98,"column":4},"end":{"line":133,"column":5}}},"fnMap":{"0":{"name":"(anonymous_0)","decl":{"start":{"line":22,"column":22},"end":{"line":22,"column":23}},"loc":{"start":{"line":22,"column":38},"end":{"line":22,"column":89}},"line":22},"1":{"name":"(anonymous_1)","decl":{"start":{"line":23,"column":29},"end":{"line":23,"column":30}},"loc":{"start":{"line":23,"column":39},"end":{"line":57,"column":1}},"line":23},"2":{"name":"(anonymous_2)","decl":{"start":{"line":59,"column":25},"end":{"line":59,"column":26}},"loc":{"start":{"line":59,"column":34},"end":{"line":137,"column":1}},"line":59},"3":{"name":"(anonymous_3)","decl":{"start":{"line":62,"column":26},"end":{"line":62,"column":27}},"loc":{"start":{"line":62,"column":35},"end":{"line":62,"column":45}},"line":62},"4":{"name":"(anonymous_4)","decl":{"start":{"line":65,"column":26},"end":{"line":65,"column":27}},"loc":{"start":{"line":65,"column":42},"end":{"line":70,"column":2}},"line":65},"5":{"name":"(anonymous_5)","decl":{"start":{"line":97,"column":22},"end":{"line":97,"column":23}},"loc":{"start":{"line":98,"column":4},"end":{"line":133,"column":5}},"line":98}},"branchMap":{"0":{"loc":{"start":{"line":66,"column":2},"end":{"line":68,"column":3}},"type":"if","locations":[{"start":{"line":66,"column":2},"end":{"line":68,"column":3}},{"start":{"line":66,"column":2},"end":{"line":68,"column":3}}],"line":66},"1":{"loc":{"start":{"line":98,"column":4},"end":{"line":133,"column":5}},"type":"cond-expr","locations":[{"start":{"line":99,"column":5},"end":{"line":115,"column":16}},{"start":{"line":117,"column":5},"end":{"line":132,"column":16}}],"line":98}},"s":{"0":7,"1":8,"2":7,"3":2,"4":7,"5":2,"6":2,"7":4,"8":2,"9":2,"10":1,"11":1,"12":0,"13":2,"14":2,"15":1},"f":{"0":8,"1":2,"2":2,"3":4,"4":1,"5":1},"b":{"0":[1,0],"1":[0,1]},"_coverageSchema":"1a1c01bbd47fc00a2c39e90264f33305004495a9","hash":"4e2bbea5827a8bee454704417bf2ed35e90293dc"}
,"/Users/victor/Documents/the_spinners-frontend/src/components/accommodation/booking/Accommodation.js": {"path":"/Users/victor/Documents/the_spinners-frontend/src/components/accommodation/booking/Accommodation.js","statementMap":{"0":{"start":{"line":11,"column":18},"end":{"line":16,"column":2}},"1":{"start":{"line":18,"column":22},"end":{"line":46,"column":1}},"2":{"start":{"line":19,"column":25},"end":{"line":21,"column":27}},"3":{"start":{"line":22,"column":17},"end":{"line":22,"column":28}},"4":{"start":{"line":23,"column":18},"end":{"line":23,"column":31}},"5":{"start":{"line":24,"column":1},"end":{"line":31,"column":8}},"6":{"start":{"line":25,"column":15},"end":{"line":29,"column":3}},"7":{"start":{"line":26,"column":22},"end":{"line":26,"column":52}},"8":{"start":{"line":27,"column":3},"end":{"line":27,"column":67}},"9":{"start":{"line":28,"column":3},"end":{"line":28,"column":33}},"10":{"start":{"line":30,"column":2},"end":{"line":30,"column":9}},"11":{"start":{"line":33,"column":15},"end":{"line":33,"column":62}},"12":{"start":{"line":33,"column":37},"end":{"line":33,"column":61}},"13":{"start":{"line":34,"column":1},"end":{"line":45,"column":3}}},"fnMap":{"0":{"name":"(anonymous_0)","decl":{"start":{"line":18,"column":22},"end":{"line":18,"column":23}},"loc":{"start":{"line":18,"column":40},"end":{"line":46,"column":1}},"line":18},"1":{"name":"(anonymous_1)","decl":{"start":{"line":24,"column":11},"end":{"line":24,"column":12}},"loc":{"start":{"line":24,"column":17},"end":{"line":31,"column":2}},"line":24},"2":{"name":"(anonymous_2)","decl":{"start":{"line":25,"column":15},"end":{"line":25,"column":16}},"loc":{"start":{"line":25,"column":27},"end":{"line":29,"column":3}},"line":25},"3":{"name":"(anonymous_3)","decl":{"start":{"line":33,"column":27},"end":{"line":33,"column":28}},"loc":{"start":{"line":33,"column":37},"end":{"line":33,"column":61}},"line":33}},"branchMap":{"0":{"loc":{"start":{"line":19,"column":25},"end":{"line":21,"column":27}},"type":"cond-expr","locations":[{"start":{"line":20,"column":4},"end":{"line":20,"column":38}},{"start":{"line":21,"column":4},"end":{"line":21,"column":27}}],"line":19}},"s":{"0":3,"1":3,"2":9,"3":9,"4":9,"5":9,"6":9,"7":9,"8":7,"9":0,"10":9,"11":9,"12":31,"13":9},"f":{"0":9,"1":9,"2":9,"3":31},"b":{"0":[9,0]},"_coverageSchema":"1a1c01bbd47fc00a2c39e90264f33305004495a9","hash":"e02e48eb2c5786900b6c412ca09273ceb6157173"}
,"/Users/victor/Documents/the_spinners-frontend/src/components/accommodation/booking/AccommodationCard.js": {"path":"/Users/victor/Documents/the_spinners-frontend/src/components/accommodation/booking/AccommodationCard.js","statementMap":{"0":{"start":{"line":13,"column":18},"end":{"line":24,"column":2}},"1":{"start":{"line":25,"column":20},"end":{"line":32,"column":1}},"2":{"start":{"line":26,"column":15},"end":{"line":29,"column":3}},"3":{"start":{"line":27,"column":2},"end":{"line":27,"column":45}},"4":{"start":{"line":27,"column":33},"end":{"line":27,"column":45}},"5":{"start":{"line":28,"column":2},"end":{"line":28,"column":15}},"6":{"start":{"line":30,"column":1},"end":{"line":30,"column":45}},"7":{"start":{"line":30,"column":33},"end":{"line":30,"column":45}},"8":{"start":{"line":31,"column":1},"end":{"line":31,"column":14}},"9":{"start":{"line":34,"column":26},"end":{"line":82,"column":1}},"10":{"start":{"line":35,"column":17},"end":{"line":35,"column":28}},"11":{"start":{"line":36,"column":1},"end":{"line":81,"column":3}},"12":{"start":{"line":59,"column":7},"end":{"line":59,"column":57}},"13":{"start":{"line":66,"column":7},"end":{"line":66,"column":37}}},"fnMap":{"0":{"name":"(anonymous_0)","decl":{"start":{"line":25,"column":20},"end":{"line":25,"column":21}},"loc":{"start":{"line":25,"column":29},"end":{"line":32,"column":1}},"line":25},"1":{"name":"(anonymous_1)","decl":{"start":{"line":26,"column":25},"end":{"line":26,"column":26}},"loc":{"start":{"line":26,"column":33},"end":{"line":29,"column":2}},"line":26},"2":{"name":"(anonymous_2)","decl":{"start":{"line":34,"column":26},"end":{"line":34,"column":27}},"loc":{"start":{"line":34,"column":49},"end":{"line":82,"column":1}},"line":34},"3":{"name":"(anonymous_3)","decl":{"start":{"line":58,"column":47},"end":{"line":58,"column":48}},"loc":{"start":{"line":59,"column":7},"end":{"line":59,"column":57}},"line":59},"4":{"name":"(anonymous_4)","decl":{"start":{"line":65,"column":51},"end":{"line":65,"column":52}},"loc":{"start":{"line":66,"column":7},"end":{"line":66,"column":37}},"line":66}},"branchMap":{"0":{"loc":{"start":{"line":27,"column":2},"end":{"line":27,"column":45}},"type":"if","locations":[{"start":{"line":27,"column":2},"end":{"line":27,"column":45}},{"start":{"line":27,"column":2},"end":{"line":27,"column":45}}],"line":27},"1":{"loc":{"start":{"line":30,"column":1},"end":{"line":30,"column":45}},"type":"if","locations":[{"start":{"line":30,"column":1},"end":{"line":30,"column":45}},{"start":{"line":30,"column":1},"end":{"line":30,"column":45}}],"line":30},"2":{"loc":{"start":{"line":39,"column":5},"end":{"line":46,"column":5}},"type":"cond-expr","locations":[{"start":{"line":40,"column":5},"end":{"line":40,"column":74}},{"start":{"line":42,"column":5},"end":{"line":45,"column":7}}],"line":39},"3":{"loc":{"start":{"line":49,"column":7},"end":{"line":53,"column":7}},"type":"cond-expr","locations":[{"start":{"line":50,"column":7},"end":{"line":50,"column":60}},{"start":{"line":52,"column":7},"end":{"line":52,"column":25}}],"line":49},"4":{"loc":{"start":{"line":55,"column":6},"end":{"line":61,"column":6}},"type":"cond-expr","locations":[{"start":{"line":56,"column":6},"end":{"line":56,"column":59}},{"start":{"line":58,"column":6},"end":{"line":60,"column":8}}],"line":55},"5":{"loc":{"start":{"line":62,"column":6},"end":{"line":68,"column":6}},"type":"cond-expr","locations":[{"start":{"line":63,"column":6},"end":{"line":63,"column":59}},{"start":{"line":65,"column":6},"end":{"line":67,"column":8}}],"line":62},"6":{"loc":{"start":{"line":70,"column":7},"end":{"line":76,"column":7}},"type":"cond-expr","locations":[{"start":{"line":71,"column":7},"end":{"line":71,"column":60}},{"start":{"line":72,"column":10},"end":{"line":76,"column":7}}],"line":70},"7":{"loc":{"start":{"line":72,"column":10},"end":{"line":76,"column":7}},"type":"cond-expr","locations":[{"start":{"line":73,"column":7},"end":{"line":73,"column":18}},{"start":{"line":75,"column":7},"end":{"line":75,"column":22}}],"line":72}},"s":{"0":3,"1":3,"2":8,"3":8,"4":7,"5":1,"6":8,"7":7,"8":1,"9":3,"10":28,"11":28,"12":32,"13":8},"f":{"0":8,"1":8,"2":28,"3":32,"4":8},"b":{"0":[7,1],"1":[7,1],"2":[20,8],"3":[20,8],"4":[20,8],"5":[20,8],"6":[20,8],"7":[7,1]},"_coverageSchema":"1a1c01bbd47fc00a2c39e90264f33305004495a9","hash":"af781b0e2f753e4a30881685b59941c87a3890a6"}
,"/Users/victor/Documents/the_spinners-frontend/src/components/accommodation/booking/ListAccommodation.js": {"path":"/Users/victor/Documents/the_spinners-frontend/src/components/accommodation/booking/ListAccommodation.js","statementMap":{"0":{"start":{"line":9,"column":26},"end":{"line":42,"column":1}},"1":{"start":{"line":10,"column":19},"end":{"line":22,"column":3}},"2":{"start":{"line":23,"column":18},"end":{"line":23,"column":31}},"3":{"start":{"line":24,"column":17},"end":{"line":24,"column":28}},"4":{"start":{"line":25,"column":15},"end":{"line":25,"column":85}},"5":{"start":{"line":26,"column":1},"end":{"line":41,"column":3}},"6":{"start":{"line":30,"column":5},"end":{"line":37,"column":20}},"7":{"start":{"line":34,"column":21},"end":{"line":34,"column":65}}},"fnMap":{"0":{"name":"(anonymous_0)","decl":{"start":{"line":9,"column":26},"end":{"line":9,"column":27}},"loc":{"start":{"line":9,"column":50},"end":{"line":42,"column":1}},"line":9},"1":{"name":"(anonymous_1)","decl":{"start":{"line":29,"column":15},"end":{"line":29,"column":16}},"loc":{"start":{"line":30,"column":5},"end":{"line":37,"column":20}},"line":30},"2":{"name":"(anonymous_2)","decl":{"start":{"line":34,"column":15},"end":{"line":34,"column":16}},"loc":{"start":{"line":34,"column":21},"end":{"line":34,"column":65}},"line":34}},"branchMap":{"0":{"loc":{"start":{"line":25,"column":15},"end":{"line":25,"column":85}},"type":"cond-expr","locations":[{"start":{"line":25,"column":45},"end":{"line":25,"column":63}},{"start":{"line":25,"column":66},"end":{"line":25,"column":85}}],"line":25},"1":{"loc":{"start":{"line":32,"column":11},"end":{"line":32,"column":65}},"type":"cond-expr","locations":[{"start":{"line":32,"column":41},"end":{"line":32,"column":46}},{"start":{"line":32,"column":49},"end":{"line":32,"column":65}}],"line":32}},"s":{"0":3,"1":9,"2":9,"3":9,"4":9,"5":9,"6":27,"7":1},"f":{"0":9,"1":27,"2":1},"b":{"0":[2,7],"1":[20,7]},"_coverageSchema":"1a1c01bbd47fc00a2c39e90264f33305004495a9","hash":"ca06cbf1907cd7c07518d45842cbcac82ee1278a"}
,"/Users/victor/Documents/the_spinners-frontend/src/components/accommodation/booking/RoomsList.js": {"path":"/Users/victor/Documents/the_spinners-frontend/src/components/accommodation/booking/RoomsList.js","statementMap":{"0":{"start":{"line":24,"column":18},"end":{"line":256,"column":1}},"1":{"start":{"line":25,"column":16},"end":{"line":25,"column":50}},"2":{"start":{"line":26,"column":19},"end":{"line":65,"column":4}},"3":{"start":{"line":26,"column":40},"end":{"line":65,"column":2}},"4":{"start":{"line":67,"column":18},"end":{"line":67,"column":31}},"5":{"start":{"line":68,"column":27},"end":{"line":68,"column":69}},"6":{"start":{"line":69,"column":20},"end":{"line":71,"column":2}},"7":{"start":{"line":70,"column":2},"end":{"line":70,"column":43}},"8":{"start":{"line":72,"column":21},"end":{"line":75,"column":2}},"9":{"start":{"line":73,"column":2},"end":{"line":73,"column":38}},"10":{"start":{"line":74,"column":2},"end":{"line":74,"column":36}},"11":{"start":{"line":77,"column":17},"end":{"line":77,"column":28}},"12":{"start":{"line":78,"column":15},"end":{"line":78,"column":67}},"13":{"start":{"line":79,"column":18},"end":{"line":79,"column":73}},"14":{"start":{"line":79,"column":40},"end":{"line":79,"column":72}},"15":{"start":{"line":80,"column":17},"end":{"line":80,"column":72}},"16":{"start":{"line":80,"column":39},"end":{"line":80,"column":71}},"17":{"start":{"line":82,"column":1},"end":{"line":255,"column":3}},"18":{"start":{"line":90,"column":5},"end":{"line":114,"column":20}},"19":{"start":{"line":105,"column":64},"end":{"line":105,"column":80}},"20":{"start":{"line":164,"column":28},"end":{"line":164,"column":75}},"21":{"start":{"line":168,"column":9},"end":{"line":247,"column":11}},"22":{"start":{"line":188,"column":35},"end":{"line":188,"column":72}},"23":{"start":{"line":208,"column":35},"end":{"line":208,"column":73}},"24":{"start":{"line":218,"column":16},"end":{"line":218,"column":47}}},"fnMap":{"0":{"name":"(anonymous_0)","decl":{"start":{"line":24,"column":18},"end":{"line":24,"column":19}},"loc":{"start":{"line":24,"column":33},"end":{"line":256,"column":1}},"line":24},"1":{"name":"(anonymous_1)","decl":{"start":{"line":26,"column":30},"end":{"line":26,"column":31}},"loc":{"start":{"line":26,"column":40},"end":{"line":65,"column":2}},"line":26},"2":{"name":"(anonymous_2)","decl":{"start":{"line":69,"column":20},"end":{"line":69,"column":21}},"loc":{"start":{"line":69,"column":28},"end":{"line":71,"column":2}},"line":69},"3":{"name":"(anonymous_3)","decl":{"start":{"line":72,"column":21},"end":{"line":72,"column":22}},"loc":{"start":{"line":72,"column":27},"end":{"line":75,"column":2}},"line":72},"4":{"name":"(anonymous_4)","decl":{"start":{"line":79,"column":30},"end":{"line":79,"column":31}},"loc":{"start":{"line":79,"column":40},"end":{"line":79,"column":72}},"line":79},"5":{"name":"(anonymous_5)","decl":{"start":{"line":80,"column":29},"end":{"line":80,"column":30}},"loc":{"start":{"line":80,"column":39},"end":{"line":80,"column":71}},"line":80},"6":{"name":"(anonymous_6)","decl":{"start":{"line":89,"column":15},"end":{"line":89,"column":16}},"loc":{"start":{"line":90,"column":5},"end":{"line":114,"column":20}},"line":90},"7":{"name":"(anonymous_7)","decl":{"start":{"line":105,"column":58},"end":{"line":105,"column":59}},"loc":{"start":{"line":105,"column":64},"end":{"line":105,"column":80}},"line":105},"8":{"name":"(anonymous_8)","decl":{"start":{"line":164,"column":18},"end":{"line":164,"column":19}},"loc":{"start":{"line":164,"column":28},"end":{"line":164,"column":75}},"line":164},"9":{"name":"(anonymous_9)","decl":{"start":{"line":167,"column":9},"end":{"line":167,"column":10}},"loc":{"start":{"line":167,"column":18},"end":{"line":248,"column":9}},"line":167},"10":{"name":"(anonymous_10)","decl":{"start":{"line":188,"column":26},"end":{"line":188,"column":27}},"loc":{"start":{"line":188,"column":35},"end":{"line":188,"column":72}},"line":188},"11":{"name":"(anonymous_11)","decl":{"start":{"line":208,"column":26},"end":{"line":208,"column":27}},"loc":{"start":{"line":208,"column":35},"end":{"line":208,"column":73}},"line":208},"12":{"name":"(anonymous_12)","decl":{"start":{"line":217,"column":29},"end":{"line":217,"column":30}},"loc":{"start":{"line":218,"column":16},"end":{"line":218,"column":47}},"line":218}},"branchMap":{"0":{"loc":{"start":{"line":78,"column":15},"end":{"line":78,"column":67}},"type":"cond-expr","locations":[{"start":{"line":78,"column":37},"end":{"line":78,"column":54}},{"start":{"line":78,"column":57},"end":{"line":78,"column":67}}],"line":78},"1":{"loc":{"start":{"line":87,"column":11},"end":{"line":87,"column":42}},"type":"cond-expr","locations":[{"start":{"line":87,"column":20},"end":{"line":87,"column":37}},{"start":{"line":87,"column":40},"end":{"line":87,"column":42}}],"line":87},"2":{"loc":{"start":{"line":92,"column":8},"end":{"line":96,"column":8}},"type":"cond-expr","locations":[{"start":{"line":93,"column":8},"end":{"line":93,"column":77}},{"start":{"line":95,"column":8},"end":{"line":95,"column":85}}],"line":92},"3":{"loc":{"start":{"line":99,"column":10},"end":{"line":103,"column":10}},"type":"cond-expr","locations":[{"start":{"line":100,"column":10},"end":{"line":100,"column":63}},{"start":{"line":102,"column":10},"end":{"line":102,"column":23}}],"line":99},"4":{"loc":{"start":{"line":106,"column":10},"end":{"line":110,"column":10}},"type":"cond-expr","locations":[{"start":{"line":107,"column":10},"end":{"line":107,"column":63}},{"start":{"line":109,"column":10},"end":{"line":109,"column":20}}],"line":106},"5":{"loc":{"start":{"line":132,"column":7},"end":{"line":136,"column":7}},"type":"cond-expr","locations":[{"start":{"line":133,"column":7},"end":{"line":133,"column":76}},{"start":{"line":135,"column":7},"end":{"line":135,"column":88}}],"line":132},"6":{"loc":{"start":{"line":139,"column":9},"end":{"line":143,"column":9}},"type":"cond-expr","locations":[{"start":{"line":140,"column":9},"end":{"line":140,"column":62}},{"start":{"line":142,"column":9},"end":{"line":142,"column":28}}],"line":139},"7":{"loc":{"start":{"line":153,"column":9},"end":{"line":157,"column":9}},"type":"cond-expr","locations":[{"start":{"line":154,"column":9},"end":{"line":154,"column":62}},{"start":{"line":156,"column":9},"end":{"line":156,"column":42}}],"line":153},"8":{"loc":{"start":{"line":214,"column":13},"end":{"line":232,"column":20}},"type":"cond-expr","locations":[{"start":{"line":215,"column":13},"end":{"line":231,"column":14}},{"start":{"line":232,"column":16},"end":{"line":232,"column":20}}],"line":214},"9":{"loc":{"start":{"line":215,"column":13},"end":{"line":231,"column":14}},"type":"cond-expr","locations":[{"start":{"line":216,"column":14},"end":{"line":220,"column":22}},{"start":{"line":222,"column":14},"end":{"line":230,"column":22}}],"line":215},"10":{"loc":{"start":{"line":224,"column":16},"end":{"line":226,"column":26}},"type":"cond-expr","locations":[{"start":{"line":225,"column":19},"end":{"line":225,"column":28}},{"start":{"line":226,"column":19},"end":{"line":226,"column":26}}],"line":224},"11":{"loc":{"start":{"line":244,"column":13},"end":{"line":244,"column":48}},"type":"cond-expr","locations":[{"start":{"line":244,"column":24},"end":{"line":244,"column":34}},{"start":{"line":244,"column":37},"end":{"line":244,"column":48}}],"line":244}},"s":{"0":3,"1":13,"2":13,"3":13,"4":13,"5":13,"6":13,"7":4,"8":13,"9":0,"10":0,"11":13,"12":13,"13":13,"14":35,"15":13,"16":35,"17":13,"18":21,"19":4,"20":1,"21":6,"22":1,"23":1,"24":12},"f":{"0":13,"1":13,"2":4,"3":0,"4":35,"5":35,"6":21,"7":4,"8":1,"9":6,"10":1,"11":1,"12":12},"b":{"0":[2,11],"1":[0,13],"2":[10,11],"3":[10,11],"4":[10,11],"5":[9,4],"6":[9,4],"7":[9,4],"8":[6,0],"9":[6,0],"10":[0,0],"11":[6,0]},"_coverageSchema":"1a1c01bbd47fc00a2c39e90264f33305004495a9","hash":"0653c89a694458e5353033a5b63c95645ef0dba4"}
,"/Users/victor/Documents/the_spinners-frontend/src/components/accommodation/booking/SpecificAccommodation.js": {"path":"/Users/victor/Documents/the_spinners-frontend/src/components/accommodation/booking/SpecificAccommodation.js","statementMap":{"0":{"start":{"line":12,"column":18},"end":{"line":47,"column":2}},"1":{"start":{"line":48,"column":19},"end":{"line":52,"column":1}},"2":{"start":{"line":49,"column":1},"end":{"line":51,"column":35}},"3":{"start":{"line":54,"column":22},"end":{"line":212,"column":1}},"4":{"start":{"line":55,"column":17},"end":{"line":55,"column":28}},"5":{"start":{"line":56,"column":19},"end":{"line":56,"column":73}},"6":{"start":{"line":56,"column":40},"end":{"line":56,"column":72}},"7":{"start":{"line":57,"column":21},"end":{"line":60,"column":2}},"8":{"start":{"line":58,"column":19},"end":{"line":58,"column":57}},"9":{"start":{"line":58,"column":43},"end":{"line":58,"column":56}},"10":{"start":{"line":59,"column":2},"end":{"line":59,"column":56}},"11":{"start":{"line":62,"column":2},"end":{"line":64,"column":53}},"12":{"start":{"line":65,"column":1},"end":{"line":211,"column":3}},"13":{"start":{"line":91,"column":8},"end":{"line":91,"column":58}},"14":{"start":{"line":98,"column":8},"end":{"line":98,"column":38}},"15":{"start":{"line":167,"column":5},"end":{"line":207,"column":13}}},"fnMap":{"0":{"name":"(anonymous_0)","decl":{"start":{"line":48,"column":19},"end":{"line":48,"column":20}},"loc":{"start":{"line":48,"column":26},"end":{"line":52,"column":1}},"line":48},"1":{"name":"(anonymous_1)","decl":{"start":{"line":54,"column":22},"end":{"line":54,"column":23}},"loc":{"start":{"line":54,"column":53},"end":{"line":212,"column":1}},"line":54},"2":{"name":"(anonymous_2)","decl":{"start":{"line":56,"column":31},"end":{"line":56,"column":32}},"loc":{"start":{"line":56,"column":40},"end":{"line":56,"column":72}},"line":56},"3":{"name":"(anonymous_3)","decl":{"start":{"line":57,"column":21},"end":{"line":57,"column":22}},"loc":{"start":{"line":57,"column":27},"end":{"line":60,"column":2}},"line":57},"4":{"name":"(anonymous_4)","decl":{"start":{"line":58,"column":36},"end":{"line":58,"column":37}},"loc":{"start":{"line":58,"column":43},"end":{"line":58,"column":56}},"line":58},"5":{"name":"(anonymous_5)","decl":{"start":{"line":90,"column":56},"end":{"line":90,"column":57}},"loc":{"start":{"line":91,"column":8},"end":{"line":91,"column":58}},"line":91},"6":{"name":"(anonymous_6)","decl":{"start":{"line":97,"column":60},"end":{"line":97,"column":61}},"loc":{"start":{"line":98,"column":8},"end":{"line":98,"column":38}},"line":98},"7":{"name":"(anonymous_7)","decl":{"start":{"line":166,"column":15},"end":{"line":166,"column":16}},"loc":{"start":{"line":167,"column":5},"end":{"line":207,"column":13}},"line":167}},"branchMap":{"0":{"loc":{"start":{"line":49,"column":8},"end":{"line":51,"column":34}},"type":"cond-expr","locations":[{"start":{"line":50,"column":4},"end":{"line":50,"column":60}},{"start":{"line":51,"column":4},"end":{"line":51,"column":34}}],"line":49},"1":{"loc":{"start":{"line":62,"column":2},"end":{"line":64,"column":53}},"type":"cond-expr","locations":[{"start":{"line":63,"column":5},"end":{"line":63,"column":22}},{"start":{"line":64,"column":5},"end":{"line":64,"column":53}}],"line":62},"2":{"loc":{"start":{"line":69,"column":6},"end":{"line":76,"column":6}},"type":"cond-expr","locations":[{"start":{"line":70,"column":6},"end":{"line":70,"column":76}},{"start":{"line":72,"column":6},"end":{"line":75,"column":8}}],"line":69},"3":{"loc":{"start":{"line":81,"column":8},"end":{"line":85,"column":8}},"type":"cond-expr","locations":[{"start":{"line":82,"column":8},"end":{"line":82,"column":61}},{"start":{"line":84,"column":8},"end":{"line":84,"column":34}}],"line":81},"4":{"loc":{"start":{"line":87,"column":7},"end":{"line":93,"column":7}},"type":"cond-expr","locations":[{"start":{"line":88,"column":7},"end":{"line":88,"column":60}},{"start":{"line":90,"column":7},"end":{"line":92,"column":9}}],"line":87},"5":{"loc":{"start":{"line":94,"column":7},"end":{"line":100,"column":7}},"type":"cond-expr","locations":[{"start":{"line":95,"column":7},"end":{"line":95,"column":60}},{"start":{"line":97,"column":7},"end":{"line":99,"column":9}}],"line":94},"6":{"loc":{"start":{"line":107,"column":8},"end":{"line":111,"column":8}},"type":"cond-expr","locations":[{"start":{"line":108,"column":8},"end":{"line":108,"column":61}},{"start":{"line":110,"column":8},"end":{"line":110,"column":53}}],"line":107},"7":{"loc":{"start":{"line":107,"column":8},"end":{"line":107,"column":69}},"type":"binary-expr","locations":[{"start":{"line":107,"column":8},"end":{"line":107,"column":43}},{"start":{"line":107,"column":47},"end":{"line":107,"column":69}}],"line":107},"8":{"loc":{"start":{"line":119,"column":8},"end":{"line":136,"column":8}},"type":"cond-expr","locations":[{"start":{"line":120,"column":8},"end":{"line":133,"column":11}},{"start":{"line":135,"column":8},"end":{"line":135,"column":41}}],"line":119},"9":{"loc":{"start":{"line":142,"column":5},"end":{"line":151,"column":5}},"type":"cond-expr","locations":[{"start":{"line":143,"column":5},"end":{"line":143,"column":58}},{"start":{"line":145,"column":5},"end":{"line":150,"column":8}}],"line":142},"10":{"loc":{"start":{"line":154,"column":11},"end":{"line":154,"column":88}},"type":"cond-expr","locations":[{"start":{"line":154,"column":49},"end":{"line":154,"column":58}},{"start":{"line":154,"column":61},"end":{"line":154,"column":88}}],"line":154},"11":{"loc":{"start":{"line":157,"column":5},"end":{"line":163,"column":5}},"type":"cond-expr","locations":[{"start":{"line":158,"column":5},"end":{"line":158,"column":58}},{"start":{"line":160,"column":5},"end":{"line":162,"column":7}}],"line":157},"12":{"loc":{"start":{"line":161,"column":6},"end":{"line":161,"column":71}},"type":"cond-expr","locations":[{"start":{"line":161,"column":63},"end":{"line":161,"column":66}},{"start":{"line":161,"column":69},"end":{"line":161,"column":71}}],"line":161},"13":{"loc":{"start":{"line":170,"column":9},"end":{"line":178,"column":9}},"type":"cond-expr","locations":[{"start":{"line":171,"column":9},"end":{"line":171,"column":78}},{"start":{"line":173,"column":9},"end":{"line":177,"column":11}}],"line":170},"14":{"loc":{"start":{"line":182,"column":10},"end":{"line":186,"column":10}},"type":"cond-expr","locations":[{"start":{"line":183,"column":10},"end":{"line":183,"column":63}},{"start":{"line":185,"column":10},"end":{"line":185,"column":62}}],"line":182},"15":{"loc":{"start":{"line":194,"column":10},"end":{"line":203,"column":10}},"type":"cond-expr","locations":[{"start":{"line":195,"column":10},"end":{"line":200,"column":13}},{"start":{"line":202,"column":10},"end":{"line":202,"column":25}}],"line":194}},"s":{"0":3,"1":3,"2":14,"3":3,"4":9,"5":9,"6":31,"7":9,"8":7,"9":7,"10":7,"11":9,"12":9,"13":21,"14":14,"15":17},"f":{"0":14,"1":9,"2":31,"3":7,"4":7,"5":21,"6":14,"7":17},"b":{"0":[7,7],"1":[2,7],"2":[2,7],"3":[2,7],"4":[2,7],"5":[2,7],"6":[2,7],"7":[9,7],"8":[2,7],"9":[2,7],"10":[2,7],"11":[2,7],"12":[0,7],"13":[10,7],"14":[10,7],"15":[10,7]},"_coverageSchema":"1a1c01bbd47fc00a2c39e90264f33305004495a9","hash":"bbee07804641cbde289ccb316f13697ba5f75046"}
,"/Users/victor/Documents/the_spinners-frontend/src/components/accommodation/booking/index.js": {"path":"/Users/victor/Documents/the_spinners-frontend/src/components/accommodation/booking/index.js","statementMap":{"0":{"start":{"line":9,"column":32},"end":{"line":11,"column":1}},"1":{"start":{"line":10,"column":1},"end":{"line":10,"column":21}},"2":{"start":{"line":12,"column":26},"end":{"line":55,"column":1}},"3":{"start":{"line":13,"column":28},"end":{"line":13,"column":33}},"4":{"start":{"line":14,"column":17},"end":{"line":14,"column":29}},"5":{"start":{"line":15,"column":14},"end":{"line":17,"column":2}},"6":{"start":{"line":18,"column":1},"end":{"line":20,"column":2}},"7":{"start":{"line":19,"column":2},"end":{"line":19,"column":47}},"8":{"start":{"line":21,"column":19},"end":{"line":29,"column":3}},"9":{"start":{"line":30,"column":17},"end":{"line":30,"column":28}},"10":{"start":{"line":32,"column":1},"end":{"line":54,"column":3}},"11":{"start":{"line":36,"column":32},"end":{"line":36,"column":64}},"12":{"start":{"line":46,"column":5},"end":{"line":46,"column":80}}},"fnMap":{"0":{"name":"(anonymous_0)","decl":{"start":{"line":9,"column":32},"end":{"line":9,"column":33}},"loc":{"start":{"line":9,"column":52},"end":{"line":11,"column":1}},"line":9},"1":{"name":"(anonymous_1)","decl":{"start":{"line":12,"column":26},"end":{"line":12,"column":27}},"loc":{"start":{"line":12,"column":35},"end":{"line":55,"column":1}},"line":12},"2":{"name":"(anonymous_2)","decl":{"start":{"line":36,"column":14},"end":{"line":36,"column":15}},"loc":{"start":{"line":36,"column":32},"end":{"line":36,"column":64}},"line":36},"3":{"name":"(anonymous_3)","decl":{"start":{"line":45,"column":14},"end":{"line":45,"column":15}},"loc":{"start":{"line":46,"column":5},"end":{"line":46,"column":80}},"line":46}},"branchMap":{"0":{"loc":{"start":{"line":18,"column":1},"end":{"line":20,"column":2}},"type":"if","locations":[{"start":{"line":18,"column":1},"end":{"line":20,"column":2}},{"start":{"line":18,"column":1},"end":{"line":20,"column":2}}],"line":18},"1":{"loc":{"start":{"line":51,"column":5},"end":{"line":51,"column":50}},"type":"binary-expr","locations":[{"start":{"line":51,"column":5},"end":{"line":51,"column":18}},{"start":{"line":51,"column":22},"end":{"line":51,"column":50}}],"line":51}},"s":{"0":3,"1":1,"2":3,"3":1,"4":1,"5":1,"6":1,"7":0,"8":1,"9":1,"10":1,"11":1,"12":1},"f":{"0":1,"1":1,"2":1,"3":1},"b":{"0":[0,1],"1":[1,1]},"_coverageSchema":"1a1c01bbd47fc00a2c39e90264f33305004495a9","hash":"d0cc5cb6349d971599fd16fb413775bb37a400b7"}
,"/Users/victor/Documents/the_spinners-frontend/src/components/accommodation/create/Accommodation.js": {"path":"/Users/victor/Documents/the_spinners-frontend/src/components/accommodation/create/Accommodation.js","statementMap":{"0":{"start":{"line":13,"column":18},"end":{"line":41,"column":3}},"1":{"start":{"line":13,"column":39},"end":{"line":41,"column":1}},"2":{"start":{"line":43,"column":31},"end":{"line":184,"column":1}},"3":{"start":{"line":44,"column":17},"end":{"line":44,"column":28}},"4":{"start":{"line":45,"column":37},"end":{"line":45,"column":54}},"5":{"start":{"line":46,"column":31},"end":{"line":46,"column":52}},"6":{"start":{"line":47,"column":37},"end":{"line":81,"column":3}},"7":{"start":{"line":83,"column":18},"end":{"line":85,"column":2}},"8":{"start":{"line":84,"column":2},"end":{"line":84,"column":69}},"9":{"start":{"line":87,"column":18},"end":{"line":87,"column":31}},"10":{"start":{"line":89,"column":20},"end":{"line":96,"column":2}},"11":{"start":{"line":90,"column":2},"end":{"line":90,"column":49}},"12":{"start":{"line":91,"column":2},"end":{"line":94,"column":3}},"13":{"start":{"line":92,"column":3},"end":{"line":92,"column":20}},"14":{"start":{"line":93,"column":3},"end":{"line":93,"column":12}},"15":{"start":{"line":95,"column":2},"end":{"line":95,"column":54}},"16":{"start":{"line":95,"column":34},"end":{"line":95,"column":52}},"17":{"start":{"line":98,"column":20},"end":{"line":101,"column":2}},"18":{"start":{"line":99,"column":2},"end":{"line":99,"column":49}},"19":{"start":{"line":100,"column":2},"end":{"line":100,"column":54}},"20":{"start":{"line":100,"column":34},"end":{"line":100,"column":52}},"21":{"start":{"line":103,"column":15},"end":{"line":103,"column":25}},"22":{"start":{"line":105,"column":24},"end":{"line":155,"column":2}},"23":{"start":{"line":106,"column":21},"end":{"line":106,"column":52}},"24":{"start":{"line":107,"column":2},"end":{"line":154,"column":3}},"25":{"start":{"line":109,"column":4},"end":{"line":118,"column":6}},"26":{"start":{"line":120,"column":4},"end":{"line":129,"column":6}},"27":{"start":{"line":131,"column":4},"end":{"line":140,"column":6}},"28":{"start":{"line":142,"column":4},"end":{"line":151,"column":6}},"29":{"start":{"line":153,"column":4},"end":{"line":153,"column":26}},"30":{"start":{"line":157,"column":1},"end":{"line":160,"column":2}},"31":{"start":{"line":158,"column":2},"end":{"line":158,"column":44}},"32":{"start":{"line":159,"column":2},"end":{"line":159,"column":20}},"33":{"start":{"line":162,"column":1},"end":{"line":183,"column":3}},"34":{"start":{"line":169,"column":24},"end":{"line":169,"column":26}},"35":{"start":{"line":170,"column":25},"end":{"line":170,"column":27}},"36":{"start":{"line":171,"column":6},"end":{"line":175,"column":8}}},"fnMap":{"0":{"name":"(anonymous_0)","decl":{"start":{"line":13,"column":29},"end":{"line":13,"column":30}},"loc":{"start":{"line":13,"column":39},"end":{"line":41,"column":1}},"line":13},"1":{"name":"(anonymous_1)","decl":{"start":{"line":43,"column":31},"end":{"line":43,"column":32}},"loc":{"start":{"line":43,"column":37},"end":{"line":184,"column":1}},"line":43},"2":{"name":"(anonymous_2)","decl":{"start":{"line":83,"column":18},"end":{"line":83,"column":19}},"loc":{"start":{"line":83,"column":24},"end":{"line":85,"column":2}},"line":83},"3":{"name":"(anonymous_3)","decl":{"start":{"line":89,"column":20},"end":{"line":89,"column":21}},"loc":{"start":{"line":89,"column":43},"end":{"line":96,"column":2}},"line":89},"4":{"name":"(anonymous_4)","decl":{"start":{"line":95,"column":16},"end":{"line":95,"column":17}},"loc":{"start":{"line":95,"column":34},"end":{"line":95,"column":52}},"line":95},"5":{"name":"(anonymous_5)","decl":{"start":{"line":98,"column":20},"end":{"line":98,"column":21}},"loc":{"start":{"line":98,"column":33},"end":{"line":101,"column":2}},"line":98},"6":{"name":"(anonymous_6)","decl":{"start":{"line":100,"column":16},"end":{"line":100,"column":17}},"loc":{"start":{"line":100,"column":34},"end":{"line":100,"column":52}},"line":100},"7":{"name":"(anonymous_7)","decl":{"start":{"line":105,"column":24},"end":{"line":105,"column":25}},"loc":{"start":{"line":105,"column":32},"end":{"line":155,"column":2}},"line":105},"8":{"name":"(anonymous_8)","decl":{"start":{"line":168,"column":16},"end":{"line":168,"column":17}},"loc":{"start":{"line":168,"column":25},"end":{"line":176,"column":6}},"line":168}},"branchMap":{"0":{"loc":{"start":{"line":91,"column":2},"end":{"line":94,"column":3}},"type":"if","locations":[{"start":{"line":91,"column":2},"end":{"line":94,"column":3}},{"start":{"line":91,"column":2},"end":{"line":94,"column":3}}],"line":91},"1":{"loc":{"start":{"line":107,"column":2},"end":{"line":154,"column":3}},"type":"switch","locations":[{"start":{"line":108,"column":3},"end":{"line":118,"column":6}},{"start":{"line":119,"column":3},"end":{"line":129,"column":6}},{"start":{"line":130,"column":3},"end":{"line":140,"column":6}},{"start":{"line":141,"column":3},"end":{"line":151,"column":6}},{"start":{"line":152,"column":3},"end":{"line":153,"column":26}}],"line":107},"2":{"loc":{"start":{"line":157,"column":1},"end":{"line":160,"column":2}},"type":"if","locations":[{"start":{"line":157,"column":1},"end":{"line":160,"column":2}},{"start":{"line":157,"column":1},"end":{"line":160,"column":2}}],"line":157}},"s":{"0":4,"1":2,"2":4,"3":9,"4":9,"5":9,"6":9,"7":9,"8":9,"9":9,"10":9,"11":2,"12":2,"13":1,"14":1,"15":1,"16":1,"17":9,"18":1,"19":1,"20":1,"21":9,"22":9,"23":9,"24":9,"25":7,"26":1,"27":0,"28":0,"29":1,"30":9,"31":1,"32":1,"33":9,"34":36,"35":36,"36":36},"f":{"0":2,"1":9,"2":9,"3":2,"4":1,"5":1,"6":1,"7":9,"8":36},"b":{"0":[1,1],"1":[7,1,0,0,1],"2":[1,8]},"_coverageSchema":"1a1c01bbd47fc00a2c39e90264f33305004495a9","hash":"d15ac9901d02f2a2fbe304dfb34f225d1dec58eb"}
,"/Users/victor/Documents/the_spinners-frontend/src/components/accommodation/create/AccommodationForm.js": {"path":"/Users/victor/Documents/the_spinners-frontend/src/components/accommodation/create/AccommodationForm.js","statementMap":{"0":{"start":{"line":29,"column":29},"end":{"line":30,"column":95}},"1":{"start":{"line":30,"column":1},"end":{"line":30,"column":95}},"2":{"start":{"line":30,"column":45},"end":{"line":30,"column":94}},"3":{"start":{"line":32,"column":18},"end":{"line":65,"column":3}},"4":{"start":{"line":32,"column":39},"end":{"line":65,"column":1}},"5":{"start":{"line":67,"column":26},"end":{"line":367,"column":2}},"6":{"start":{"line":68,"column":72},"end":{"line":68,"column":80}},"7":{"start":{"line":69,"column":17},"end":{"line":69,"column":28}},"8":{"start":{"line":70,"column":15},"end":{"line":70,"column":25}},"9":{"start":{"line":71,"column":20},"end":{"line":71,"column":63}},"10":{"start":{"line":72,"column":29},"end":{"line":97,"column":3}},"11":{"start":{"line":98,"column":18},"end":{"line":98,"column":31}},"12":{"start":{"line":99,"column":1},"end":{"line":101,"column":8}},"13":{"start":{"line":100,"column":2},"end":{"line":100,"column":27}},"14":{"start":{"line":103,"column":15},"end":{"line":103,"column":65}},"15":{"start":{"line":103,"column":37},"end":{"line":103,"column":64}},"16":{"start":{"line":104,"column":19},"end":{"line":104,"column":34}},"17":{"start":{"line":106,"column":25},"end":{"line":106,"column":40}},"18":{"start":{"line":107,"column":35},"end":{"line":107,"column":56}},"19":{"start":{"line":109,"column":22},"end":{"line":123,"column":2}},"20":{"start":{"line":110,"column":2},"end":{"line":110,"column":21}},"21":{"start":{"line":111,"column":19},"end":{"line":121,"column":4}},"22":{"start":{"line":112,"column":16},"end":{"line":112,"column":30}},"23":{"start":{"line":113,"column":3},"end":{"line":113,"column":29}},"24":{"start":{"line":114,"column":3},"end":{"line":114,"column":57}},"25":{"start":{"line":115,"column":15},"end":{"line":118,"column":5}},"26":{"start":{"line":119,"column":25},"end":{"line":119,"column":49}},"27":{"start":{"line":120,"column":3},"end":{"line":120,"column":79}},"28":{"start":{"line":122,"column":2},"end":{"line":122,"column":31}},"29":{"start":{"line":125,"column":20},"end":{"line":127,"column":2}},"30":{"start":{"line":126,"column":2},"end":{"line":126,"column":16}},"31":{"start":{"line":128,"column":21},"end":{"line":130,"column":2}},"32":{"start":{"line":129,"column":2},"end":{"line":129,"column":17}},"33":{"start":{"line":132,"column":28},"end":{"line":138,"column":2}},"34":{"start":{"line":139,"column":1},"end":{"line":366,"column":3}},"35":{"start":{"line":155,"column":6},"end":{"line":155,"column":60}},"36":{"start":{"line":159,"column":6},"end":{"line":349,"column":13}},"37":{"start":{"line":198,"column":12},"end":{"line":200,"column":21}},"38":{"start":{"line":216,"column":39},"end":{"line":216,"column":82}},"39":{"start":{"line":217,"column":37},"end":{"line":217,"column":51}},"40":{"start":{"line":219,"column":12},"end":{"line":222,"column":18}},"41":{"start":{"line":225,"column":12},"end":{"line":235,"column":14}},"42":{"start":{"line":293,"column":35},"end":{"line":293,"column":60}},"43":{"start":{"line":294,"column":12},"end":{"line":294,"column":73}},"44":{"start":{"line":295,"column":12},"end":{"line":295,"column":32}},"45":{"start":{"line":296,"column":12},"end":{"line":296,"column":27}},"46":{"start":{"line":308,"column":12},"end":{"line":308,"column":52}},"47":{"start":{"line":320,"column":25},"end":{"line":320,"column":49}}},"fnMap":{"0":{"name":"(anonymous_0)","decl":{"start":{"line":29,"column":29},"end":{"line":29,"column":30}},"loc":{"start":{"line":30,"column":1},"end":{"line":30,"column":95}},"line":30},"1":{"name":"(anonymous_1)","decl":{"start":{"line":30,"column":37},"end":{"line":30,"column":38}},"loc":{"start":{"line":30,"column":45},"end":{"line":30,"column":94}},"line":30},"2":{"name":"(anonymous_2)","decl":{"start":{"line":32,"column":29},"end":{"line":32,"column":30}},"loc":{"start":{"line":32,"column":39},"end":{"line":65,"column":1}},"line":32},"3":{"name":"(anonymous_3)","decl":{"start":{"line":67,"column":37},"end":{"line":67,"column":38}},"loc":{"start":{"line":67,"column":49},"end":{"line":367,"column":1}},"line":67},"4":{"name":"(anonymous_4)","decl":{"start":{"line":99,"column":17},"end":{"line":99,"column":18}},"loc":{"start":{"line":99,"column":23},"end":{"line":101,"column":2}},"line":99},"5":{"name":"(anonymous_5)","decl":{"start":{"line":103,"column":27},"end":{"line":103,"column":28}},"loc":{"start":{"line":103,"column":37},"end":{"line":103,"column":64}},"line":103},"6":{"name":"(anonymous_6)","decl":{"start":{"line":109,"column":22},"end":{"line":109,"column":23}},"loc":{"start":{"line":109,"column":37},"end":{"line":123,"column":2}},"line":109},"7":{"name":"(anonymous_7)","decl":{"start":{"line":111,"column":35},"end":{"line":111,"column":36}},"loc":{"start":{"line":111,"column":49},"end":{"line":121,"column":3}},"line":111},"8":{"name":"(anonymous_8)","decl":{"start":{"line":125,"column":20},"end":{"line":125,"column":21}},"loc":{"start":{"line":125,"column":26},"end":{"line":127,"column":2}},"line":125},"9":{"name":"(anonymous_9)","decl":{"start":{"line":128,"column":21},"end":{"line":128,"column":22}},"loc":{"start":{"line":128,"column":27},"end":{"line":130,"column":2}},"line":128},"10":{"name":"(anonymous_10)","decl":{"start":{"line":154,"column":15},"end":{"line":154,"column":16}},"loc":{"start":{"line":154,"column":25},"end":{"line":156,"column":6}},"line":154},"11":{"name":"(anonymous_11)","decl":{"start":{"line":158,"column":6},"end":{"line":158,"column":7}},"loc":{"start":{"line":159,"column":6},"end":{"line":349,"column":13}},"line":159},"12":{"name":"(anonymous_12)","decl":{"start":{"line":197,"column":35},"end":{"line":197,"column":36}},"loc":{"start":{"line":198,"column":12},"end":{"line":200,"column":21}},"line":198},"13":{"name":"(anonymous_13)","decl":{"start":{"line":216,"column":21},"end":{"line":216,"column":22}},"loc":{"start":{"line":216,"column":39},"end":{"line":216,"column":82}},"line":216},"14":{"name":"(anonymous_14)","decl":{"start":{"line":217,"column":27},"end":{"line":217,"column":28}},"loc":{"start":{"line":217,"column":37},"end":{"line":217,"column":51}},"line":217},"15":{"name":"(anonymous_15)","decl":{"start":{"line":218,"column":25},"end":{"line":218,"column":26}},"loc":{"start":{"line":219,"column":12},"end":{"line":222,"column":18}},"line":219},"16":{"name":"(anonymous_16)","decl":{"start":{"line":224,"column":24},"end":{"line":224,"column":25}},"loc":{"start":{"line":225,"column":12},"end":{"line":235,"column":14}},"line":225},"17":{"name":"(anonymous_17)","decl":{"start":{"line":292,"column":19},"end":{"line":292,"column":20}},"loc":{"start":{"line":292,"column":34},"end":{"line":297,"column":12}},"line":292},"18":{"name":"(anonymous_18)","decl":{"start":{"line":307,"column":21},"end":{"line":307,"column":22}},"loc":{"start":{"line":307,"column":42},"end":{"line":309,"column":12}},"line":307},"19":{"name":"(anonymous_19)","decl":{"start":{"line":320,"column":19},"end":{"line":320,"column":20}},"loc":{"start":{"line":320,"column":25},"end":{"line":320,"column":49}},"line":320}},"branchMap":{"0":{"loc":{"start":{"line":155,"column":25},"end":{"line":155,"column":58}},"type":"cond-expr","locations":[{"start":{"line":155,"column":38},"end":{"line":155,"column":45}},{"start":{"line":155,"column":48},"end":{"line":155,"column":58}}],"line":155},"1":{"loc":{"start":{"line":173,"column":12},"end":{"line":174,"column":70}},"type":"binary-expr","locations":[{"start":{"line":173,"column":12},"end":{"line":173,"column":36}},{"start":{"line":174,"column":12},"end":{"line":174,"column":70}}],"line":173},"2":{"loc":{"start":{"line":176,"column":23},"end":{"line":176,"column":68}},"type":"binary-expr","locations":[{"start":{"line":176,"column":23},"end":{"line":176,"column":47}},{"start":{"line":176,"column":51},"end":{"line":176,"column":68}}],"line":176},"3":{"loc":{"start":{"line":192,"column":12},"end":{"line":193,"column":72}},"type":"binary-expr","locations":[{"start":{"line":192,"column":12},"end":{"line":192,"column":38}},{"start":{"line":193,"column":12},"end":{"line":193,"column":72}}],"line":192},"4":{"loc":{"start":{"line":195,"column":23},"end":{"line":195,"column":72}},"type":"binary-expr","locations":[{"start":{"line":195,"column":23},"end":{"line":195,"column":49}},{"start":{"line":195,"column":53},"end":{"line":195,"column":72}}],"line":195},"5":{"loc":{"start":{"line":252,"column":12},"end":{"line":253,"column":77}},"type":"binary-expr","locations":[{"start":{"line":252,"column":12},"end":{"line":252,"column":43}},{"start":{"line":253,"column":12},"end":{"line":253,"column":77}}],"line":252},"6":{"loc":{"start":{"line":255,"column":23},"end":{"line":255,"column":82}},"type":"binary-expr","locations":[{"start":{"line":255,"column":23},"end":{"line":255,"column":54}},{"start":{"line":255,"column":58},"end":{"line":255,"column":82}}],"line":255},"7":{"loc":{"start":{"line":269,"column":12},"end":{"line":275,"column":12}},"type":"binary-expr","locations":[{"start":{"line":269,"column":12},"end":{"line":269,"column":65}},{"start":{"line":270,"column":12},"end":{"line":274,"column":25}}],"line":269},"8":{"loc":{"start":{"line":336,"column":11},"end":{"line":342,"column":49}},"type":"binary-expr","locations":[{"start":{"line":336,"column":11},"end":{"line":336,"column":29}},{"start":{"line":337,"column":11},"end":{"line":337,"column":31}},{"start":{"line":338,"column":11},"end":{"line":338,"column":35}},{"start":{"line":339,"column":11},"end":{"line":339,"column":36}},{"start":{"line":340,"column":11},"end":{"line":340,"column":31}},{"start":{"line":341,"column":11},"end":{"line":341,"column":64}},{"start":{"line":342,"column":11},"end":{"line":342,"column":49}}],"line":336},"9":{"loc":{"start":{"line":345,"column":11},"end":{"line":345,"column":52}},"type":"cond-expr","locations":[{"start":{"line":345,"column":24},"end":{"line":345,"column":43}},{"start":{"line":345,"column":46},"end":{"line":345,"column":52}}],"line":345}},"s":{"0":5,"1":1,"2":2,"3":5,"4":4,"5":5,"6":10,"7":10,"8":10,"9":10,"10":10,"11":10,"12":10,"13":4,"14":10,"15":21,"16":10,"17":10,"18":10,"19":10,"20":1,"21":1,"22":1,"23":1,"24":1,"25":1,"26":0,"27":0,"28":1,"29":10,"30":1,"31":10,"32":0,"33":10,"34":10,"35":1,"36":12,"37":60,"38":1,"39":1,"40":1,"41":14,"42":1,"43":0,"44":0,"45":0,"46":1,"47":0},"f":{"0":1,"1":2,"2":4,"3":10,"4":4,"5":21,"6":1,"7":1,"8":1,"9":0,"10":1,"11":12,"12":60,"13":1,"14":1,"15":1,"16":14,"17":1,"18":1,"19":0},"b":{"0":[0,1],"1":[12,4],"2":[12,4],"3":[12,12],"4":[12,12],"5":[12,4],"6":[12,4],"7":[12,4],"8":[12,4,4,4,0,0,0],"9":[0,12]},"_coverageSchema":"1a1c01bbd47fc00a2c39e90264f33305004495a9","hash":"da7f8c9ce84ef93b8bb7209c76a4d01b43001e02"}
,"/Users/victor/Documents/the_spinners-frontend/src/components/accommodation/create/AddOnServiceForm.js": {"path":"/Users/victor/Documents/the_spinners-frontend/src/components/accommodation/create/AddOnServiceForm.js","statementMap":{"0":{"start":{"line":22,"column":18},"end":{"line":42,"column":3}},"1":{"start":{"line":22,"column":39},"end":{"line":42,"column":1}},"2":{"start":{"line":43,"column":20},"end":{"line":58,"column":2}},"3":{"start":{"line":60,"column":25},"end":{"line":239,"column":2}},"4":{"start":{"line":61,"column":72},"end":{"line":61,"column":80}},"5":{"start":{"line":62,"column":17},"end":{"line":62,"column":28}},"6":{"start":{"line":64,"column":1},"end":{"line":238,"column":3}},"7":{"start":{"line":73,"column":5},"end":{"line":73,"column":59}},"8":{"start":{"line":78,"column":5},"end":{"line":234,"column":7}},"9":{"start":{"line":84,"column":10},"end":{"line":201,"column":16}},"10":{"start":{"line":86,"column":32},"end":{"line":86,"column":69}},"11":{"start":{"line":87,"column":37},"end":{"line":87,"column":69}},"12":{"start":{"line":89,"column":32},"end":{"line":89,"column":69}},"13":{"start":{"line":90,"column":37},"end":{"line":90,"column":69}},"14":{"start":{"line":92,"column":26},"end":{"line":92,"column":57}},"15":{"start":{"line":93,"column":31},"end":{"line":93,"column":57}},"16":{"start":{"line":95,"column":12},"end":{"line":175,"column":14}},"17":{"start":{"line":165,"column":33},"end":{"line":165,"column":59}},"18":{"start":{"line":190,"column":15},"end":{"line":194,"column":17}},"19":{"start":{"line":210,"column":25},"end":{"line":210,"column":49}}},"fnMap":{"0":{"name":"(anonymous_0)","decl":{"start":{"line":22,"column":29},"end":{"line":22,"column":30}},"loc":{"start":{"line":22,"column":39},"end":{"line":42,"column":1}},"line":22},"1":{"name":"(anonymous_1)","decl":{"start":{"line":60,"column":36},"end":{"line":60,"column":37}},"loc":{"start":{"line":60,"column":48},"end":{"line":239,"column":1}},"line":60},"2":{"name":"(anonymous_2)","decl":{"start":{"line":72,"column":14},"end":{"line":72,"column":15}},"loc":{"start":{"line":72,"column":24},"end":{"line":74,"column":5}},"line":72},"3":{"name":"(anonymous_3)","decl":{"start":{"line":77,"column":5},"end":{"line":77,"column":6}},"loc":{"start":{"line":77,"column":14},"end":{"line":235,"column":5}},"line":77},"4":{"name":"(anonymous_4)","decl":{"start":{"line":83,"column":17},"end":{"line":83,"column":18}},"loc":{"start":{"line":84,"column":10},"end":{"line":201,"column":16}},"line":84},"5":{"name":"(anonymous_5)","decl":{"start":{"line":85,"column":43},"end":{"line":85,"column":44}},"loc":{"start":{"line":85,"column":68},"end":{"line":176,"column":12}},"line":85},"6":{"name":"(anonymous_6)","decl":{"start":{"line":165,"column":27},"end":{"line":165,"column":28}},"loc":{"start":{"line":165,"column":33},"end":{"line":165,"column":59}},"line":165},"7":{"name":"(anonymous_7)","decl":{"start":{"line":189,"column":23},"end":{"line":189,"column":24}},"loc":{"start":{"line":190,"column":15},"end":{"line":194,"column":17}},"line":190},"8":{"name":"(anonymous_8)","decl":{"start":{"line":210,"column":19},"end":{"line":210,"column":20}},"loc":{"start":{"line":210,"column":25},"end":{"line":210,"column":49}},"line":210}},"branchMap":{"0":{"loc":{"start":{"line":73,"column":24},"end":{"line":73,"column":57}},"type":"cond-expr","locations":[{"start":{"line":73,"column":37},"end":{"line":73,"column":44}},{"start":{"line":73,"column":47},"end":{"line":73,"column":57}}],"line":73},"1":{"loc":{"start":{"line":109,"column":18},"end":{"line":111,"column":23}},"type":"cond-expr","locations":[{"start":{"line":110,"column":21},"end":{"line":110,"column":37}},{"start":{"line":111,"column":21},"end":{"line":111,"column":23}}],"line":109},"2":{"loc":{"start":{"line":109,"column":18},"end":{"line":109,"column":69}},"type":"binary-expr","locations":[{"start":{"line":109,"column":18},"end":{"line":109,"column":49}},{"start":{"line":109,"column":53},"end":{"line":109,"column":69}}],"line":109},"3":{"loc":{"start":{"line":114,"column":18},"end":{"line":114
[...]
:12},"end":{"line":209,"column":13}},"41":{"start":{"line":211,"column":12},"end":{"line":235,"column":13}}},"fnMap":{"0":{"name":"ApprovalsTable","decl":{"start":{"line":21,"column":24},"end":{"line":21,"column":38}},"loc":{"start":{"line":21,"column":52},"end":{"line":280,"column":1}},"line":21},"1":{"name":"(anonymous_1)","decl":{"start":{"line":22,"column":31},"end":{"line":22,"column":32}},"loc":{"start":{"line":22,"column":41},"end":{"line":82,"column":3}},"line":22},"2":{"name":"(anonymous_2)","decl":{"start":{"line":86,"column":12},"end":{"line":86,"column":13}},"loc":{"start":{"line":86,"column":18},"end":{"line":88,"column":3}},"line":86},"3":{"name":"(anonymous_3)","decl":{"start":{"line":89,"column":35},"end":{"line":89,"column":36}},"loc":{"start":{"line":89,"column":44},"end":{"line":89,"column":72}},"line":89},"4":{"name":"(anonymous_4)","decl":{"start":{"line":99,"column":19},"end":{"line":99,"column":20}},"loc":{"start":{"line":99,"column":33},"end":{"line":101,"column":3}},"line":99},"5":{"name":"(anonymous_5)","decl":{"start":{"line":103,"column":36},"end":{"line":103,"column":37}},"loc":{"start":{"line":103,"column":45},"end":{"line":103,"column":64}},"line":103},"6":{"name":"(anonymous_6)","decl":{"start":{"line":118,"column":25},"end":{"line":118,"column":26}},"loc":{"start":{"line":118,"column":45},"end":{"line":120,"column":3}},"line":118},"7":{"name":"(anonymous_7)","decl":{"start":{"line":122,"column":22},"end":{"line":122,"column":23}},"loc":{"start":{"line":122,"column":27},"end":{"line":127,"column":2}},"line":122},"8":{"name":"(anonymous_8)","decl":{"start":{"line":129,"column":21},"end":{"line":129,"column":22}},"loc":{"start":{"line":129,"column":27},"end":{"line":131,"column":2}},"line":129},"9":{"name":"(anonymous_9)","decl":{"start":{"line":175,"column":57},"end":{"line":175,"column":58}},"loc":{"start":{"line":175,"column":68},"end":{"line":210,"column":11}},"line":175},"10":{"name":"(anonymous_10)","decl":{"start":{"line":210,"column":40},"end":{"line":210,"column":41}},"loc":{"start":{"line":210,"column":50},"end":{"line":236,"column":11}},"line":210}},"branchMap":{"0":{"loc":{"start":{"line":146,"column":8},"end":{"line":148,"column":9}},"type":"binary-expr","locations":[{"start":{"line":146,"column":8},"end":{"line":146,"column":27}},{"start":{"line":147,"column":10},"end":{"line":147,"column":63}}],"line":146},"1":{"loc":{"start":{"line":162,"column":8},"end":{"line":162,"column":48}},"type":"cond-expr","locations":[{"start":{"line":162,"column":32},"end":{"line":162,"column":43}},{"start":{"line":162,"column":46},"end":{"line":162,"column":48}}],"line":162},"2":{"loc":{"start":{"line":175,"column":10},"end":{"line":236,"column":13}},"type":"cond-expr","locations":[{"start":{"line":175,"column":37},"end":{"line":210,"column":12}},{"start":{"line":210,"column":17},"end":{"line":236,"column":12}}],"line":175},"3":{"loc":{"start":{"line":240,"column":8},"end":{"line":276,"column":9}},"type":"cond-expr","locations":[{"start":{"line":241,"column":10},"end":{"line":257,"column":17}},{"start":{"line":259,"column":10},"end":{"line":275,"column":17}}],"line":240}},"s":{"0":3,"1":8,"2":8,"3":8,"4":8,"5":8,"6":2,"7":8,"8":13,"9":8,"10":8,"11":8,"12":8,"13":8,"14":8,"15":8,"16":1,"17":8,"18":13,"19":8,"20":8,"21":8,"22":8,"23":8,"24":8,"25":8,"26":8,"27":8,"28":8,"29":8,"30":1,"31":8,"32":1,"33":1,"34":1,"35":1,"36":8,"37":1,"38":8,"39":1,"40":1,"41":1},"f":{"0":8,"1":8,"2":2,"3":13,"4":1,"5":13,"6":1,"7":1,"8":1,"9":1,"10":1},"b":{"0":[8,6],"1":[6,2],"2":[2,6],"3":[2,6]},"_coverageSchema":"1a1c01bbd47fc00a2c39e90264f33305004495a9","hash":"0c2144abcea3b96757b73836de5b49a45410748a"}
,"/Users/victor/Documents/the_spinners-frontend/src/views/editTripView.js": {"path":"/Users/victor/Documents/the_spinners-frontend/src/views/editTripView.js","statementMap":{"0":{"start":{"line":9,"column":18},"end":{"line":13,"column":3}},"1":{"start":{"line":9,"column":39},"end":{"line":13,"column":1}},"2":{"start":{"line":15,"column":18},"end":{"line":15,"column":29}},"3":{"start":{"line":16,"column":2},"end":{"line":32,"column":4}}},"fnMap":{"0":{"name":"(anonymous_0)","decl":{"start":{"line":9,"column":29},"end":{"line":9,"column":30}},"loc":{"start":{"line":9,"column":39},"end":{"line":13,"column":1}},"line":9},"1":{"name":"EditTripView","decl":{"start":{"line":14,"column":24},"end":{"line":14,"column":36}},"loc":{"start":{"line":14,"column":39},"end":{"line":33,"column":1}},"line":14}},"branchMap":{},"s":{"0":3,"1":1,"2":1,"3":1},"f":{"0":1,"1":1},"b":{},"_coverageSchema":"1a1c01bbd47fc00a2c39e90264f33305004495a9","hash":"6dada41cd3494285f50c1cd1b6e52763b5a14b60"}
,"/Users/victor/Documents/the_spinners-frontend/src/views/requestApprovalDetailsView.js": {"path":"/Users/victor/Documents/the_spinners-frontend/src/views/requestApprovalDetailsView.js","statementMap":{"0":{"start":{"line":9,"column":18},"end":{"line":13,"column":3}},"1":{"start":{"line":9,"column":39},"end":{"line":13,"column":1}},"2":{"start":{"line":15,"column":20},"end":{"line":15,"column":31}},"3":{"start":{"line":16,"column":4},"end":{"line":32,"column":6}}},"fnMap":{"0":{"name":"(anonymous_0)","decl":{"start":{"line":9,"column":29},"end":{"line":9,"column":30}},"loc":{"start":{"line":9,"column":39},"end":{"line":13,"column":1}},"line":9},"1":{"name":"RequestDetailsView","decl":{"start":{"line":14,"column":24},"end":{"line":14,"column":42}},"loc":{"start":{"line":14,"column":45},"end":{"line":33,"column":1}},"line":14}},"branchMap":{},"s":{"0":3,"1":1,"2":1,"3":1},"f":{"0":1,"1":1},"b":{},"_coverageSchema":"1a1c01bbd47fc00a2c39e90264f33305004495a9","hash":"72a33741d581bb7ae95eead73322bf12a2965e0c"}
,"/Users/victor/Documents/the_spinners-frontend/src/views/tripRequestsView.js": {"path":"/Users/victor/Documents/the_spinners-frontend/src/views/tripRequestsView.js","statementMap":{"0":{"start":{"line":22,"column":20},"end":{"line":22,"column":23}},"1":{"start":{"line":24,"column":20},"end":{"line":84,"column":5}},"2":{"start":{"line":24,"column":41},"end":{"line":84,"column":3}},"3":{"start":{"line":86,"column":18},"end":{"line":86,"column":29}},"4":{"start":{"line":87,"column":30},"end":{"line":87,"column":71}},"5":{"start":{"line":87,"column":51},"end":{"line":87,"column":70}},"6":{"start":{"line":88,"column":2},"end":{"line":94,"column":24}},"7":{"start":{"line":89,"column":4},"end":{"line":93,"column":5}},"8":{"start":{"line":90,"column":6},"end":{"line":90,"column":39}},"9":{"start":{"line":91,"column":6},"end":{"line":91,"column":38}},"10":{"start":{"line":92,"column":6},"end":{"line":92,"column":40}},"11":{"start":{"line":96,"column":19},"end":{"line":96,"column":32}},"12":{"start":{"line":97,"column":2},"end":{"line":99,"column":9}},"13":{"start":{"line":98,"column":4},"end":{"line":98,"column":36}},"14":{"start":{"line":101,"column":2},"end":{"line":103,"column":9}},"15":{"start":{"line":102,"column":4},"end":{"line":102,"column":35}},"16":{"start":{"line":105,"column":24},"end":{"line":105,"column":72}},"17":{"start":{"line":105,"column":45},"end":{"line":105,"column":71}},"18":{"start":{"line":106,"column":23},"end":{"line":106,"column":46}},"19":{"start":{"line":108,"column":20},"end":{"line":108,"column":67}},"20":{"start":{"line":108,"column":41},"end":{"line":108,"column":66}},"21":{"start":{"line":109,"column":16},"end":{"line":109,"column":35}},"22":{"start":{"line":111,"column":40},"end":{"line":111,"column":51}},"23":{"start":{"line":112,"column":25},"end":{"line":112,"column":36}},"24":{"start":{"line":114,"column":26},"end":{"line":114,"column":52}},"25":{"start":{"line":115,"column":27},"end":{"line":115,"column":57}},"26":{"start":{"line":116,"column":23},"end":{"line":116,"column":69}},"27":{"start":{"line":118,"column":19},"end":{"line":120,"column":3}},"28":{"start":{"line":119,"column":4},"end":{"line":119,"column":31}},"29":{"start":{"line":121,"column":24},"end":{"line":121,"column":65}},"30":{"start":{"line":121,"column":45},"end":{"line":121,"column":64}},"31":{"start":{"line":122,"column":21},"end":{"line":122,"column":44}},"32":{"start":{"line":124,"column":33},"end":{"line":124,"column":45}},"33":{"start":{"line":125,"column":25},"end":{"line":125,"column":37}},"34":{"start":{"line":126,"column":29},"end":{"line":126,"column":41}},"35":{"start":{"line":127,"column":26},"end":{"line":127,"column":38}},"36":{"start":{"line":129,"column":52},"end":{"line":129,"column":63}},"37":{"start":{"line":130,"column":31},"end":{"line":130,"column":42}},"38":{"start":{"line":132,"column":32},"end":{"line":132,"column":70}},"39":{"start":{"line":133,"column":33},"end":{"line":133,"column":75}},"40":{"start":{"line":134,"column":29},"end":{"line":134,"column":92}},"41":{"start":{"line":136,"column":25},"end":{"line":138,"column":3}},"42":{"start":{"line":137,"column":4},"end":{"line":137,"column":43}},"43":{"start":{"line":140,"column":22},"end":{"line":145,"column":2}},"44":{"start":{"line":141,"column":2},"end":{"line":141,"column":30}},"45":{"start":{"line":142,"column":2},"end":{"line":142,"column":26}},"46":{"start":{"line":143,"column":2},"end":{"line":143,"column":28}},"47":{"start":{"line":144,"column":2},"end":{"line":144,"column":26}},"48":{"start":{"line":147,"column":21},"end":{"line":149,"column":2}},"49":{"start":{"line":148,"column":2},"end":{"line":148,"column":55}},"50":{"start":{"line":151,"column":2},"end":{"line":348,"column":4}},"51":{"start":{"line":203,"column":18},"end":{"line":203,"column":22}},"52":{"start":{"line":204,"column":33},"end":{"line":204,"column":47}},"53":{"start":{"line":208,"column":14},"end":{"line":213,"column":15}},"54":{"start":{"line":209,"column":39},"end":{"line":209,"column":86}},"55":{"start":{"line":209,"column":66},"end":{"line":209,"column":85}},"56":{"start":{"line":210,"column":44},"end":{"line":210,"column":96}},"57":{"start":{"line":210,"column":71},"end":{"line":210,"column":95}},"58":{"start":{"line":211,"column":16},"end":{"line":211,"column":63}},"59":{"start":{"line":212,"column":16},"end":{"line":212,"column":73}},"60":{"start":{"line":215,"column":42},"end":{"line":215,"column":77}},"61":{"start":{"line":216,"column":36},"end":{"line":216,"column":69}},"62":{"start":{"line":217,"column":37},"end":{"line":217,"column":91}},"63":{"start":{"line":218,"column":35},"end":{"line":218,"column":82}},"64":{"start":{"line":219,"column":45},"end":{"line":219,"column":97}},"65":{"start":{"line":221,"column":39},"end":{"line":221,"column":71}},"66":{"start":{"line":222,"column":33},"end":{"line":222,"column":63}},"67":{"start":{"line":223,"column":34},"end":{"line":223,"column":85}},"68":{"start":{"line":224,"column":32},"end":{"line":224,"column":76}},"69":{"start":{"line":225,"column":40},"end":{"line":225,"column":83}},"70":{"start":{"line":227,"column":14},"end":{"line":230,"column":15}},"71":{"start":{"line":228,"column":16},"end":{"line":228,"column":42}},"72":{"start":{"line":229,"column":16},"end":{"line":229,"column":44}},"73":{"start":{"line":232,"column":14},"end":{"line":235,"column":15}},"74":{"start":{"line":233,"column":16},"end":{"line":233,"column":45}},"75":{"start":{"line":234,"column":16},"end":{"line":234,"column":44}},"76":{"start":{"line":237,"column":14},"end":{"line":239,"column":15}},"77":{"start":{"line":238,"column":16},"end":{"line":238,"column":41}},"78":{"start":{"line":240,"column":14},"end":{"line":260,"column":15}},"79":{"start":{"line":264,"column":14},"end":{"line":269,"column":15}},"80":{"start":{"line":265,"column":34},"end":{"line":265,"column":96}},"81":{"start":{"line":265,"column":61},"end":{"line":265,"column":95}},"82":{"start":{"line":266,"column":39},"end":{"line":266,"column":106}},"83":{"start":{"line":266,"column":66},"end":{"line":266,"column":105}},"84":{"start":{"line":267,"column":16},"end":{"line":267,"column":53}},"85":{"start":{"line":268,"column":16},"end":{"line":268,"column":63}},"86":{"start":{"line":271,"column":42},"end":{"line":271,"column":92}},"87":{"start":{"line":272,"column":36},"end":{"line":272,"column":69}},"88":{"start":{"line":273,"column":37},"end":{"line":273,"column":91}},"89":{"start":{"line":274,"column":35},"end":{"line":274,"column":82}},"90":{"start":{"line":275,"column":45},"end":{"line":275,"column":97}},"91":{"start":{"line":277,"column":39},"end":{"line":277,"column":86}},"92":{"start":{"line":278,"column":33},"end":{"line":278,"column":63}},"93":{"start":{"line":279,"column":34},"end":{"line":279,"column":85}},"94":{"start":{"line":280,"column":32},"end":{"line":280,"column":76}},"95":{"start":{"line":281,"column":40},"end":{"line":281,"column":83}},"96":{"start":{"line":282,"column":14},"end":{"line":302,"column":15}}},"fnMap":{"0":{"name":"TripRequests","decl":{"start":{"line":23,"column":24},"end":{"line":23,"column":36}},"loc":{"start":{"line":23,"column":50},"end":{"line":349,"column":1}},"line":23},"1":{"name":"(anonymous_1)","decl":{"start":{"line":24,"column":31},"end":{"line":24,"column":32}},"loc":{"start":{"line":24,"column":41},"end":{"line":84,"column":3}},"line":24},"2":{"name":"(anonymous_2)","decl":{"start":{"line":87,"column":42},"end":{"line":87,"column":43}},"loc":{"start":{"line":87,"column":51},"end":{"line":87,"column":70}},"line":87},"3":{"name":"(anonymous_3)","decl":{"start":{"line":88,"column":12},"end":{"line":88,"column":13}},"loc":{"start":{"line":88,"column":18},"end":{"line":94,"column":3}},"line":88},"4":{"name":"(anonymous_4)","decl":{"start":{"line":97,"column":12},"end":{"line":97,"column":13}},"loc":{"start":{"line":97,"column":18},"end":{"line":99,"column":3}},"line":97},"5":{"name":"(anonymous_5)","decl":{"start":{"line":101,"column":12},"end":{"line":101,"column":13}},"loc":{"start":{"line":101,"column":18},"end":{"line":103,"column":3}},"line":101},"6":{"name":"(anonymous_6)","decl":{"start":{"line":105,"column":36},"end":{"line":105,"column":37}},"loc":{"start":{"line":105,"column":45},"end":{"line":105,"column":71}},"line":105},"7":{"name":"(anonymous_7)","decl":{"start":{"line":108,"column":32},"end":{"line":108,"column":33}},"loc":{"start":{"line":108,"column":41},"end":{"line":108,"column":66}},"line":108},"8":{"name":"(anonymous_8)","decl":{"start":{"line":118,"column":19},"end":{"line":118,"column":20}},"loc":{"start":{"line":118,"column":33},"end":{"line":120,"column":3}},"line":118},"9":{"name":"(anonymous_9)","decl":{"start":{"line":121,"column":36},"end":{"line":121,"column":37}},"loc":{"start":{"line":121,"column":45},"end":{"line":121,"column":64}},"line":121},"10":{"name":"(anonymous_10)","decl":{"start":{"line":136,"column":25},"end":{"line":136,"column":26}},"loc":{"start":{"line":136,"column":45},"end":{"line":138,"column":3}},"line":136},"11":{"name":"(anonymous_11)","decl":{"start":{"line":140,"column":22},"end":{"line":140,"column":23}},"loc":{"start":{"line":140,"column":27},"end":{"line":145,"column":2}},"line":140},"12":{"name":"(anonymous_12)","decl":{"start":{"line":147,"column":21},"end":{"line":147,"column":22}},"loc":{"start":{"line":147,"column":27},"end":{"line":149,"column":2}},"line":147},"13":{"name":"(anonymous_13)","decl":{"start":{"line":194,"column":56},"end":{"line":194,"column":57}},"loc":{"start":{"line":194,"column":64},"end":{"line":261,"column":13}},"line":194},"14":{"name":"(anonymous_14)","decl":{"start":{"line":209,"column":59},"end":{"line":209,"column":60}},"loc":{"start":{"line":209,"column":66},"end":{"line":209,"column":85}},"line":209},"15":{"name":"(anonymous_15)","decl":{"start":{"line":210,"column":64},"end":{"line":210,"column":65}},"loc":{"start":{"line":210,"column":71},"end":{"line":210,"column":95}},"line":210},"16":{"name":"(anonymous_16)","decl":{"start":{"line":261,"column":42},"end":{"line":261,"column":43}},"loc":{"start":{"line":261,"column":52},"end":{"line":303,"column":13}},"line":261},"17":{"name":"(anonymous_17)","decl":{"start":{"line":265,"column":54},"end":{"line":265,"column":55}},"loc":{"start":{"line":265,"column":61},"end":{"line":265,"column":95}},"line":265},"18":{"name":"(anonymous_18)","decl":{"start":{"line":266,"column":59},"end":{"line":266,"column":60}},"loc":{"start":{"line":266,"column":66},"end":{"line":266,"column":105}},"line":266}},"branchMap":{"0":{"loc":{"start":{"line":89,"column":4},"end":{"line":93,"column":5}},"type":"if","locations":[{"start":{"line":89,"column":4},"end":{"line":93,"column":5}},{"start":{"line":89,"column":4},"end":{"line":93,"column":5}}],"line":89},"1":{"loc":{"start":{"line":155,"column":10},"end":{"line":157,"column":11}},"type":"binary-expr","locations":[{"start":{"line":155,"column":10},"end":{"line":155,"column":29}},{"start":{"line":156,"column":12},"end":{"line":156,"column":65}}],"line":155},"2":{"loc":{"start":{"line":181,"column":10},"end":{"line":181,"column":50}},"type":"cond-expr","locations":[{"start":{"line":181,"column":34},"end":{"line":181,"column":45}},{"start":{"line":181,"column":48},"end":{"line":181,"column":50}}],"line":181},"3":{"loc":{"start":{"line":194,"column":12},"end":{"line":303,"column":15}},"type":"cond-expr","locations":[{"start":{"line":194,"column":39},"end":{"line":261,"column":14}},{"start":{"line":261,"column":19},"end":{"line":303,"column":14}}],"line":194},"4":{"loc":{"start":{"line":208,"column":14},"end":{"line":213,"column":15}},"type":"if","locations":[{"start":{"line":208,"column":14},"end":{"line":213,"column":15}},{"start":{"line":208,"column":14},"end":{"line":213,"column":15}}],"line":208},"5":{"loc":{"start":{"line":227,"column":14},"end":{"line":230,"column":15}},"type":"if","locations":[{"start":{"line":227,"column":14},"end":{"line":230,"column":15}},{"start":{"line":227,"column":14},"end":{"line":230,"column":15}}],"line":227},"6":{"loc":{"start":{"line":232,"column":14},"end":{"line":235,"column":15}},"type":"if","locations":[{"start":{"line":232,"column":14},"end":{"line":235,"column":15}},{"start":{"line":232,"column":14},"end":{"line":235,"column":15}}],"line":232},"7":{"loc":{"start":{"line":237,"column":14},"end":{"line":239,"column":15}},"type":"if","locations":[{"start":{"line":237,"column":14},"end":{"line":239,"column":15}},{"start":{"line":237,"column":14},"end":{"line":239,"column":15}}],"line":237},"8":{"loc":{"start":{"line":264,"column":14},"end":{"line":269,"column":15}},"type":"if","locations":[{"start":{"line":264,"column":14},"end":{"line":269,"column":15}},{"start":{"line":264,"column":14},"end":{"line":269,"column":15}}],"line":264},"9":{"loc":{"start":{"line":298,"column":32},"end":{"line":298,"column":97}},"type":"cond-expr","locations":[{"start":{"line":298,"column":70},"end":{"line":298,"column":75}},{"start":{"line":298,"column":78},"end":{"line":298,"column":97}}],"line":298},"10":{"loc":{"start":{"line":306,"column":12},"end":{"line":344,"column":13}},"type":"cond-expr","locations":[{"start":{"line":307,"column":14},"end":{"line":325,"column":17}},{"start":{"line":327,"column":14},"end":{"line":343,"column":21}}],"line":306}},"s":{"0":3,"1":8,"2":8,"3":8,"4":8,"5":15,"6":8,"7":2,"8":1,"9":1,"10":1,"11":8,"12":8,"13":2,"14":8,"15":2,"16":8,"17":15,"18":8,"19":8,"20":15,"21":8,"22":8,"23":8,"24":8,"25":8,"26":8,"27":8,"28":1,"29":8,"30":15,"31":8,"32":8,"33":8,"34":8,"35":8,"36":8,"37":8,"38":8,"39":8,"40":8,"41":8,"42":1,"43":8,"44":1,"45":1,"46":1,"47":1,"48":8,"49":1,"50":8,"51":3,"52":3,"53":3,"54":3,"55":6,"56":3,"57":6,"58":3,"59":3,"60":3,"61":3,"62":3,"63":3,"64":3,"65":3,"66":3,"67":3,"68":3,"69":3,"70":3,"71":1,"72":1,"73":3,"74":1,"75":1,"76":3,"77":1,"78":3,"79":1,"80":1,"81":2,"82":1,"83":2,"84":1,"85":1,"86":1,"87":1,"88":1,"89":1,"90":1,"91":1,"92":1,"93":1,"94":1,"95":1,"96":1},"f":{"0":8,"1":8,"2":15,"3":2,"4":2,"5":2,"6":15,"7":15,"8":1,"9":15,"10":1,"11":1,"12":1,"13":3,"14":6,"15":6,"16":1,"17":2,"18":2},"b":{"0":[1,1],"1":[8,6],"2":[6,2],"3":[2,6],"4":[3,0],"5":[1,2],"6":[1,2],"7":[1,2],"8":[1,0],"9":[0,1],"10":[2,6]},"_coverageSchema":"1a1c01bbd47fc00a2c39e90264f33305004495a9","hash":"f5a628290c6a6b75c880d018b6612b5c9278f1d1"}
}
