TN:
SF:src/app.js
FN:41,(anonymous_0)
FN:42,(anonymous_1)
FNF:2
FNH:2
FNDA:2,(anonymous_0)
FNDA:2,(anonymous_1)
DA:17,2
DA:18,2
DA:20,2
DA:41,2
DA:42,2
DA:43,2
DA:44,1
DA:45,0
DA:46,0
DA:47,0
DA:49,0
DA:50,0
DA:51,0
DA:52,0
DA:53,0
DA:54,0
DA:55,0
DA:59,2
LF:18
LH:8
BRDA:43,0,0,1
BRDA:43,0,1,1
BRDA:45,1,0,0
BRDA:45,1,1,0
BRDA:52,2,0,0
BRDA:52,2,1,0
BRF:6
BRH:2
end_of_record
TN:
SF:src/routes.js
FN:29,(anonymous_0)
FN:136,(anonymous_1)
FNF:2
FNH:2
FNDA:1,(anonymous_0)
FNDA:1,(anonymous_1)
DA:25,2
DA:29,1
DA:136,1
LF:3
LH:3
BRF:0
BRH:0
end_of_record
TN:
SF:src/components/AssignManager.js
FN:18,(anonymous_0)
FN:73,(anonymous_1)
FN:76,(anonymous_2)
FN:83,(anonymous_3)
FN:92,(anonymous_4)
FN:96,(anonymous_5)
FN:104,(anonymous_6)
FN:105,(anonymous_7)
FN:119,(anonymous_8)
FN:120,(anonymous_9)
FN:165,(anonymous_10)
FNF:11
FNH:10
FNDA:2,(anonymous_0)
FNDA:9,(anonymous_1)
FNDA:28,(anonymous_2)
FNDA:6,(anonymous_3)
FNDA:1,(anonymous_4)
FNDA:1,(anonymous_5)
FNDA:1,(anonymous_6)
FNDA:0,(anonymous_7)
FNDA:6,(anonymous_8)
FNDA:6,(anonymous_9)
FNDA:6,(anonymous_10)
DA:18,4
DA:73,4
DA:74,9
DA:75,9
DA:76,28
DA:77,9
DA:78,9
DA:80,9
DA:81,9
DA:82,9
DA:83,9
DA:84,6
DA:85,6
DA:88,9
DA:89,9
DA:90,9
DA:92,9
DA:93,1
DA:96,9
DA:97,1
DA:100,1
DA:101,1
DA:104,9
DA:105,1
DA:106,0
DA:109,9
DA:120,6
DA:121,6
DA:166,6
LF:29
LH:28
BRDA:111,0,0,9
BRDA:111,0,1,0
BRDA:116,1,0,9
BRDA:116,1,1,0
BRDA:117,2,0,3
BRDA:117,2,1,6
BRDA:159,3,0,0
BRDA:159,3,1,6
BRDA:163,4,0,0
BRDA:163,4,1,6
BRDA:194,5,0,0
BRDA:194,5,1,9
BRF:12
BRH:7
end_of_record
TN:
SF:src/components/CountriesList.js
FN:11,countryToFlag
FN:13,(anonymous_1)
FN:27,CountrySelect
FN:39,(anonymous_3)
FN:40,(anonymous_4)
FN:49,(anonymous_5)
FN:64,(anonymous_6)
FNF:7
FNH:7
FNDA:3,countryToFlag
FNDA:2,(anonymous_1)
FNDA:12,CountrySelect
FNDA:1,(anonymous_3)
FNDA:1,(anonymous_4)
FNDA:13,(anonymous_5)
FNDA:2,(anonymous_6)
DA:12,3
DA:13,2
DA:17,5
DA:28,12
DA:30,12
DA:39,1
DA:41,1
DA:50,13
DA:64,2
DA:69,5
LF:10
LH:10
BRDA:12,0,0,1
BRDA:12,0,1,2
BRF:2
BRH:2
end_of_record
TN:
SF:src/components/Success.js
FN:13,(anonymous_0)
FN:45,Success
FNF:2
FNH:2
FNDA:1,(anonymous_0)
FNDA:1,Success
DA:11,3
DA:13,3
DA:46,1
DA:47,1
LF:4
LH:4
BRF:0
BRH:0
end_of_record
TN:
SF:src/components/UserRole.js
FN:18,(anonymous_0)
FN:77,(anonymous_1)
FN:81,(anonymous_2)
FN:84,(anonymous_3)
FN:85,(anonymous_4)
FN:93,(anonymous_5)
FN:101,(anonymous_6)
FN:105,(anonymous_7)
FN:115,(anonymous_8)
FN:118,(anonymous_9)
FN:149,(anonymous_10)
FNF:11
FNH:10
FNDA:3,(anonymous_0)
FNDA:5,(anonymous_1)
FNDA:7,(anonymous_2)
FNDA:17,(anonymous_3)
FNDA:17,(anonymous_4)
FNDA:3,(anonymous_5)
FNDA:1,(anonymous_6)
FNDA:0,(anonymous_7)
FNDA:1,(anonymous_8)
FNDA:1,(anonymous_9)
FNDA:2,(anonymous_10)
DA:18,5
DA:70,5
DA:77,5
DA:78,5
DA:81,5
DA:82,7
DA:83,7
DA:84,17
DA:85,17
DA:87,7
DA:89,7
DA:90,7
DA:91,7
DA:92,7
DA:93,7
DA:94,3
DA:97,7
DA:98,7
DA:99,7
DA:101,7
DA:102,1
DA:105,7
DA:106,0
DA:109,0
DA:110,0
DA:115,7
DA:116,1
DA:118,7
DA:119,1
DA:120,1
DA:121,1
DA:122,1
DA:123,1
DA:125,7
DA:150,2
LF:35
LH:32
BRDA:128,0,0,7
BRDA:128,0,1,3
BRDA:135,1,0,7
BRDA:135,1,1,3
BRDA:137,2,0,3
BRDA:137,2,1,1
BRDA:186,3,0,2
BRDA:186,3,1,0
BRDA:198,4,0,0
BRDA:198,4,1,2
BRDA:198,5,0,2
BRDA:198,5,1,0
BRF:12
BRH:9
end_of_record
TN:
SF:src/components/profilePicture.js
FN:12,(anonymous_0)
FN:26,(anonymous_1)
FNF:2
FNH:2
FNDA:7,(anonymous_0)
FNDA:17,(anonymous_1)
DA:12,7
DA:26,5
DA:28,17
DA:30,17
LF:4
LH:4
BRDA:33,0,0,2
BRDA:33,0,1,15
BRDA:84,1,0,15
BRDA:84,1,1,0
BRF:4
BRH:3
end_of_record
TN:
SF:src/components/Notification/NotificationsPopover.js
FN:11,(anonymous_0)
FN:32,(anonymous_1)
FN:55,(anonymous_2)
FNF:3
FNH:3
FNDA:4,(anonymous_0)
FNDA:9,(anonymous_1)
FNDA:1,(anonymous_2)
DA:11,6
DA:32,6
DA:33,9
DA:34,9
DA:36,9
DA:55,1
LF:6
LH:6
BRF:0
BRH:0
end_of_record
TN:
SF:src/components/Notification/notificationSettings.js
FN:21,(anonymous_0)
FN:29,Alert
FN:33,(anonymous_2)
FN:34,(anonymous_3)
FN:40,(anonymous_4)
FN:47,(anonymous_5)
FN:55,(anonymous_6)
FN:58,(anonymous_7)
FN:61,(anonymous_8)
FN:66,(anonymous_9)
FN:75,(anonymous_10)
FNF:11
FNH:11
FNDA:2,(anonymous_0)
FNDA:6,Alert
FNDA:9,(anonymous_2)
FNDA:14,(anonymous_3)
FNDA:3,(anonymous_4)
FNDA:2,(anonymous_5)
FNDA:14,(anonymous_6)
FNDA:1,(anonymous_7)
FNDA:1,(anonymous_8)
FNDA:1,(anonymous_9)
FNDA:2,(anonymous_10)
DA:21,4
DA:30,6
DA:33,4
DA:34,14
DA:35,9
DA:36,9
DA:37,9
DA:38,9
DA:40,9
DA:41,3
DA:42,2
DA:43,2
DA:47,9
DA:48,2
DA:49,1
DA:52,1
DA:55,14
DA:57,9
DA:58,9
DA:59,1
DA:61,9
DA:62,1
DA:65,9
DA:66,9
DA:67,1
DA:75,2
DA:76,1
DA:79,9
LF:28
LH:28
BRDA:41,0,0,2
BRDA:41,0,1,1
BRDA:48,1,0,1
BRDA:48,1,1,1
BRDA:82,2,0,9
BRDA:82,2,1,8
BRDA:139,3,0,2
BRDA:139,3,1,7
BRF:8
BRH:8
end_of_record
TN:
SF:src/components/Notification/components/NotificationList/NotificationList.js
FN:22,(anonymous_0)
FN:23,(anonymous_1)
FN:59,(anonymous_2)
FN:62,(anonymous_3)
FN:65,(anonymous_4)
FN:97,(anonymous_5)
FNF:6
FNH:6
FNDA:8,(anonymous_0)
FNDA:2,(anonymous_1)
FNDA:2,(anonymous_2)
FNDA:4,(anonymous_3)
FNDA:1,(anonymous_4)
FNDA:1,(anonymous_5)
DA:22,8
DA:23,7
DA:59,7
DA:60,2
DA:62,4
DA:64,2
DA:65,2
DA:66,1
DA:67,1
DA:69,0
DA:72,2
DA:95,2
DA:98,1
LF:13
LH:12
BRDA:66,0,0,1
BRDA:66,0,1,0
BRDA:98,1,0,0
BRDA:98,1,1,1
BRF:4
BRH:2
end_of_record
TN:
SF:src/components/accommodation/booking/Accommodation.js
FN:18,(anonymous_0)
FN:24,(anonymous_1)
FN:25,(anonymous_2)
FN:33,(anonymous_3)
FNF:4
FNH:4
FNDA:9,(anonymous_0)
FNDA:9,(anonymous_1)
FNDA:9,(anonymous_2)
FNDA:31,(anonymous_3)
DA:11,3
DA:18,3
DA:19,9
DA:22,9
DA:23,9
DA:24,9
DA:25,9
DA:26,9
DA:27,7
DA:28,0
DA:30,9
DA:33,31
DA:34,9
LF:13
LH:12
BRDA:19,0,0,9
BRDA:19,0,1,0
BRF:2
BRH:1
end_of_record
TN:
SF:src/components/accommodation/booking/AccommodationCard.js
FN:25,(anonymous_0)
FN:26,(anonymous_1)
FN:34,(anonymous_2)
FN:58,(anonymous_3)
FN:65,(anonymous_4)
FNF:5
FNH:5
FNDA:8,(anonymous_0)
FNDA:8,(anonymous_1)
FNDA:28,(anonymous_2)
FNDA:32,(anonymous_3)
FNDA:8,(anonymous_4)
DA:13,3
DA:25,3
DA:26,8
DA:27,8
DA:28,1
DA:30,8
DA:31,1
DA:34,3
DA:35,28
DA:36,28
DA:59,32
DA:66,8
LF:12
LH:12
BRDA:27,0,0,7
BRDA:27,0,1,1
BRDA:30,1,0,7
BRDA:30,1,1,1
BRDA:39,2,0,20
BRDA:39,2,1,8
BRDA:49,3,0,20
BRDA:49,3,1,8
BRDA:55,4,0,20
BRDA:55,4,1,8
BRDA:62,5,0,20
BRDA:62,5,1,8
BRDA:70,6,0,20
BRDA:70,6,1,8
BRDA:72,7,0,7
BRDA:72,7,1,1
BRF:16
BRH:16
end_of_record
TN:
SF:src/components/accommodation/booking/ListAccommodation.js
FN:9,(anonymous_0)
FN:29,(anonymous_1)
FN:34,(anonymous_2)
FNF:3
FNH:3
FNDA:9,(anonymous_0)
FNDA:27,(anonymous_1)
FNDA:1,(anonymous_2)
DA:9,3
DA:10,9
DA:23,9
DA:24,9
DA:25,9
DA:26,9
DA:30,27
DA:34,1
LF:8
LH:8
BRDA:25,0,0,2
BRDA:25,0,1,7
BRDA:32,1,0,20
BRDA:32,1,1,7
BRF:4
BRH:4
end_of_record
TN:
SF:src/components/accommodation/booking/RoomsList.js
FN:24,(anonymous_0)
FN:26,(anonymous_1)
FN:69,(anonymous_2)
FN:72,(anonymous_3)
FN:79,(anonymous_4)
FN:80,(anonymous_5)
FN:89,(anonymous_6)
FN:105,(anonymous_7)
FN:164,(anonymous_8)
FN:167,(anonymous_9)
FN:188,(anonymous_10)
FN:208,(anonymous_11)
FN:217,(anonymous_12)
FNF:13
FNH:12
FNDA:13,(anonymous_0)
FNDA:13,(anonymous_1)
FNDA:4,(anonymous_2)
FNDA:0,(anonymous_3)
FNDA:35,(anonymous_4)
FNDA:35,(anonymous_5)
FNDA:21,(anonymous_6)
FNDA:4,(anonymous_7)
FNDA:1,(anonymous_8)
FNDA:6,(anonymous_9)
FNDA:1,(anonymous_10)
FNDA:1,(anonymous_11)
FNDA:12,(anonymous_12)
DA:24,3
DA:25,13
DA:26,13
DA:67,13
DA:68,13
DA:69,13
DA:70,4
DA:72,13
DA:73,0
DA:74,0
DA:77,13
DA:78,13
DA:79,35
DA:80,35
DA:82,13
DA:90,21
DA:105,4
DA:164,1
DA:168,6
DA:188,1
DA:208,1
DA:218,12
LF:22
LH:20
BRDA:78,0,0,2
BRDA:78,0,1,11
BRDA:87,1,0,0
BRDA:87,1,1,13
BRDA:92,2,0,10
BRDA:92,2,1,11
BRDA:99,3,0,10
BRDA:99,3,1,11
BRDA:106,4,0,10
BRDA:106,4,1,11
BRDA:132,5,0,9
BRDA:132,5,1,4
BRDA:139,6,0,9
BRDA:139,6,1,4
BRDA:153,7,0,9
BRDA:153,7,1,4
BRDA:214,8,0,6
BRDA:214,8,1,0
BRDA:215,9,0,6
BRDA:215,9,1,0
BRDA:224,10,0,0
BRDA:224,10,1,0
BRDA:244,11,0,6
BRDA:244,11,1,0
BRF:24
BRH:18
end_of_record
TN:
SF:src/components/accommodation/booking/SpecificAccommodation.js
FN:48,(anonymous_0)
FN:54,(anonymous_1)
FN:56,(anonymous_2)
FN:57,(anonymous_3)
FN:58,(anonymous_4)
FN:90,(anonymous_5)
FN:97,(anonymous_6)
FN:166,(anonymous_7)
FNF:8
FNH:8
FNDA:14,(anonymous_0)
FNDA:9,(anonymous_1)
FNDA:31,(anonymous_2)
FNDA:7,(anonymous_3)
FNDA:7,(anonymous_4)
FNDA:21,(anonymous_5)
FNDA:14,(anonymous_6)
FNDA:17,(anonymous_7)
DA:12,3
DA:48,3
DA:49,14
DA:54,3
DA:55,9
DA:56,31
DA:57,9
DA:58,7
DA:59,7
DA:62,9
DA:65,9
DA:91,21
DA:98,14
DA:167,17
LF:14
LH:14
BRDA:49,0,0,7
BRDA:49,0,1,7
BRDA:62,1,0,2
BRDA:62,1,1,7
BRDA:69,2,0,2
BRDA:69,2,1,7
BRDA:81,3,0,2
BRDA:81,3,1,7
BRDA:87,4,0,2
BRDA:87,4,1,7
BRDA:94,5,0,2
BRDA:94,5,1,7
BRDA:107,6,0,2
BRDA:107,6,1,7
BRDA:107,7,0,9
BRDA:107,7,1,7
BRDA:119,8,0,2
BRDA:119,8,1,7
BRDA:142,9,0,2
BRDA:142,9,1,7
BRDA:154,10,0,2
BRDA:154,10,1,7
BRDA:157,11,0,2
BRDA:157,11,1,7
BRDA:161,12,0,0
BRDA:161,12,1,7
BRDA:170,13,0,10
BRDA:170,13,1,7
BRDA:182,14,0,10
BRDA:182,14,1,7
BRDA:194,15,0,10
BRDA:194,15,1,7
BRF:32
BRH:31
end_of_record
TN:
SF:src/components/accommodation/booking/index.js
FN:9,(anonymous_0)
FN:12,(anonymous_1)
FN:36,(anonymous_2)
FN:45,(anonymous_3)
FNF:4
FNH:4
FNDA:1,(anonymous_0)
FNDA:1,(anonymous_1)
FNDA:1,(anonymous_2)
FNDA:1,(anonymous_3)
DA:9,3
DA:10,1
DA:12,3
DA:13,1
DA:14,1
DA:15,1
DA:18,1
DA:19,0
DA:21,1
DA:30,1
DA:32,1
DA:36,1
DA:46,1
LF:13
LH:12
BRDA:18,0,0,0
BRDA:18,0,1,1
BRDA:51,1,0,1
BRDA:51,1,1,1
BRF:4
BRH:3
end_of_record
TN:
SF:src/components/accommodation/create/Accommodation.js
FN:13,(anonymous_0)
FN:43,(anonymous_1)
FN:83,(anonymous_2)
FN:89,(anonymous_3)
FN:95,(anonymous_4)
FN:98,(anonymous_5)
FN:100,(anonymous_6)
FN:105,(anonymous_7)
FN:168,(anonymous_8)
FNF:9
FNH:9
FNDA:2,(anonymous_0)
FNDA:9,(anonymous_1)
FNDA:9,(anonymous_2)
FNDA:2,(anonymous_3)
FNDA:1,(anonymous_4)
FNDA:1,(anonymous_5)
FNDA:1,(anonymous_6)
FNDA:9,(anonymous_7)
FNDA:36,(anonymous_8)
DA:13,4
DA:43,4
DA:44,9
DA:45,9
DA:46,9
DA:47,9
DA:83,9
DA:84,9
DA:87,9
DA:89,9
DA:90,2
DA:91,2
DA:92,1
DA:93,1
DA:95,1
DA:98,9
DA:99,1
DA:100,1
DA:103,9
DA:105,9
DA:106,9
DA:107,9
DA:109,7
DA:120,1
DA:131,0
DA:142,0
DA:153,1
DA:157,9
DA:158,1
DA:159,1
DA:162,9
DA:169,36
DA:170,36
DA:171,36
LF:34
LH:32
BRDA:91,0,0,1
BRDA:91,0,1,1
BRDA:107,1,0,7
BRDA:107,1,1,1
BRDA:107,1,2,0
BRDA:107,1,3,0
BRDA:107,1,4,1
BRDA:157,2,0,1
BRDA:157,2,1,8
BRF:9
BRH:7
end_of_record
TN:
SF:src/components/accommodation/create/AccommodationForm.js
FN:29,(anonymous_0)
FN:30,(anonymous_1)
FN:32,(anonymous_2)
FN:67,(anonymous_3)
FN:99,(anonymous_4)
FN:103,(anonymous_5)
FN:109,(anonymous_6)
FN:111,(anonymous_7)
FN:125,(anonymous_8)
FN:128,(anonymous_9)
FN:154,(anonymous_10)
FN:158,(anonymous_11)
FN:197,(anonymous_12)
FN:216,(anonymous_13)
FN:217,(anonymous_14)
FN:218,(anonymous_15)
FN:224,(anonymous_16)
FN:292,(anonymous_17)
FN:307,(anonymous_18)
FN:320,(anonymous_19)
FNF:20
FNH:18
FNDA:1,(anonymous_0)
FNDA:2,(anonymous_1)
FNDA:4,(anonymous_2)
FNDA:10,(anonymous_3)
FNDA:4,(anonymous_4)
FNDA:21,(anonymous_5)
FNDA:1,(anonymous_6)
FNDA:1,(anonymous_7)
FNDA:1,(anonymous_8)
FNDA:0,(anonymous_9)
FNDA:1,(anonymous_10)
FNDA:12,(anonymous_11)
FNDA:60,(anonymous_12)
FNDA:1,(anonymous_13)
FNDA:1,(anonymous_14)
FNDA:1,(anonymous_15)
FNDA:14,(anonymous_16)
FNDA:1,(anonymous_17)
FNDA:1,(anonymous_18)
FNDA:0,(anonymous_19)
DA:29,5
DA:30,2
DA:32,5
DA:67,5
DA:68,10
DA:69,10
DA:70,10
DA:71,10
DA:72,10
DA:98,10
DA:99,10
DA:100,4
DA:103,21
DA:104,10
DA:106,10
DA:107,10
DA:109,10
DA:110,1
DA:111,1
DA:112,1
DA:113,1
DA:114,1
DA:115,1
DA:119,0
DA:120,0
DA:122,1
DA:125,10
DA:126,1
DA:128,10
DA:129,0
DA:132,10
DA:139,10
DA:155,1
DA:159,12
DA:198,60
DA:216,1
DA:217,1
DA:219,1
DA:225,14
DA:293,1
DA:294,0
DA:295,0
DA:296,0
DA:308,1
DA:320,0
LF:45
LH:38
BRDA:155,0,0,0
BRDA:155,0,1,1
BRDA:173,1,0,12
BRDA:173,1,1,4
BRDA:176,2,0,12
BRDA:176,2,1,4
BRDA:192,3,0,12
BRDA:192,3,1,12
BRDA:195,4,0,12
BRDA:195,4,1,12
BRDA:252,5,0,12
BRDA:252,5,1,4
BRDA:255,6,0,12
BRDA:255,6,1,4
BRDA:269,7,0,12
BRDA:269,7,1,4
BRDA:336,8,0,12
BRDA:336,8,1,4
BRDA:336,8,2,4
BRDA:336,8,3,4
BRDA:336,8,4,0
BRDA:336,8,5,0
BRDA:336,8,6,0
BRDA:345,9,0,0
BRDA:345,9,1,12
BRF:25
BRH:20
end_of_record
TN:
SF:src/components/accommodation/create/AddOnServiceForm.js
FN:22,(anonymous_0)
FN:60,(anonymous_1)
FN:72,(anonymous_2)
FN:77,(anonymous_3)
FN:83,(anonymous_4)
FN:85,(anonymous_5)
FN:165,(anonymous_6)
FN:189,(anonymous_7)
FN:210,(anonymous_8)
FNF:9
FNH:6
FNDA:1,(anonymous_0)
FNDA:4,(anonymous_1)
FNDA:3,(anonymous_2)
FNDA:4,(anonymous_3)
FNDA:4,(anonymous_4)
FNDA:4,(anonymous_5)
FNDA:0,(anonymous_6)
FNDA:0,(anonymous_7)
FNDA:0,(anonymous_8)
DA:22,4
DA:43,4
DA:60,4
DA:61,4
DA:62,4
DA:64,4
DA:73,3
DA:78,4
DA:84,4
DA:86,4
DA:87,4
DA:89,4
DA:90,4
DA:92,4
DA:93,4
DA:95,4
DA:165,0
DA:190,0
DA:210,0
LF:19
LH:16
BRDA:73,0,0,1
BRDA:73,0,1,2
BRDA:109,1,0,0
BRDA:109,1,1,4
BRDA:109,2,0,4
BRDA:109,2,1,4
BRDA:114,3,0,4
BRDA:114,3,1,4
BRDA:130,4,0,0
BRDA:130,4,1,4
BRDA:130,5,0,4
BRDA:130,5,1,4
BRDA:135,6,0,4
BRDA:135,6,1,4
BRDA:154,7,0,0
BRDA:154,7,1,4
BRDA:154,8,0,4
BRDA:154,8,1,4
BRDA:156,9,0,4
BRDA:156,9,1,4
BRDA:161,10,0,4
BRDA:161,10,1,0
BRDA:184,11,0,4
BRDA:184,11,1,4
BRDA:184,11,2,4
BRDA:184,11,3,4
BRDA:223,12,0,4
BRDA:223,12,1,4
BRDA:223,12,2,4
BRDA:223,12,3,4
BRDA:229,13,0,1
BRDA:229,13,1,3
BRF:32
BRH:28
end_of_record
TN:
SF:src/components/accommodation/create/AmenitiesForm.js
FN:18,(anonymous_0)
FN:46,(anonymous_1)
FN:60,(anonymous_2)
FN:61,(anonymous_3)
FN:73,(anonymous_4)
FN:86,(anonymous_5)
FN:90,(anonymous_6)
FN:103,(anonymous_7)
FN:106,(anonymous_8)
FN:109,(anonymous_9)
FN:110,(anonymous_10)
FN:137,(anonymous_11)
FNF:12
FNH:11
FNDA:1,(anonymous_0)
FNDA:1,(anonymous_1)
FNDA:2,(anonymous_2)
FNDA:2,(anonymous_3)
FNDA:4,(anonymous_4)
FNDA:1,(anonymous_5)
FNDA:6,(anonymous_6)
FNDA:1,(anonymous_7)
FNDA:1,(anonymous_8)
FNDA:2,(anonymous_9)
FNDA:6,(anonymous_10)
FNDA:0,(anonymous_11)
DA:18,4
DA:46,4
DA:47,1
DA:48,1
DA:49,1
DA:60,1
DA:61,2
DA:62,2
DA:63,0
DA:66,2
DA:67,1
DA:69,1
DA:71,2
DA:73,4
DA:75,2
DA:78,1
DA:87,1
DA:91,6
DA:104,1
DA:106,1
DA:109,2
DA:112,6
DA:113,0
DA:115,6
DA:117,6
DA:118,2
DA:137,0
LF:27
LH:24
BRDA:62,0,0,0
BRDA:62,0,1,2
BRDA:66,1,0,1
BRDA:66,1,1,1
BRDA:87,2,0,0
BRDA:87,2,1,1
BRDA:112,3,0,0
BRDA:112,3,1,6
BRDA:117,4,0,2
BRDA:117,4,1,4
BRDA:150,5,0,6
BRDA:150,5,1,2
BRDA:154,6,0,0
BRDA:154,6,1,6
BRF:14
BRH:10
end_of_record
TN:
SF:src/components/accommodation/create/RoomsForm.js
FN:34,(anonymous_0)
FN:59,(anonymous_1)
FN:67,(anonymous_2)
FN:69,(anonymous_3)
FN:71,(anonymous_4)
FN:86,(anonymous_5)
FN:89,(anonymous_6)
FN:92,(anonymous_7)
FN:93,(anonymous_8)
FN:140,(anonymous_9)
FN:145,(anonymous_10)
FN:151,(anonymous_11)
FN:153,(anonymous_12)
FN:295,(anonymous_13)
FN:308,(anonymous_14)
FN:334,(anonymous_15)
FN:363,(anonymous_16)
FNF:17
FNH:14
FNDA:2,(anonymous_0)
FNDA:5,(anonymous_1)
FNDA:8,(anonymous_2)
FNDA:1,(anonymous_3)
FNDA:1,(anonymous_4)
FNDA:1,(anonymous_5)
FNDA:0,(anonymous_6)
FNDA:2,(anonymous_7)
FNDA:0,(anonymous_8)
FNDA:1,(anonymous_9)
FNDA:7,(anonymous_10)
FNDA:7,(anonymous_11)
FNDA:10,(anonymous_12)
FNDA:1,(anonymous_13)
FNDA:0,(anonymous_14)
FNDA:1,(anonymous_15)
FNDA:1,(anonymous_16)
DA:34,5
DA:59,5
DA:60,5
DA:61,5
DA:62,5
DA:63,5
DA:65,5
DA:67,8
DA:69,5
DA:70,1
DA:71,1
DA:72,1
DA:73,1
DA:74,1
DA:75,1
DA:79,0
DA:80,0
DA:82,1
DA:85,5
DA:86,5
DA:87,1
DA:89,5
DA:90,0
DA:92,5
DA:93,2
DA:94,0
DA:99,0
DA:103,5
DA:130,5
DA:141,1
DA:146,7
DA:152,7
DA:154,10
DA:155,10
DA:157,10
DA:158,10
DA:160,10
DA:161,10
DA:163,10
DA:164,10
DA:166,10
DA:167,10
DA:169,10
DA:296,1
DA:297,0
DA:298,0
DA:299,0
DA:308,0
DA:335,1
DA:363,1
LF:50
LH:41
BRDA:94,0,0,0
BRDA:94,0,1,0
BRDA:95,1,0,0
BRDA:95,1,1,0
BRDA:95,1,2,0
BRDA:141,2,0,0
BRDA:141,2,1,1
BRDA:183,3,0,0
BRDA:183,3,1,10
BRDA:183,4,0,10
BRDA:183,4,1,4
BRDA:185,5,0,10
BRDA:185,5,1,4
BRDA:199,6,0,0
BRDA:199,6,1,10
BRDA:199,7,0,10
BRDA:199,7,1,4
BRDA:204,8,0,10
BRDA:204,8,1,4
BRDA:226,9,0,0
BRDA:226,9,1,10
BRDA:226,10,0,10
BRDA:226,10,1,4
BRDA:228,11,0,10
BRDA:228,11,1,4
BRDA:244,12,0,0
BRDA:244,12,1,10
BRDA:244,13,0,10
BRDA:244,13,1,4
BRDA:248,14,0,10
BRDA:248,14,1,4
BRDA:264,15,0,10
BRDA:264,15,1,4
BRDA:278,16,0,0
BRDA:278,16,1,10
BRDA:278,17,0,10
BRDA:278,17,1,10
BRDA:283,18,0,10
BRDA:283,18,1,10
BRDA:304,19,0,7
BRDA:304,19,1,3
BRDA:327,20,0,7
BRDA:327,20,1,4
BRDA:327,20,2,4
BRDA:327,20,3,4
BRDA:327,20,4,4
BRDA:327,20,5,4
BRDA:362,21,0,7
BRDA:362,21,1,7
BRDA:377,22,0,7
BRDA:377,22,1,4
BRDA:377,22,2,4
BRDA:377,22,3,4
BRDA:377,22,4,4
BRDA:377,22,5,4
BRDA:385,23,0,0
BRDA:385,23,1,7
BRDA:386,24,0,0
BRDA:386,24,1,0
BRDA:395,25,0,7
BRDA:395,25,1,4
BRDA:398,26,0,4
BRDA:398,26,1,0
BRDA:398,27,0,4
BRDA:398,27,1,4
BRF:65
BRH:50
end_of_record
TN:
SF:src/components/auth/FindUser.js
FN:23,(anonymous_0)
FN:27,(anonymous_1)
FN:31,(anonymous_2)
FN:52,(anonymous_3)
FN:57,(anonymous_4)
FNF:5
FNH:5
FNDA:3,(anonymous_0)
FNDA:1,(anonymous_1)
FNDA:6,(anonymous_2)
FNDA:1,(anonymous_3)
FNDA:3,(anonymous_4)
DA:17,3
DA:23,3
DA:24,3
DA:25,3
DA:27,3
DA:28,1
DA:31,6
DA:32,3
DA:33,0
DA:36,3
DA:53,1
DA:54,1
DA:58,3
LF:13
LH:12
BRDA:32,0,0,0
BRDA:32,0,1,3
BRDA:39,1,0,0
BRDA:39,1,1,3
BRDA:73,2,0,3
BRDA:73,2,1,3
BRDA:76,3,0,3
BRDA:76,3,1,3
BRDA:87,4,0,3
BRDA:87,4,1,0
BRDA:89,5,0,2
BRDA:89,5,1,1
BRF:12
BRH:9
end_of_record
TN:
SF:src/components/auth/LandingPage.js
FN:9,(anonymous_0)
FN:10,(anonymous_1)
FNF:2
FNH:2
FNDA:10,(anonymous_0)
FNDA:10,(anonymous_1)
DA:9,4
DA:10,10
DA:71,10
DA:72,10
DA:73,10
LF:5
LH:5
BRDA:90,0,0,3
BRDA:90,0,1,7
BRDA:92,1,0,6
BRDA:92,1,1,1
BRF:4
BRH:4
end_of_record
TN:
SF:src/components/auth/Login.js
FN:22,(anonymous_0)
FN:23,(anonymous_1)
FN:25,(anonymous_2)
FN:33,(anonymous_3)
FN:60,(anonymous_4)
FN:63,(anonymous_5)
FN:79,(anonymous_6)
FN:86,(anonymous_7)
FN:157,(anonymous_8)
FNF:9
FNH:9
FNDA:9,(anonymous_0)
FNDA:20,(anonymous_1)
FNDA:9,(anonymous_2)
FNDA:9,(anonymous_3)
FNDA:1,(anonymous_4)
FNDA:1,(anonymous_5)
FNDA:2,(anonymous_6)
FNDA:9,(anonymous_7)
FNDA:5,(anonymous_8)
DA:22,4
DA:23,20
DA:24,9
DA:25,9
DA:26,9
DA:27,9
DA:28,2
DA:29,2
DA:33,9
DA:34,9
DA:35,9
DA:36,4
DA:37,1
DA:39,3
DA:41,5
DA:42,1
DA:45,4
DA:48,9
DA:50,9
DA:58,9
DA:60,9
DA:61,1
DA:63,9
DA:64,1
DA:67,9
DA:80,2
DA:81,2
DA:82,1
DA:87,9
DA:158,5
LF:30
LH:30
BRDA:27,0,0,2
BRDA:27,0,1,7
BRDA:27,1,0,9
BRDA:27,1,1,3
BRDA:35,2,0,4
BRDA:35,2,1,5
BRDA:36,3,0,1
BRDA:36,3,1,3
BRDA:41,4,0,1
BRDA:41,4,1,4
BRDA:81,5,0,1
BRDA:81,5,1,1
BRDA:81,6,0,2
BRDA:81,6,1,2
BRDA:102,7,0,9
BRDA:102,7,1,9
BRDA:105,8,0,9
BRDA:105,8,1,0
BRDA:121,9,0,9
BRDA:121,9,1,0
BRDA:124,10,0,9
BRDA:124,10,1,0
BRDA:143,11,0,9
BRDA:143,11,1,0
BRDA:143,11,2,0
BRDA:143,11,3,0
BRDA:149,12,0,2
BRDA:149,12,1,7
BRDA:155,13,0,9
BRDA:155,13,1,5
BRDA:155,13,2,5
BRF:31
BRH:25
end_of_record
TN:
SF:src/components/auth/ResetPassword.js
FN:27,(anonymous_0)
FN:31,(anonymous_1)
FN:35,(anonymous_2)
FN:48,(anonymous_3)
FN:53,(anonymous_4)
FNF:5
FNH:5
FNDA:3,(anonymous_0)
FNDA:1,(anonymous_1)
FNDA:6,(anonymous_2)
FNDA:1,(anonymous_3)
FNDA:3,(anonymous_4)
DA:16,3
DA:27,3
DA:28,3
DA:29,3
DA:31,3
DA:32,1
DA:35,6
DA:36,3
DA:37,0
DA:38,0
DA:40,3
DA:49,1
DA:50,1
DA:54,3
LF:14
LH:12
BRDA:36,0,0,0
BRDA:36,0,1,3
BRDA:43,1,0,0
BRDA:43,1,1,3
BRDA:69,2,0,3
BRDA:69,2,1,0
BRDA:72,3,0,3
BRDA:72,3,1,0
BRDA:88,4,0,3
BRDA:88,4,1,0
BRDA:91,5,0,3
BRDA:91,5,1,0
BRDA:102,6,0,3
BRDA:102,6,1,0
BRDA:102,6,2,0
BRDA:107,7,0,2
BRDA:107,7,1,1
BRF:17
BRH:9
end_of_record
TN:
SF:src/components/auth/SignupForm.js
FN:24,(anonymous_0)
FN:37,(anonymous_1)
FN:58,(anonymous_2)
FN:69,(anonymous_3)
FN:72,(anonymous_4)
FN:93,(anonymous_5)
FN:96,(anonymous_6)
FN:173,(anonymous_7)
FNF:8
FNH:8
FNDA:12,(anonymous_0)
FNDA:7,(anonymous_1)
FNDA:14,(anonymous_2)
FNDA:1,(anonymous_3)
FNDA:1,(anonymous_4)
FNDA:1,(anonymous_5)
FNDA:7,(anonymous_6)
FNDA:2,(anonymous_7)
DA:24,4
DA:25,12
DA:33,11
DA:35,1
DA:37,4
DA:38,7
DA:40,7
DA:41,7
DA:58,14
DA:59,7
DA:60,1
DA:63,7
DA:64,1
DA:65,6
DA:66,1
DA:69,7
DA:70,1
DA:72,7
DA:73,1
DA:75,7
DA:93,1
DA:97,7
DA:174,2
LF:23
LH:23
BRDA:25,0,0,11
BRDA:25,0,1,1
BRDA:26,1,0,12
BRDA:26,1,1,5
BRDA:26,1,2,4
BRDA:26,1,3,3
BRDA:26,1,4,2
BRDA:26,1,5,2
BRDA:59,2,0,1
BRDA:59,2,1,6
BRDA:63,3,0,1
BRDA:63,3,1,6
BRDA:63,4,0,7
BRDA:63,4,1,2
BRDA:65,5,0,1
BRDA:65,5,1,5
BRDA:112,6,0,7
BRDA:112,6,1,0
BRDA:115,7,0,7
BRDA:115,7,1,0
BRDA:130,8,0,7
BRDA:130,8,1,0
BRDA:133,9,0,7
BRDA:133,9,1,0
BRDA:148,10,0,7
BRDA:148,10,1,0
BRDA:151,11,0,7
BRDA:151,11,1,0
BRDA:166,12,0,7
BRDA:166,12,1,0
BRDA:169,13,0,7
BRDA:169,13,1,0
BRDA:171,14,0,2
BRDA:171,14,1,5
BRDA:188,15,0,6
BRDA:188,15,1,1
BRF:36
BRH:28
end_of_record
TN:
SF:src/components/chat/Chat.js
FN:13,(anonymous_0)
FN:108,(anonymous_1)
FN:111,(anonymous_2)
FN:112,(anonymous_3)
FN:114,(anonymous_4)
FN:116,(anonymous_5)
FN:124,(anonymous_6)
FNF:7
FNH:5
FNDA:1,(anonymous_0)
FNDA:2,(anonymous_1)
FNDA:2,(anonymous_2)
FNDA:2,(anonymous_3)
FNDA:0,(anonymous_4)
FNDA:0,(anonymous_5)
FNDA:6,(anonymous_6)
DA:13,3
DA:108,3
DA:109,2
DA:110,2
DA:111,2
DA:112,2
DA:113,2
DA:114,2
DA:115,0
DA:117,0
DA:121,2
DA:123,2
DA:124,6
DA:125,2
LF:14
LH:12
BRDA:153,0,0,1
BRDA:153,0,1,1
BRF:2
BRH:2
end_of_record
TN:
SF:src/components/chat/ConversationList.js
FN:11,(anonymous_0)
FN:20,(anonymous_1)
FN:30,(anonymous_2)
FN:33,(anonymous_3)
FN:37,(anonymous_4)
FN:50,(anonymous_5)
FN:56,(anonymous_6)
FN:66,(anonymous_7)
FNF:8
FNH:8
FNDA:1,(anonymous_0)
FNDA:6,(anonymous_1)
FNDA:3,(anonymous_2)
FNDA:2,(anonymous_3)
FNDA:16,(anonymous_4)
FNDA:1,(anonymous_5)
FNDA:6,(anonymous_6)
FNDA:1,(anonymous_7)
DA:11,3
DA:20,3
DA:27,6
DA:28,6
DA:29,6
DA:30,6
DA:31,3
DA:33,6
DA:34,2
DA:35,2
DA:37,16
DA:38,6
DA:39,6
DA:50,1
DA:57,6
DA:66,1
LF:16
LH:16
BRDA:38,0,0,4
BRDA:38,0,1,2
BRDA:59,1,0,6
BRDA:59,1,1,5
BRF:4
BRH:4
end_of_record
TN:
SF:src/components/chat/ConversationListItem.js
FN:14,(anonymous_0)
FN:71,(anonymous_1)
FNF:2
FNH:2
FNDA:1,(anonymous_0)
FNDA:6,(anonymous_1)
DA:14,3
DA:71,3
DA:72,6
DA:74,6
DA:76,6
DA:80,6
LF:6
LH:6
BRDA:76,0,0,6
BRDA:76,0,1,0
BRDA:105,1,0,6
BRDA:105,1,1,0
BRDA:106,2,0,2
BRDA:106,2,1,4
BRDA:117,3,0,6
BRDA:117,3,1,0
BRDA:119,4,0,0
BRDA:119,4,1,6
BRDA:124,5,0,6
BRDA:124,5,1,6
BRF:12
BRH:8
end_of_record
TN:
SF:src/components/chat/SelectedConversation.js
FN:21,(anonymous_0)
FN:101,(anonymous_1)
FN:128,(anonymous_2)
FN:131,(anonymous_3)
FN:132,(anonymous_4)
FN:140,(anonymous_5)
FN:144,(anonymous_6)
FN:147,(anonymous_7)
FN:159,(anonymous_8)
FN:177,(anonymous_9)
FN:215,(anonymous_10)
FN:243,(anonymous_11)
FN:253,(anonymous_12)
FN:263,(anonymous_13)
FN:273,(anonymous_14)
FN:283,(anonymous_15)
FN:293,(anonymous_16)
FN:303,(anonymous_17)
FN:313,(anonymous_18)
FN:323,(anonymous_19)
FN:333,(anonymous_20)
FNF:21
FNH:19
FNDA:1,(anonymous_0)
FNDA:2,(anonymous_1)
FNDA:1485,(anonymous_2)
FNDA:2,(anonymous_3)
FNDA:2,(anonymous_4)
FNDA:2,(anonymous_5)
FNDA:1,(anonymous_6)
FNDA:0,(anonymous_7)
FNDA:0,(anonymous_8)
FNDA:1,(anonymous_9)
FNDA:4,(anonymous_10)
FNDA:218,(anonymous_11)
FNDA:1222,(anonymous_12)
FNDA:72,(anonymous_13)
FNDA:376,(anonymous_14)
FNDA:210,(anonymous_15)
FNDA:1802,(anonymous_16)
FNDA:254,(anonymous_17)
FNDA:440,(anonymous_18)
FNDA:778,(anonymous_19)
FNDA:990,(anonymous_20)
DA:21,3
DA:101,3
DA:102,2
DA:106,3
DA:127,3
DA:128,3
DA:129,1485
DA:131,3
DA:132,2
DA:133,2
DA:135,2
DA:136,2
DA:137,2
DA:138,2
DA:139,2
DA:140,2
DA:141,2
DA:142,2
DA:144,2
DA:145,1
DA:147,2
DA:148,0
DA:149,0
DA:150,0
DA:159,2
DA:160,0
DA:161,0
DA:162,0
DA:163,0
DA:172,2
DA:177,1
DA:216,4
DA:244,218
DA:254,1222
DA:264,72
DA:274,376
DA:284,210
DA:294,1802
DA:304,254
DA:314,440
DA:324,778
DA:334,990
LF:42
LH:35
BRDA:102,0,0,0
BRDA:102,0,1,2
BRDA:129,1,0,741
BRDA:129,1,1,744
BRDA:148,2,0,0
BRDA:148,2,1,0
BRDA:160,3,0,0
BRDA:160,3,1,0
BRDA:187,4,0,0
BRDA:187,4,1,2
BRF:10
BRH:4
end_of_record
TN:
SF:src/components/chat/selectedConvDetails/Message.js
FN:45,(anonymous_0)
FN:110,(anonymous_1)
FN:113,(anonymous_2)
FNF:3
FNH:3
FNDA:1,(anonymous_0)
FNDA:4,(anonymous_1)
FNDA:4,(anonymous_2)
DA:7,3
DA:8,3
DA:10,3
DA:45,3
DA:110,3
DA:111,4
DA:112,4
DA:113,4
DA:114,4
LF:9
LH:9
BRDA:129,0,0,3
BRDA:129,0,1,1
BRDA:138,1,0,3
BRDA:138,1,1,1
BRDA:146,2,0,2
BRDA:146,2,1,2
BRDA:146,3,0,4
BRDA:146,3,1,2
BRDA:157,4,0,3
BRDA:157,4,1,1
BRF:10
BRH:10
end_of_record
TN:
SF:src/components/chat/selectedConvDetails/SendMessageField.js
FN:10,(anonymous_0)
FN:33,(anonymous_1)
FN:37,(anonymous_2)
FN:38,(anonymous_3)
FN:43,(anonymous_4)
FN:46,(anonymous_5)
FN:52,(anonymous_6)
FN:67,(anonymous_7)
FNF:8
FNH:8
FNDA:1,(anonymous_0)
FNDA:7,(anonymous_1)
FNDA:19,(anonymous_2)
FNDA:3,(anonymous_3)
FNDA:1,(anonymous_4)
FNDA:2,(anonymous_5)
FNDA:1,(anonymous_6)
FNDA:2,(anonymous_7)
DA:10,3
DA:33,3
DA:34,7
DA:35,7
DA:36,7
DA:37,19
DA:38,7
DA:39,3
DA:40,1
DA:43,7
DA:44,1
DA:46,7
DA:47,2
DA:48,2
DA:49,2
DA:50,2
DA:52,7
DA:53,1
DA:56,7
DA:67,2
LF:20
LH:20
BRDA:39,0,0,1
BRDA:39,0,1,2
BRDA:67,1,0,1
BRDA:67,1,1,1
BRF:4
BRH:4
end_of_record
TN:
SF:src/components/common/Copyright.js
FN:6,(anonymous_0)
FN:13,(anonymous_1)
FNF:2
FNH:2
FNDA:5,(anonymous_0)
FNDA:17,(anonymous_1)
DA:6,5
DA:13,5
DA:14,17
DA:15,17
LF:4
LH:4
BRF:0
BRH:0
end_of_record
TN:
SF:src/components/common/Footer.js
FN:6,(anonymous_0)
FN:15,Footer
FNF:2
FNH:2
FNDA:5,(anonymous_0)
FNDA:17,Footer
DA:6,5
DA:16,17
DA:17,17
LF:3
LH:3
BRF:0
BRH:0
end_of_record
TN:
SF:src/components/common/NavBar.js
FN:8,(anonymous_0)
FN:20,NavBar
FNF:2
FNH:2
FNDA:5,(anonymous_0)
FNDA:11,NavBar
DA:8,5
DA:21,11
DA:22,11
LF:3
LH:3
BRF:0
BRH:0
end_of_record
TN:
SF:src/components/common/Page.js
FN:5,(anonymous_0)
FNF:1
FNH:1
FNDA:1,(anonymous_0)
DA:5,4
DA:6,1
DA:8,1
LF:3
LH:3
BRF:0
BRH:0
end_of_record
TN:
SF:src/components/common/Pagination.js
FN:9,(anonymous_0)
FN:10,(anonymous_1)
FN:36,(anonymous_2)
FN:39,(anonymous_3)
FNF:4
FNH:4
FNDA:33,(anonymous_0)
FNDA:33,(anonymous_1)
FNDA:30,(anonymous_2)
FNDA:1,(anonymous_3)
DA:9,9
DA:10,33
DA:26,33
DA:27,33
DA:28,33
DA:30,33
DA:31,30
DA:33,33
DA:37,30
DA:39,1
LF:10
LH:10
BRDA:40,0,0,30
BRDA:40,0,1,13
BRF:2
BRH:2
end_of_record
TN:
SF:src/components/common/SettingsHeader.js
FN:5,(anonymous_0)
FN:21,(anonymous_1)
FNF:2
FNH:2
FNDA:12,(anonymous_0)
FNDA:37,(anonymous_1)
DA:5,14
DA:21,14
DA:22,37
DA:24,37
LF:4
LH:4
BRF:0
BRH:0
end_of_record
TN:
SF:src/components/common/loading.js
FN:3,(anonymous_0)
FNF:1
FNH:1
FNDA:30,(anonymous_0)
DA:4,30
LF:1
LH:1
BRF:0
BRH:0
end_of_record
TN:
SF:src/components/common/mainNavbar.js
FN:18,(anonymous_0)
FN:47,Alert
FN:52,(anonymous_2)
FN:62,(anonymous_3)
FN:65,(anonymous_4)
FN:68,(anonymous_5)
FN:69,(anonymous_6)
FN:72,(anonymous_7)
FN:73,(anonymous_8)
FN:74,(anonymous_9)
FN:78,(anonymous_10)
FN:84,(anonymous_11)
FN:87,(anonymous_12)
FN:88,(anonymous_13)
FN:90,(anonymous_14)
FN:91,(anonymous_15)
FN:101,(anonymous_16)
FN:109,(anonymous_17)
FN:112,(anonymous_18)
FN:116,(anonymous_19)
FN:119,(anonymous_20)
FN:120,(anonymous_21)
FN:121,(anonymous_22)
FN:124,(anonymous_23)
FN:169,(anonymous_24)
FN:177,(anonymous_25)
FNF:26
FNH:8
FNDA:3,(anonymous_0)
FNDA:1,Alert
FNDA:8,(anonymous_2)
FNDA:4,(anonymous_3)
FNDA:0,(anonymous_4)
FNDA:0,(anonymous_5)
FNDA:0,(anonymous_6)
FNDA:0,(anonymous_7)
FNDA:0,(anonymous_8)
FNDA:0,(anonymous_9)
FNDA:0,(anonymous_10)
FNDA:4,(anonymous_11)
FNDA:4,(anonymous_12)
FNDA:0,(anonymous_13)
FNDA:0,(anonymous_14)
FNDA:0,(anonymous_15)
FNDA:1,(anonymous_16)
FNDA:0,(anonymous_17)
FNDA:0,(anonymous_18)
FNDA:1,(anonymous_19)
FNDA:0,(anonymous_20)
FNDA:0,(anonymous_21)
FNDA:0,(anonymous_22)
FNDA:0,(anonymous_23)
FNDA:0,(anonymous_24)
FNDA:0,(anonymous_25)
DA:18,5
DA:48,1
DA:50,5
DA:51,5
DA:52,5
DA:53,8
DA:54,8
DA:55,8
DA:56,8
DA:57,8
DA:58,8
DA:59,8
DA:60,8
DA:62,8
DA:63,4
DA:65,4
DA:66,0
DA:69,0
DA:70,0
DA:72,0
DA:73,0
DA:74,0
DA:75,0
DA:76,0
DA:78,0
DA:79,0
DA:84,8
DA:85,4
DA:87,4
DA:88,4
DA:89,0
DA:90,0
DA:91,0
DA:93,0
DA:98,4
DA:99,4
DA:101,4
DA:102,1
DA:105,8
DA:106,8
DA:108,0
DA:109,0
DA:112,8
DA:113,0
DA:116,8
DA:117,1
DA:119,8
DA:120,0
DA:121,0
DA:124,8
DA:125,0
DA:126,0
DA:129,0
DA:132,8
DA:169,0
DA:177,0
LF:56
LH:32
BRDA:89,0,0,0
BRDA:89,0,1,0
BRDA:106,1,0,0
BRDA:106,1,1,8
BRDA:125,2,0,0
BRDA:125,2,1,0
BRF:6
BRH:1
end_of_record
TN:
SF:src/components/common/sidebar.js
FN:27,(anonymous_0)
FN:61,(anonymous_1)
FN:65,(anonymous_2)
FN:67,handleOpenSettings
FN:177,(anonymous_4)
FN:261,(anonymous_5)
FNF:6
FNH:6
FNDA:6,(anonymous_0)
FNDA:16,(anonymous_1)
FNDA:27,(anonymous_2)
FNDA:1,handleOpenSettings
FNDA:112,(anonymous_4)
FNDA:64,(anonymous_5)
DA:27,6
DA:61,4
DA:62,16
DA:63,16
DA:65,27
DA:68,1
DA:70,16
DA:71,16
DA:76,14
DA:79,16
DA:178,112
DA:179,30
DA:262,64
DA:263,20
LF:14
LH:14
BRDA:71,0,0,14
BRDA:71,0,1,2
BRDA:72,1,0,16
BRDA:72,1,1,4
BRDA:72,1,2,3
BRDA:178,2,0,30
BRDA:178,2,1,82
BRDA:187,3,0,0
BRDA:187,3,1,30
BRDA:203,4,0,1
BRDA:203,4,1,15
BRDA:203,5,0,16
BRDA:203,5,1,15
BRDA:203,5,2,15
BRDA:203,5,3,15
BRDA:214,6,0,16
BRDA:214,6,1,15
BRDA:214,6,2,15
BRDA:214,6,3,15
BRDA:262,7,0,20
BRDA:262,7,1,44
BRDA:272,8,0,0
BRDA:272,8,1,20
BRF:23
BRH:21
end_of_record
TN:
SF:src/components/dashboard/Chart.js
FN:5,(anonymous_0)
FN:15,(anonymous_1)
FN:77,(anonymous_2)
FNF:3
FNH:3
FNDA:1,(anonymous_0)
FNDA:1,(anonymous_1)
FNDA:2,(anonymous_2)
DA:5,3
DA:15,3
DA:16,1
DA:18,1
DA:19,1
DA:21,1
DA:32,1
DA:78,2
DA:86,1
LF:9
LH:9
BRDA:78,0,0,1
BRDA:78,0,1,1
BRF:2
BRH:2
end_of_record
TN:
SF:src/components/dashboard/MostTravelled.js
FN:7,(anonymous_0)
FN:19,(anonymous_1)
FN:24,(anonymous_2)
FN:27,(anonymous_3)
FN:28,(anonymous_4)
FN:30,(anonymous_5)
FN:31,(anonymous_6)
FN:40,(anonymous_7)
FNF:8
FNH:4
FNDA:1,(anonymous_0)
FNDA:1,(anonymous_1)
FNDA:1,(anonymous_2)
FNDA:1,(anonymous_3)
FNDA:0,(anonymous_4)
FNDA:0,(anonymous_5)
FNDA:0,(anonymous_6)
FNDA:0,(anonymous_7)
DA:7,3
DA:19,3
DA:20,1
DA:21,1
DA:22,1
DA:24,1
DA:25,1
DA:27,1
DA:28,1
DA:29,0
DA:30,0
DA:31,0
DA:32,0
DA:33,0
DA:38,1
DA:40,1
DA:41,0
DA:45,1
LF:18
LH:12
BRDA:29,0,0,0
BRDA:29,0,1,0
BRF:2
BRH:0
end_of_record
TN:
SF:src/components/requests/Comments.js
FN:24,(anonymous_0)
FN:56,(anonymous_1)
FN:61,(anonymous_2)
FN:62,(anonymous_3)
FN:69,(anonymous_4)
FN:72,(anonymous_5)
FN:75,(anonymous_6)
FN:78,(anonymous_7)
FN:80,(anonymous_8)
FN:85,(anonymous_9)
FN:86,(anonymous_10)
FN:105,(anonymous_11)
FN:111,(anonymous_12)
FN:115,(anonymous_13)
FN:123,(anonymous_14)
FN:127,(anonymous_15)
FN:132,(anonymous_16)
FN:139,(anonymous_17)
FN:141,(anonymous_18)
FN:143,(anonymous_19)
FN:221,(anonymous_20)
FN:250,(anonymous_21)
FNF:22
FNH:21
FNDA:3,(anonymous_0)
FNDA:15,(anonymous_1)
FNDA:61,(anonymous_2)
FNDA:61,(anonymous_3)
FNDA:61,(anonymous_4)
FNDA:61,(anonymous_5)
FNDA:61,(anonymous_6)
FNDA:61,(anonymous_7)
FNDA:6,(anonymous_8)
FNDA:6,(anonymous_9)
FNDA:12,(anonymous_10)
FNDA:8,(anonymous_11)
FNDA:1,(anonymous_12)
FNDA:1,(anonymous_13)
FNDA:0,(anonymous_14)
FNDA:2,(anonymous_15)
FNDA:1,(anonymous_16)
FNDA:1,(anonymous_17)
FNDA:1,(anonymous_18)
FNDA:8,(anonymous_19)
FNDA:30,(anonymous_20)
FNDA:2,(anonymous_21)
DA:24,4
DA:56,4
DA:57,15
DA:58,15
DA:59,15
DA:61,61
DA:62,61
DA:63,15
DA:64,15
DA:65,15
DA:66,15
DA:67,15
DA:69,61
DA:70,15
DA:72,61
DA:73,15
DA:75,61
DA:76,15
DA:78,61
DA:80,15
DA:84,15
DA:85,6
DA:86,12
DA:91,15
DA:92,6
DA:93,6
DA:94,6
DA:95,6
DA:96,6
DA:98,6
DA:99,6
DA:100,6
DA:101,6
DA:102,6
DA:105,15
DA:106,8
DA:107,8
DA:108,8
DA:111,15
DA:112,1
DA:115,15
DA:116,1
DA:117,1
DA:118,1
DA:119,1
DA:120,1
DA:123,15
DA:124,0
DA:127,15
DA:128,2
DA:129,2
DA:132,15
DA:133,1
DA:134,1
DA:135,1
DA:136,1
DA:139,15
DA:140,1
DA:141,1
DA:143,15
DA:144,8
DA:147,15
DA:222,30
DA:250,2
LF:64
LH:63
BRDA:84,0,0,6
BRDA:84,0,1,9
BRDA:84,1,0,15
BRDA:84,1,1,6
BRDA:91,2,0,6
BRDA:91,2,1,9
BRDA:149,3,0,9
BRDA:149,3,1,6
BRDA:149,4,0,15
BRDA:149,4,1,6
BRDA:174,5,0,0
BRDA:174,5,1,6
BRDA:183,6,0,0
BRDA:183,6,1,6
BRDA:216,7,0,2
BRDA:216,7,1,13
BRDA:219,8,0,9
BRDA:219,8,1,6
BRDA:230,9,0,30
BRDA:230,9,1,0
BRDA:238,10,0,30
BRDA:238,10,1,0
BRDA:240,11,0,30
BRDA:240,11,1,0
BRDA:248,12,0,30
BRDA:248,12,1,30
BRDA:324,13,0,5
BRDA:324,13,1,10
BRF:28
BRH:23
end_of_record
TN:
SF:src/components/requests/approvalsCard.js
FN:12,(anonymous_0)
FN:32,ApprovalCard
FNF:2
FNH:2
FNDA:3,(anonymous_0)
FNDA:5,ApprovalCard
DA:12,4
DA:34,5
DA:35,1
DA:37,5
DA:38,1
DA:40,5
DA:41,1
DA:43,5
DA:44,5
LF:9
LH:9
BRDA:34,0,0,1
BRDA:34,0,1,4
BRDA:37,1,0,1
BRDA:37,1,1,4
BRDA:40,2,0,1
BRDA:40,2,1,4
BRF:6
BRH:6
end_of_record
TN:
SF:src/components/requests/requestDetailsCard.js
FN:29,(anonymous_0)
FN:90,(anonymous_1)
FN:99,(anonymous_2)
FN:101,(anonymous_3)
FN:103,(anonymous_4)
FN:111,(anonymous_5)
FN:115,(anonymous_6)
FN:122,(anonymous_7)
FN:129,(anonymous_8)
FN:137,(anonymous_9)
FN:141,(anonymous_10)
FN:145,(anonymous_11)
FN:151,(anonymous_12)
FN:155,(anonymous_13)
FN:167,(anonymous_14)
FN:172,(anonymous_15)
FN:179,(anonymous_16)
FN:181,(anonymous_17)
FN:184,(anonymous_18)
FN:187,(anonymous_19)
FN:192,(anonymous_20)
FN:193,(anonymous_21)
FN:576,(anonymous_22)
FN:597,(anonymous_23)
FNF:24
FNH:24
FNDA:2,(anonymous_0)
FNDA:19,(anonymous_1)
FNDA:51,(anonymous_2)
FNDA:51,(anonymous_3)
FNDA:51,(anonymous_4)
FNDA:2,(anonymous_5)
FNDA:3,(anonymous_6)
FNDA:1,(anonymous_7)
FNDA:1,(anonymous_8)
FNDA:51,(anonymous_9)
FNDA:36,(anonymous_10)
FNDA:3,(anonymous_11)
FNDA:1,(anonymous_12)
FNDA:1,(anonymous_13)
FNDA:1,(anonymous_14)
FNDA:1,(anonymous_15)
FNDA:1,(anonymous_16)
FNDA:1,(anonymous_17)
FNDA:51,(anonymous_18)
FNDA:51,(anonymous_19)
FNDA:19,(anonymous_20)
FNDA:36,(anonymous_21)
FNDA:85,(anonymous_22)
FNDA:1,(anonymous_23)
DA:29,4
DA:90,4
DA:91,19
DA:92,19
DA:93,19
DA:95,19
DA:96,19
DA:97,19
DA:99,51
DA:101,51
DA:102,19
DA:103,51
DA:104,19
DA:107,19
DA:108,19
DA:109,19
DA:111,19
DA:112,2
DA:115,19
DA:116,3
DA:117,3
DA:118,3
DA:119,3
DA:122,19
DA:123,1
DA:124,1
DA:125,1
DA:126,1
DA:129,19
DA:130,1
DA:131,1
DA:132,1
DA:133,1
DA:137,51
DA:138,19
DA:140,19
DA:141,36
DA:142,18
DA:145,19
DA:146,3
DA:147,3
DA:151,19
DA:152,1
DA:155,19
DA:156,1
DA:157,1
DA:158,1
DA:159,1
DA:160,1
DA:161,1
DA:163,0
DA:167,19
DA:168,1
DA:169,1
DA:172,19
DA:173,1
DA:174,1
DA:175,1
DA:176,1
DA:179,19
DA:180,1
DA:181,1
DA:184,51
DA:185,19
DA:187,51
DA:191,19
DA:192,19
DA:193,36
DA:194,18
DA:195,17
DA:197,1
DA:199,17
DA:200,17
DA:202,0
DA:207,18
DA:208,17
DA:209,17
DA:211,0
DA:214,1
DA:220,17
DA:221,17
DA:222,17
DA:223,17
DA:225,17
DA:226,0
DA:228,17
DA:229,0
DA:232,0
DA:237,17
DA:238,17
DA:239,17
DA:240,17
DA:241,17
DA:242,17
DA:244,17
DA:245,17
DA:246,17
DA:247,17
DA:248,17
DA:249,17
DA:251,0
DA:255,17
DA:577,85
DA:597,1
LF:104
LH:97
BRDA:131,0,0,1
BRDA:131,0,1,0
BRDA:140,1,0,18
BRDA:140,1,1,1
BRDA:140,2,0,19
BRDA:140,2,1,18
BRDA:142,3,0,18
BRDA:142,3,1,0
BRDA:157,4,0,1
BRDA:157,4,1,0
BRDA:191,5,0,18
BRDA:191,5,1,1
BRDA:191,6,0,19
BRDA:191,6,1,18
BRDA:194,7,0,17
BRDA:194,7,1,1
BRDA:199,8,0,17
BRDA:199,8,1,0
BRDA:207,9,0,17
BRDA:207,9,1,1
BRDA:208,10,0,17
BRDA:208,10,1,0
BRDA:220,11,0,17
BRDA:220,11,1,0
BRDA:222,12,0,17
BRDA:222,12,1,0
BRDA:225,13,0,0
BRDA:225,13,1,17
BRDA:228,14,0,0
BRDA:228,14,1,17
BRDA:237,15,0,17
BRDA:237,15,1,0
BRDA:244,16,0,17
BRDA:244,16,1,0
BRDA:258,17,0,17
BRDA:258,17,1,17
BRDA:267,18,0,0
BRDA:267,18,1,17
BRDA:455,19,0,17
BRDA:455,19,1,17
BRDA:455,19,2,17
BRDA:455,19,3,17
BRDA:463,20,0,0
BRDA:463,20,1,17
BRDA:471,21,0,17
BRDA:471,21,1,17
BRDA:471,21,2,17
BRDA:471,21,3,17
BRDA:479,22,0,0
BRDA:479,22,1,17
BRDA:551,23,0,17
BRDA:551,23,1,0
BRDA:571,24,0,0
BRDA:571,24,1,17
BRDA:574,25,0,0
BRDA:574,25,1,17
BRDA:581,26,0,85
BRDA:581,26,1,0
BRDA:585,27,0,85
BRDA:585,27,1,0
BRDA:587,28,0,85
BRDA:587,28,1,0
BRDA:595,29,0,85
BRDA:595,29,1,85
BRDA:671,30,0,16
BRDA:671,30,1,1
BRF:66
BRH:46
end_of_record
TN:
SF:src/components/requests/tripRequestsCard.js
FN:9,(anonymous_0)
FN:22,TripInfoCard
FN:105,(anonymous_2)
FN:125,(anonymous_3)
FNF:4
FNH:4
FNDA:3,(anonymous_0)
FNDA:7,TripInfoCard
FNDA:1,(anonymous_2)
FNDA:1,(anonymous_3)
DA:9,4
DA:23,7
DA:25,7
DA:26,1
DA:27,6
DA:28,4
DA:30,2
DA:32,7
DA:105,1
DA:125,1
LF:10
LH:10
BRDA:25,0,0,1
BRDA:25,0,1,6
BRDA:27,1,0,4
BRDA:27,1,1,2
BRDA:98,2,0,7
BRDA:98,2,1,6
BRF:6
BRH:6
end_of_record
TN:
SF:src/components/trips/Multi-city.js
FN:21,(anonymous_0)
FN:23,(anonymous_1)
FN:35,(anonymous_2)
FN:36,(anonymous_3)
FN:38,(anonymous_4)
FN:55,(anonymous_5)
FN:55,(anonymous_6)
FN:79,(anonymous_7)
FN:83,(anonymous_8)
FN:94,(anonymous_9)
FN:97,(anonymous_10)
FN:103,(anonymous_11)
FN:105,(anonymous_12)
FN:119,(anonymous_13)
FN:122,(anonymous_14)
FN:123,(anonymous_15)
FN:129,(anonymous_16)
FN:167,(anonymous_17)
FN:171,(anonymous_18)
FN:172,(anonymous_19)
FN:178,(anonymous_20)
FN:223,(anonymous_21)
FN:259,(anonymous_22)
FN:271,(anonymous_23)
FN:291,(anonymous_24)
FNF:25
FNH:24
FNDA:73,(anonymous_0)
FNDA:165,(anonymous_1)
FNDA:3,(anonymous_2)
FNDA:6,(anonymous_3)
FNDA:20,(anonymous_4)
FNDA:12,(anonymous_5)
FNDA:24,(anonymous_6)
FNDA:11,(anonymous_7)
FNDA:51,(anonymous_8)
FNDA:2,(anonymous_9)
FNDA:37,(anonymous_10)
FNDA:35,(anonymous_11)
FNDA:80,(anonymous_12)
FNDA:1,(anonymous_13)
FNDA:1,(anonymous_14)
FNDA:1,(anonymous_15)
FNDA:90,(anonymous_16)
FNDA:1,(anonymous_17)
FNDA:1,(anonymous_18)
FNDA:1,(anonymous_19)
FNDA:90,(anonymous_20)
FNDA:0,(anonymous_21)
FNDA:1,(anonymous_22)
FNDA:2,(anonymous_23)
FNDA:1,(anonymous_24)
DA:21,3
DA:22,73
DA:23,73
DA:24,165
DA:25,164
DA:28,73
DA:29,72
DA:31,1
DA:35,3
DA:36,6
DA:38,3
DA:39,20
DA:55,24
DA:56,20
DA:76,20
DA:78,20
DA:79,20
DA:80,11
DA:83,51
DA:84,20
DA:86,20
DA:87,20
DA:94,2
DA:98,37
DA:104,35
DA:106,80
DA:120,1
DA:122,1
DA:124,1
DA:130,90
DA:168,1
DA:171,1
DA:173,1
DA:179,90
DA:224,0
DA:259,1
DA:272,2
DA:292,1
LF:38
LH:37
BRDA:24,0,0,164
BRDA:24,0,1,1
BRDA:24,1,0,165
BRDA:24,1,1,17
BRDA:24,1,2,13
BRDA:28,2,0,72
BRDA:28,2,1,1
BRDA:28,3,0,73
BRDA:28,3,1,63
BRDA:28,3,2,1
BRDA:55,4,0,24
BRDA:55,4,1,24
BRDA:140,5,0,90
BRDA:140,5,1,7
BRDA:140,5,2,2
BRDA:145,6,0,2
BRDA:145,6,1,88
BRDA:145,7,0,90
BRDA:145,7,1,7
BRDA:145,7,2,2
BRDA:190,8,0,90
BRDA:190,8,1,5
BRDA:190,8,2,2
BRDA:196,9,0,2
BRDA:196,9,1,88
BRDA:196,10,0,90
BRDA:196,10,1,5
BRDA:196,10,2,2
BRDA:242,11,0,80
BRDA:242,11,1,0
BRDA:242,11,2,0
BRDA:247,12,0,0
BRDA:247,12,1,80
BRDA:247,13,0,80
BRDA:247,13,1,0
BRDA:247,13,2,0
BRDA:255,14,0,70
BRDA:255,14,1,10
BRDA:268,15,0,10
BRDA:268,15,1,25
BRDA:269,16,0,1
BRDA:269,16,1,9
BRDA:278,17,0,8
BRDA:278,17,1,1
BRDA:318,18,0,35
BRDA:318,18,1,2
BRF:46
BRH:41
end_of_record
TN:
SF:src/components/trips/Oneway.js
FN:25,(anonymous_0)
FN:41,(anonymous_1)
FN:42,(anonymous_2)
FN:43,(anonymous_3)
FN:77,(anonymous_4)
FN:81,(anonymous_5)
FN:96,(anonymous_6)
FN:98,(anonymous_7)
FN:115,(anonymous_8)
FN:118,(anonymous_9)
FN:119,(anonymous_10)
FN:125,(anonymous_11)
FN:156,(anonymous_12)
FN:160,(anonymous_13)
FN:161,(anonymous_14)
FN:167,(anonymous_15)
FN:202,(anonymous_16)
FN:237,(anonymous_17)
FNF:18
FNH:17
FNDA:7,(anonymous_0)
FNDA:3,(anonymous_1)
FNDA:6,(anonymous_2)
FNDA:4,(anonymous_3)
FNDA:4,(anonymous_4)
FNDA:13,(anonymous_5)
FNDA:1,(anonymous_6)
FNDA:6,(anonymous_7)
FNDA:1,(anonymous_8)
FNDA:1,(anonymous_9)
FNDA:1,(anonymous_10)
FNDA:10,(anonymous_11)
FNDA:1,(anonymous_12)
FNDA:1,(anonymous_13)
FNDA:1,(anonymous_14)
FNDA:10,(anonymous_15)
FNDA:0,(anonymous_16)
FNDA:3,(anonymous_17)
DA:25,4
DA:26,7
DA:35,7
DA:37,0
DA:41,4
DA:42,6
DA:43,4
DA:44,4
DA:53,4
DA:74,4
DA:76,4
DA:77,4
DA:78,4
DA:81,13
DA:82,4
DA:84,4
DA:86,4
DA:96,1
DA:99,6
DA:116,1
DA:118,1
DA:120,1
DA:126,10
DA:157,1
DA:160,1
DA:162,1
DA:168,10
DA:203,0
DA:238,3
LF:29
LH:27
BRDA:26,0,0,7
BRDA:26,0,1,0
BRDA:27,1,0,7
BRDA:27,1,1,1
BRDA:27,1,2,1
BRDA:27,1,3,0
BRDA:27,1,4,0
BRDA:27,1,5,0
BRDA:137,2,0,10
BRDA:137,2,1,2
BRDA:140,3,0,10
BRDA:140,3,1,2
BRDA:179,4,0,10
BRDA:179,4,1,1
BRDA:182,5,0,10
BRDA:182,5,1,1
BRDA:206,6,0,6
BRDA:206,6,1,6
BRDA:209,7,0,6
BRDA:209,7,1,6
BRDA:226,8,0,6
BRDA:226,8,1,0
BRDA:229,9,0,6
BRDA:229,9,1,0
BRDA:234,10,0,6
BRDA:234,10,1,0
BRDA:235,11,0,3
BRDA:235,11,1,3
BRDA:244,12,0,0
BRDA:244,12,1,3
BRDA:263,13,0,6
BRDA:263,13,1,0
BRF:32
BRH:23
end_of_record
TN:
SF:src/components/trips/Return.js
FN:25,(anonymous_0)
FN:40,(anonymous_1)
FN:41,(anonymous_2)
FN:43,(anonymous_3)
FN:80,(anonymous_4)
FN:84,(anonymous_5)
FN:100,(anonymous_6)
FN:102,(anonymous_7)
FN:119,(anonymous_8)
FN:122,(anonymous_9)
FN:123,(anonymous_10)
FN:129,(anonymous_11)
FN:160,(anonymous_12)
FN:164,(anonymous_13)
FN:165,(anonymous_14)
FN:171,(anonymous_15)
FN:206,(anonymous_16)
FN:232,(anonymous_17)
FN:266,(anonymous_18)
FNF:19
FNH:17
FNDA:9,(anonymous_0)
FNDA:3,(anonymous_1)
FNDA:6,(anonymous_2)
FNDA:6,(anonymous_3)
FNDA:5,(anonymous_4)
FNDA:18,(anonymous_5)
FNDA:1,(anonymous_6)
FNDA:8,(anonymous_7)
FNDA:1,(anonymous_8)
FNDA:1,(anonymous_9)
FNDA:1,(anonymous_10)
FNDA:12,(anonymous_11)
FNDA:1,(anonymous_12)
FNDA:1,(anonymous_13)
FNDA:1,(anonymous_14)
FNDA:12,(anonymous_15)
FNDA:0,(anonymous_16)
FNDA:0,(anonymous_17)
FNDA:3,(anonymous_18)
DA:25,4
DA:26,9
DA:34,9
DA:36,0
DA:40,4
DA:41,6
DA:43,4
DA:44,6
DA:56,6
DA:77,6
DA:79,6
DA:80,6
DA:81,5
DA:84,18
DA:85,6
DA:87,6
DA:89,6
DA:100,1
DA:103,8
DA:120,1
DA:122,1
DA:124,1
DA:130,12
DA:161,1
DA:164,1
DA:166,1
DA:172,12
DA:207,0
DA:233,0
DA:267,3
LF:30
LH:27
BRDA:26,0,0,9
BRDA:26,0,1,0
BRDA:27,1,0,9
BRDA:27,1,1,1
BRDA:27,1,2,1
BRDA:27,1,3,0
BRDA:27,1,4,0
BRDA:27,1,5,0
BRDA:141,2,0,12
BRDA:141,2,1,2
BRDA:144,3,0,12
BRDA:144,3,1,2
BRDA:183,4,0,12
BRDA:183,4,1,1
BRDA:186,5,0,12
BRDA:186,5,1,1
BRDA:210,6,0,8
BRDA:210,6,1,8
BRDA:213,7,0,8
BRDA:213,7,1,8
BRDA:236,8,0,8
BRDA:236,8,1,8
BRDA:239,9,0,8
BRDA:239,9,1,8
BRDA:256,10,0,8
BRDA:256,10,1,0
BRDA:259,11,0,8
BRDA:259,11,1,0
BRDA:263,12,0,6
BRDA:263,12,1,2
BRDA:264,13,0,3
BRDA:264,13,1,3
BRDA:273,14,0,3
BRDA:273,14,1,0
BRDA:292,15,0,8
BRDA:292,15,1,0
BRF:36
BRH:28
end_of_record
TN:
SF:src/components/trips/editTrip.js
FN:30,(anonymous_0)
FN:31,(anonymous_1)
FN:56,(anonymous_2)
FN:57,(anonymous_3)
FN:59,(anonymous_4)
FN:95,(anonymous_5)
FN:101,(anonymous_6)
FN:105,(anonymous_7)
FN:107,(anonymous_8)
FN:112,(anonymous_9)
FN:115,(anonymous_10)
FN:118,(anonymous_11)
FN:120,(anonymous_12)
FN:139,(anonymous_13)
FN:141,(anonymous_14)
FN:158,(anonymous_15)
FN:159,(anonymous_16)
FN:160,(anonymous_17)
FN:166,(anonymous_18)
FN:197,(anonymous_19)
FN:201,(anonymous_20)
FN:202,(anonymous_21)
FN:208,(anonymous_22)
FN:243,(anonymous_23)
FN:273,(anonymous_24)
FN:307,(anonymous_25)
FNF:26
FNH:19
FNDA:4,(anonymous_0)
FNDA:16,(anonymous_1)
FNDA:2,(anonymous_2)
FNDA:4,(anonymous_3)
FNDA:4,(anonymous_4)
FNDA:2,(anonymous_5)
FNDA:16,(anonymous_6)
FNDA:4,(anonymous_7)
FNDA:0,(anonymous_8)
FNDA:16,(anonymous_9)
FNDA:16,(anonymous_10)
FNDA:16,(anonymous_11)
FNDA:2,(anonymous_12)
FNDA:0,(anonymous_13)
FNDA:4,(anonymous_14)
FNDA:0,(anonymous_15)
FNDA:1,(anonymous_16)
FNDA:1,(anonymous_17)
FNDA:4,(anonymous_18)
FNDA:0,(anonymous_19)
FNDA:1,(anonymous_20)
FNDA:1,(anonymous_21)
FNDA:4,(anonymous_22)
FNDA:0,(anonymous_23)
FNDA:0,(anonymous_24)
FNDA:0,(anonymous_25)
DA:30,3
DA:31,4
DA:32,16
DA:33,16
DA:34,16
DA:35,16
DA:37,4
DA:38,4
DA:39,4
DA:40,4
DA:41,4
DA:50,4
DA:52,0
DA:56,3
DA:57,4
DA:59,3
DA:60,4
DA:70,4
DA:91,4
DA:93,4
DA:94,4
DA:95,4
DA:96,2
DA:97,2
DA:98,2
DA:99,2
DA:101,16
DA:102,4
DA:103,4
DA:104,4
DA:105,4
DA:106,4
DA:107,0
DA:108,0
DA:112,16
DA:113,4
DA:115,16
DA:117,4
DA:118,16
DA:120,4
DA:121,2
DA:122,2
DA:126,4
DA:128,4
DA:139,0
DA:142,4
DA:158,0
DA:159,1
DA:161,1
DA:167,4
DA:198,0
DA:201,1
DA:203,1
DA:209,4
DA:244,0
DA:274,0
DA:308,0
LF:57
LH:48
BRDA:41,0,0,4
BRDA:41,0,1,0
BRDA:42,1,0,4
BRDA:42,1,1,4
BRDA:42,1,2,4
BRDA:42,1,3,4
BRDA:42,1,4,0
BRDA:42,1,5,0
BRDA:42,1,6,0
BRDA:106,2,0,0
BRDA:106,2,1,4
BRDA:121,3,0,2
BRDA:121,3,1,0
BRDA:121,4,0,2
BRDA:121,4,1,0
BRDA:178,5,0,4
BRDA:178,5,1,0
BRDA:181,6,0,4
BRDA:181,6,1,0
BRDA:220,7,0,4
BRDA:220,7,1,0
BRDA:223,8,0,4
BRDA:223,8,1,0
BRDA:247,9,0,4
BRDA:247,9,1,4
BRDA:250,10,0,4
BRDA:250,10,1,4
BRDA:263,11,0,4
BRDA:263,11,1,4
BRDA:277,12,0,4
BRDA:277,12,1,4
BRDA:280,13,0,4
BRDA:280,13,1,4
BRDA:297,14,0,4
BRDA:297,14,1,0
BRDA:300,15,0,4
BRDA:300,15,1,0
BRDA:304,16,0,0
BRDA:304,16,1,4
BRDA:305,17,0,0
BRDA:305,17,1,0
BRDA:314,18,0,0
BRDA:314,18,1,0
BRDA:333,19,0,4
BRDA:333,19,1,0
BRF:45
BRH:26
end_of_record
TN:
SF:src/components/trips/trips.js
FN:11,(anonymous_0)
FN:14,(anonymous_1)
FN:40,(anonymous_2)
FN:49,(anonymous_3)
FNF:4
FNH:3
FNDA:1,(anonymous_0)
FNDA:3,(anonymous_1)
FNDA:0,(anonymous_2)
FNDA:6,(anonymous_3)
DA:11,3
DA:12,1
DA:14,3
DA:15,3
DA:16,3
DA:17,3
DA:22,3
DA:23,1
DA:25,2
DA:34,2
DA:36,2
DA:40,0
DA:50,6
LF:13
LH:12
BRDA:22,0,0,1
BRDA:22,0,1,2
BRDA:55,1,0,2
BRDA:55,1,1,0
BRDA:56,2,0,2
BRDA:56,2,1,1
BRDA:57,3,0,2
BRDA:57,3,1,1
BRF:8
BRH:7
end_of_record
TN:
SF:src/helpers/fetchData.js
FNF:0
FNH:0
DA:4,12
LF:1
LH:1
BRF:0
BRH:0
end_of_record
TN:
SF:src/helpers/httpService.js
FNF:0
FNH:0
DA:3,5
LF:1
LH:1
BRDA:7,0,0,5
BRDA:7,0,1,5
BRF:2
BRH:2
end_of_record
TN:
SF:src/helpers/setAuth.helper.js
FN:2,(anonymous_0)
FN:11,(anonymous_1)
FNF:2
FNH:2
FNDA:4,(anonymous_0)
FNDA:2,(anonymous_1)
DA:3,4
DA:4,1
DA:5,1
DA:7,3
DA:12,2
DA:13,1
DA:14,1
DA:16,1
LF:8
LH:8
BRDA:3,0,0,1
BRDA:3,0,1,3
BRDA:12,1,0,1
BRDA:12,1,1,1
BRF:4
BRH:4
end_of_record
TN:
SF:src/helpers/utils/action.utils.js
FN:1,(anonymous_0)
FN:2,(anonymous_1)
FN:3,(anonymous_2)
FNF:3
FNH:3
FNDA:3694,(anonymous_0)
FNDA:3985,(anonymous_1)
FNDA:3629,(anonymous_2)
DA:1,3694
DA:2,3985
DA:3,3629
LF:3
LH:3
BRF:0
BRH:0
end_of_record
TN:
SF:src/helpers/utils/test.utils.js
FN:8,(anonymous_0)
FNF:1
FNH:1
FNDA:1,(anonymous_0)
DA:6,1
DA:7,1
DA:8,1
DA:9,1
LF:4
LH:4
BRF:0
BRH:0
end_of_record
TN:
SF:src/redux/store.js
FN:8,(anonymous_0)
FNF:1
FNH:1
FNDA:42,(anonymous_0)
DA:8,16
DA:9,42
LF:2
LH:2
BRF:0
BRH:0
end_of_record
TN:
SF:src/redux/actions/actionTypes.js
FNF:0
FNH:0
DA:1,60
DA:2,60
DA:3,60
DA:4,60
DA:5,60
DA:6,60
DA:7,60
DA:8,60
DA:9,60
DA:10,60
DA:11,60
DA:12,60
DA:13,60
DA:14,60
DA:15,60
DA:16,60
DA:17,60
DA:18,60
DA:19,60
DA:20,60
DA:21,60
DA:22,60
DA:23,60
DA:24,60
DA:25,60
DA:26,60
DA:27,60
DA:28,60
DA:29,60
DA:30,60
DA:31,60
DA:32,60
DA:33,60
DA:34,60
DA:35,60
DA:36,60
DA:37,60
DA:38,60
DA:39,60
DA:40,60
DA:41,60
DA:42,60
LF:42
LH:42
BRF:0
BRH:0
end_of_record
TN:
SF:src/redux/actions/bookAccommodation.js
FN:10,(anonymous_0)
FN:17,(anonymous_1)
FN:24,(anonymous_2)
FN:35,(anonymous_3)
FNF:4
FNH:4
FNDA:1,(anonymous_0)
FNDA:1,(anonymous_1)
FNDA:1,(anonymous_2)
FNDA:1,(anonymous_3)
DA:10,4
DA:11,1
DA:17,4
DA:18,1
DA:19,1
DA:24,4
DA:25,1
DA:26,1
DA:30,1
DA:35,4
DA:36,1
LF:11
LH:11
BRF:0
BRH:0
end_of_record
TN:
SF:src/redux/actions/createAccommodationsAction.js
FN:4,(anonymous_0)
FNF:1
FNH:1
FNDA:1,(anonymous_0)
DA:5,1
LF:1
LH:1
BRF:0
BRH:0
end_of_record
TN:
SF:src/redux/actions/editTripAction.js
FN:6,(anonymous_0)
FN:13,(anonymous_1)
FNF:2
FNH:2
FNDA:4,(anonymous_0)
FNDA:2,(anonymous_1)
DA:6,4
DA:7,4
DA:8,4
DA:9,4
DA:10,4
DA:13,4
DA:15,2
DA:16,1
DA:24,1
DA:31,2
LF:10
LH:10
BRDA:15,0,0,1
BRDA:15,0,1,1
BRF:2
BRH:2
end_of_record
TN:
SF:src/redux/actions/getAccommodations.js
FN:4,(anonymous_0)
FNF:1
FNH:1
FNDA:2,(anonymous_0)
DA:5,2
LF:1
LH:1
BRF:0
BRH:0
end_of_record
TN:
SF:src/redux/actions/getChatUsersAction.js
FN:4,(anonymous_0)
FN:10,(anonymous_1)
FNF:2
FNH:2
FNDA:2,(anonymous_0)
FNDA:1,(anonymous_1)
DA:4,5
DA:5,2
DA:10,5
DA:11,1
LF:4
LH:4
BRF:0
BRH:0
end_of_record
TN:
SF:src/redux/actions/getLocations.js
FN:4,(anonymous_0)
FNF:1
FNH:1
FNDA:35,(anonymous_0)
DA:5,35
LF:1
LH:1
BRF:0
BRH:0
end_of_record
TN:
SF:src/redux/actions/getMessagesActions.js
FN:4,(anonymous_0)
FN:11,(anonymous_1)
FNF:2
FNH:2
FNDA:1,(anonymous_0)
FNDA:1,(anonymous_1)
DA:4,6
DA:5,1
DA:6,0
DA:11,6
DA:12,1
LF:5
LH:4
BRF:0
BRH:0
end_of_record
TN:
SF:src/redux/actions/loginAction.js
FN:4,(anonymous_0)
FN:11,(anonymous_1)
FNF:2
FNH:2
FNDA:3,(anonymous_0)
FNDA:2,(anonymous_1)
DA:4,7
DA:5,3
DA:11,7
DA:12,2
LF:4
LH:4
BRF:0
BRH:0
end_of_record
TN:
SF:src/redux/actions/logoutAction.js
FN:5,(anonymous_0)
FNF:1
FNH:1
FNDA:2,(anonymous_0)
DA:5,5
DA:6,2
LF:2
LH:2
BRF:0
BRH:0
end_of_record
TN:
SF:src/redux/actions/notificationPreferenceAction.js
FN:4,(anonymous_0)
FNF:1
FNH:1
FNDA:3,(anonymous_0)
DA:4,5
DA:5,3
LF:2
LH:2
BRF:0
BRH:0
end_of_record
TN:
SF:src/redux/actions/requestApprovalAction.js
FN:6,(anonymous_0)
FNF:1
FNH:1
FNDA:6,(anonymous_0)
DA:6,6
DA:7,6
LF:2
LH:2
BRF:0
BRH:0
end_of_record
TN:
SF:src/redux/actions/requestsAction.js
FN:22,(anonymous_0)
FN:29,(anonymous_1)
FN:36,(anonymous_2)
FN:43,(anonymous_3)
FN:50,(anonymous_4)
FN:57,(anonymous_5)
FNF:6
FNH:6
FNDA:13,(anonymous_0)
FNDA:16,(anonymous_1)
FNDA:2,(anonymous_2)
FNDA:2,(anonymous_3)
FNDA:42,(anonymous_4)
FNDA:3,(anonymous_5)
DA:22,9
DA:23,13
DA:29,9
DA:30,16
DA:36,9
DA:37,2
DA:43,9
DA:44,2
DA:50,9
DA:51,42
DA:57,9
DA:58,3
LF:12
LH:12
BRF:0
BRH:0
end_of_record
TN:
SF:src/redux/actions/resetPasswordAction.js
FN:4,(anonymous_0)
FN:11,(anonymous_1)
FNF:2
FNH:2
FNDA:1,(anonymous_0)
FNDA:1,(anonymous_1)
DA:4,4
DA:5,1
DA:11,4
DA:12,1
LF:4
LH:4
BRF:0
BRH:0
end_of_record
TN:
SF:src/redux/actions/searchAction.js
FN:4,(anonymous_0)
FNF:1
FNH:1
FNDA:2,(anonymous_0)
DA:4,4
DA:5,2
LF:2
LH:2
BRF:0
BRH:0
end_of_record
TN:
SF:src/redux/actions/searchContacts.js
FN:3,(anonymous_0)
FNF:1
FNH:1
FNDA:3,(anonymous_0)
DA:4,3
LF:1
LH:1
BRF:0
BRH:0
end_of_record
TN:
SF:src/redux/actions/selectConversation.js
FN:4,(anonymous_0)
FN:11,(anonymous_1)
FNF:2
FNH:2
FNDA:1,(anonymous_0)
FNDA:1,(anonymous_1)
DA:4,3
DA:5,1
DA:6,1
DA:11,3
LF:4
LH:4
BRF:0
BRH:0
end_of_record
TN:
SF:src/redux/actions/sendMessage.js
FN:4,(anonymous_0)
FN:17,(anonymous_1)
FNF:2
FNH:2
FNDA:2,(anonymous_0)
FNDA:2,(anonymous_1)
DA:4,3
DA:5,2
DA:17,3
DA:18,2
LF:4
LH:4
BRF:0
BRH:0
end_of_record
TN:
SF:src/redux/actions/signupActions.js
FN:4,(anonymous_0)
FNF:1
FNH:1
FNDA:1,(anonymous_0)
DA:5,1
LF:1
LH:1
BRF:0
BRH:0
end_of_record
TN:
SF:src/redux/actions/trips.js
FN:5,(anonymous_0)
FN:12,(anonymous_1)
FN:13,(anonymous_2)
FN:28,(anonymous_3)
FN:41,(anonymous_4)
FNF:5
FNH:5
FNDA:9,(anonymous_0)
FNDA:2,(anonymous_1)
FNDA:4,(anonymous_2)
FNDA:1,(anonymous_3)
FNDA:1,(anonymous_4)
DA:5,7
DA:6,9
DA:7,9
DA:8,9
DA:9,9
DA:12,7
DA:13,2
DA:14,4
DA:20,4
DA:22,2
DA:28,7
DA:29,1
DA:35,1
DA:41,7
DA:42,1
DA:49,1
LF:16
LH:16
BRF:0
BRH:0
end_of_record
TN:
SF:src/redux/actions/updateProfileActions.js
FN:5,(anonymous_0)
FN:12,(anonymous_1)
FNF:2
FNH:2
FNDA:2,(anonymous_0)
FNDA:2,(anonymous_1)
DA:5,5
DA:12,2
DA:13,2
LF:3
LH:3
BRF:0
BRH:0
end_of_record
TN:
SF:src/redux/actions/userAction.js
FN:11,(anonymous_0)
FN:18,(anonymous_1)
FN:25,(anonymous_2)
FN:32,(anonymous_3)
FNF:4
FNH:4
FNDA:11,(anonymous_0)
FNDA:1,(anonymous_1)
FNDA:6,(anonymous_2)
FNDA:1,(anonymous_3)
DA:11,7
DA:12,11
DA:18,7
DA:19,1
DA:25,7
DA:26,6
DA:32,7
DA:33,1
LF:8
LH:8
BRF:0
BRH:0
end_of_record
TN:
SF:src/redux/reducers/AccommodationReducer.js
FN:11,(anonymous_0)
FNF:1
FNH:1
FNDA:145,(anonymous_0)
DA:5,18
DA:11,18
DA:12,145
DA:14,1
DA:19,14
DA:23,1
DA:27,1
DA:32,1
DA:38,1
DA:44,126
LF:10
LH:10
BRDA:11,0,0,77
BRDA:12,1,0,1
BRDA:12,1,1,14
BRDA:12,1,2,1
BRDA:12,1,3,1
BRDA:12,1,4,1
BRDA:12,1,5,1
BRDA:12,1,6,126
BRF:8
BRH:8
end_of_record
TN:
SF:src/redux/reducers/bookAccommodation.js
FN:19,(anonymous_0)
FN:26,(anonymous_1)
FN:27,(anonymous_2)
FNF:3
FNH:3
FNDA:148,(anonymous_0)
FNDA:2,(anonymous_1)
FNDA:2,(anonymous_2)
DA:10,18
DA:19,18
DA:20,148
DA:22,1
DA:27,2
DA:32,2
DA:36,1
DA:40,1
DA:45,1
DA:51,1
DA:56,1
DA:62,1
DA:67,1
DA:73,138
LF:14
LH:14
BRDA:19,0,0,84
BRDA:20,1,0,1
BRDA:20,1,1,2
BRDA:20,1,2,1
BRDA:20,1,3,1
BRDA:20,1,4,1
BRDA:20,1,5,1
BRDA:20,1,6,1
BRDA:20,1,7,1
BRDA:20,1,8,1
BRDA:20,1,9,138
BRF:11
BRH:11
end_of_record
TN:
SF:src/redux/reducers/chatReducer.js
FN:27,(anonymous_0)
FN:92,(anonymous_1)
FN:121,(anonymous_2)
FN:155,(anonymous_3)
FN:166,(anonymous_4)
FNF:5
FNH:5
FNDA:158,(anonymous_0)
FNDA:1,(anonymous_1)
FNDA:1,(anonymous_2)
FNDA:3,(anonymous_3)
FNDA:1,(anonymous_4)
DA:18,18
DA:27,18
DA:28,158
DA:30,1
DA:35,1
DA:39,1
DA:43,1
DA:48,1
DA:52,1
DA:56,1
DA:68,1
DA:69,1
DA:73,1
DA:81,1
DA:89,1
DA:90,1
DA:92,1
DA:98,1
DA:106,1
DA:110,1
DA:114,1
DA:119,1
DA:120,1
DA:121,1
DA:123,1
DA:129,1
DA:141,1
DA:146,1
DA:151,3
DA:156,3
DA:165,1
DA:166,1
DA:168,1
DA:169,1
DA:178,1
DA:183,138
LF:36
LH:36
BRDA:27,0,0,85
BRDA:28,1,0,1
BRDA:28,1,1,1
BRDA:28,1,2,1
BRDA:28,1,3,1
BRDA:28,1,4,1
BRDA:28,1,5,1
BRDA:28,1,6,1
BRDA:28,1,7,1
BRDA:28,1,8,1
BRDA:28,1,9,1
BRDA:28,1,10,1
BRDA:28,1,11,1
BRDA:28,1,12,1
BRDA:28,1,13,1
BRDA:28,1,14,1
BRDA:28,1,15,1
BRDA:28,1,16,3
BRDA:28,1,17,1
BRDA:28,1,18,138
BRDA:132,2,0,0
BRDA:132,2,1,1
BRDA:156,3,0,3
BRDA:156,3,1,2
BRDA:156,3,2,1
BRF:25
BRH:24
end_of_record
TN:
SF:src/redux/reducers/commentReducer.js
FN:13,(anonymous_0)
FNF:1
FNH:1
FNDA:145,(anonymous_0)
DA:7,17
DA:13,17
DA:14,145
DA:16,2
DA:21,1
DA:27,1
DA:32,1
DA:37,1
DA:42,139
LF:9
LH:9
BRDA:13,0,0,82
BRDA:14,1,0,2
BRDA:14,1,1,1
BRDA:14,1,2,1
BRDA:14,1,3,1
BRDA:14,1,4,1
BRDA:14,1,5,139
BRF:7
BRH:7
end_of_record
TN:
SF:src/redux/reducers/editTripReducer.js
FN:12,(anonymous_0)
FNF:1
FNH:1
FNDA:144,(anonymous_0)
DA:6,18
DA:12,18
DA:13,144
DA:15,1
DA:20,1
DA:27,1
DA:33,141
LF:7
LH:7
BRDA:12,0,0,81
BRDA:13,1,0,1
BRDA:13,1,1,1
BRDA:13,1,2,1
BRDA:13,1,3,141
BRF:5
BRH:5
end_of_record
TN:
SF:src/redux/reducers/getAccommodationsReducer.js
FN:9,(anonymous_0)
FNF:1
FNH:1
FNDA:142,(anonymous_0)
DA:4,18
DA:9,18
DA:10,142
DA:12,1
DA:18,2
DA:23,1
DA:27,138
LF:7
LH:7
BRDA:9,0,0,79
BRDA:10,1,0,1
BRDA:10,1,1,2
BRDA:10,1,2,1
BRDA:10,1,3,138
BRF:5
BRH:5
end_of_record
TN:
SF:src/redux/reducers/index.js
FNF:0
FNH:0
LF:0
LH:0
BRF:0
BRH:0
end_of_record
TN:
SF:src/redux/reducers/loginReducer.js
FN:18,(anonymous_0)
FNF:1
FNH:1
FNDA:143,(anonymous_0)
DA:6,18
DA:18,18
DA:19,143
DA:21,1
DA:30,1
DA:41,1
DA:52,1
DA:61,1
DA:70,138
LF:9
LH:9
BRDA:18,0,0,77
BRDA:19,1,0,1
BRDA:19,1,1,1
BRDA:19,1,2,1
BRDA:19,1,3,1
BRDA:19,1,4,1
BRDA:19,1,5,138
BRF:7
BRH:7
end_of_record
TN:
SF:src/redux/reducers/logoutReducer.js
FN:13,(anonymous_0)
FNF:1
FNH:1
FNDA:143,(anonymous_0)
DA:5,18
DA:13,18
DA:14,143
DA:16,1
DA:21,1
DA:29,1
DA:38,140
LF:7
LH:7
BRDA:13,0,0,80
BRDA:14,1,0,1
BRDA:14,1,1,1
BRDA:14,1,2,1
BRDA:14,1,3,140
BRF:5
BRH:5
end_of_record
TN:
SF:src/redux/reducers/multiCityReducer.js
FN:24,(anonymous_0)
FNF:1
FNH:1
FNDA:145,(anonymous_0)
DA:4,18
DA:24,18
DA:25,145
DA:27,1
DA:32,1
DA:38,14
DA:42,1
DA:47,1
DA:53,1
DA:59,2
DA:64,124
LF:11
LH:11
BRDA:24,0,0,82
BRDA:25,1,0,1
BRDA:25,1,1,1
BRDA:25,1,2,14
BRDA:25,1,3,1
BRDA:25,1,4,1
BRDA:25,1,5,1
BRDA:25,1,6,2
BRDA:25,1,7,124
BRF:9
BRH:9
end_of_record
TN:
SF:src/redux/reducers/notificationPrefsReducer.js
FN:12,(anonymous_0)
FNF:1
FNH:1
FNDA:143,(anonymous_0)
DA:5,18
DA:12,18
DA:13,143
DA:15,1
DA:20,1
DA:25,1
DA:31,140
LF:7
LH:7
BRDA:12,0,0,77
BRDA:13,1,0,1
BRDA:13,1,1,1
BRDA:13,1,2,1
BRDA:13,1,3,140
BRF:5
BRH:5
end_of_record
TN:
SF:src/redux/reducers/oneWayTripReducer.js
FN:11,(anonymous_0)
FNF:1
FNH:1
FNDA:145,(anonymous_0)
DA:5,18
DA:11,18
DA:12,145
DA:14,1
DA:20,14
DA:24,1
DA:29,1
DA:35,1
DA:41,1
DA:46,126
LF:10
LH:10
BRDA:11,0,0,82
BRDA:12,1,0,1
BRDA:12,1,1,14
BRDA:12,1,2,1
BRDA:12,1,3,1
BRDA:12,1,4,1
BRDA:12,1,5,1
BRDA:12,1,6,126
BRF:8
BRH:8
end_of_record
TN:
SF:src/redux/reducers/requestsApprovalReducer.js
FN:10,(anonymous_0)
FNF:1
FNH:1
FNDA:144,(anonymous_0)
DA:6,18
DA:10,18
DA:11,144
DA:13,1
DA:15,1
DA:20,2
DA:22,140
LF:7
LH:7
BRDA:10,0,0,81
BRDA:11,1,0,1
BRDA:11,1,1,1
BRDA:11,1,2,2
BRDA:11,1,3,140
BRF:5
BRH:5
end_of_record
TN:
SF:src/redux/reducers/resetPasswordReducer.js
FN:9,(anonymous_0)
FNF:1
FNH:1
FNDA:146,(anonymous_0)
DA:3,19
DA:9,19
DA:10,146
DA:12,2
DA:19,1
DA:25,1
DA:31,2
DA:38,1
DA:44,1
DA:50,138
LF:10
LH:10
BRDA:9,0,0,77
BRDA:10,1,0,2
BRDA:10,1,1,1
BRDA:10,1,2,1
BRDA:10,1,3,2
BRDA:10,1,4,1
BRDA:10,1,5,1
BRDA:10,1,6,138
BRF:8
BRH:8
end_of_record
TN:
SF:src/redux/reducers/returnTripReducer.js
FN:11,(anonymous_0)
FNF:1
FNH:1
FNDA:145,(anonymous_0)
DA:5,18
DA:11,18
DA:12,145
DA:14,1
DA:20,14
DA:24,1
DA:28,1
DA:34,1
DA:40,1
DA:45,126
LF:10
LH:10
BRDA:11,0,0,82
BRDA:12,1,0,1
BRDA:12,1,1,14
BRDA:12,1,2,1
BRDA:12,1,3,1
BRDA:12,1,4,1
BRDA:12,1,5,1
BRDA:12,1,6,126
BRF:8
BRH:8
end_of_record
TN:
SF:src/redux/reducers/searchReducer.js
FN:10,(anonymous_0)
FNF:1
FNH:1
FNDA:143,(anonymous_0)
DA:4,18
DA:10,18
DA:11,143
DA:13,1
DA:18,1
DA:24,1
DA:30,140
LF:7
LH:7
BRDA:10,0,0,80
BRDA:11,1,0,1
BRDA:11,1,1,1
BRDA:11,1,2,1
BRDA:11,1,3,140
BRF:5
BRH:5
end_of_record
TN:
SF:src/redux/reducers/signupReducer.js
FN:10,(anonymous_0)
FNF:1
FNH:1
FNDA:144,(anonymous_0)
DA:4,18
DA:10,18
DA:11,144
DA:13,1
DA:19,1
DA:25,2
DA:30,140
LF:7
LH:7
BRDA:10,0,0,81
BRDA:11,1,0,1
BRDA:11,1,1,1
BRDA:11,1,2,2
BRDA:11,1,3,140
BRF:5
BRH:5
end_of_record
TN:
SF:src/redux/reducers/tripLocationsReducer.js
FN:11,(anonymous_0)
FNF:1
FNH:1
FNDA:144,(anonymous_0)
DA:7,18
DA:11,18
DA:12,144
DA:14,1
DA:16,1
DA:21,11
DA:23,131
LF:7
LH:7
BRDA:11,0,0,81
BRDA:12,1,0,1
BRDA:12,1,1,1
BRDA:12,1,2,11
BRDA:12,1,3,131
BRF:5
BRH:5
end_of_record
TN:
SF:src/redux/reducers/tripRequestsReducer.js
FN:11,(anonymous_0)
FNF:1
FNH:1
FNDA:144,(anonymous_0)
DA:7,18
DA:11,18
DA:12,144
DA:14,1
DA:16,1
DA:21,10
DA:23,132
LF:7
LH:7
BRDA:11,0,0,81
BRDA:12,1,0,1
BRDA:12,1,1,1
BRDA:12,1,2,10
BRDA:12,1,3,132
BRF:5
BRH:5
end_of_record
TN:
SF:src/redux/reducers/updateProfile.js
FN:21,(anonymous_0)
FNF:1
FNH:1
FNDA:145,(anonymous_0)
DA:7,18
DA:21,18
DA:22,145
DA:24,1
DA:32,2
DA:33,1
DA:43,2
DA:52,141
LF:8
LH:8
BRDA:21,0,0,80
BRDA:22,1,0,1
BRDA:22,1,1,2
BRDA:22,1,2,2
BRDA:22,1,3,141
BRDA:32,2,0,1
BRDA:32,2,1,1
BRF:7
BRH:7
end_of_record
TN:
SF:src/redux/reducers/updateRequestStatusReducer.js
FN:13,(anonymous_0)
FNF:1
FNH:1
FNDA:144,(anonymous_0)
DA:7,18
DA:13,18
DA:14,144
DA:16,1
DA:21,1
DA:28,1
DA:33,141
LF:7
LH:7
BRDA:13,0,0,80
BRDA:14,1,0,1
BRDA:14,1,1,1
BRDA:14,1,2,1
BRDA:14,1,3,141
BRF:5
BRH:5
end_of_record
TN:
SF:src/redux/reducers/userReducer.js
FN:9,(anonymous_0)
FNF:1
FNH:1
FNDA:150,(anonymous_0)
DA:1,19
DA:9,19
DA:10,150
DA:12,2
DA:16,1
DA:21,1
DA:25,1
DA:30,1
DA:37,1
DA:44,1
DA:48,1
DA:53,1
DA:57,1
DA:62,1
DA:69,1
DA:76,137
LF:16
LH:16
BRDA:9,0,0,85
BRDA:10,1,0,2
BRDA:10,1,1,1
BRDA:10,1,2,1
BRDA:10,1,3,1
BRDA:10,1,4,1
BRDA:10,1,5,1
BRDA:10,1,6,1
BRDA:10,1,7,1
BRDA:10,1,8,1
BRDA:10,1,9,1
BRDA:10,1,10,1
BRDA:10,1,11,1
BRDA:10,1,12,137
BRF:14
BRH:14
end_of_record
TN:
SF:src/services/accommodationService.js
FN:3,(anonymous_0)
FNF:1
FNH:1
FNDA:1,(anonymous_0)
DA:4,1
DA:5,1
LF:2
LH:2
BRF:0
BRH:0
end_of_record
TN:
SF:src/services/authService.js
FN:4,(anonymous_0)
FN:9,(anonymous_1)
FN:14,(anonymous_2)
FN:20,(anonymous_3)
FNF:4
FNH:4
FNDA:1,(anonymous_0)
FNDA:1,(anonymous_1)
FNDA:2,(anonymous_2)
FNDA:2,(anonymous_3)
DA:4,12
DA:5,1
DA:6,0
DA:9,12
DA:10,1
DA:11,0
DA:14,12
DA:15,2
DA:17,2
DA:20,12
DA:21,2
DA:22,2
LF:12
LH:10
BRF:0
BRH:0
end_of_record
TN:
SF:src/services/editTripService.js
FN:5,(anonymous_0)
FNF:1
FNH:1
FNDA:2,(anonymous_0)
DA:5,4
DA:6,2
DA:7,2
LF:3
LH:3
BRF:0
BRH:0
end_of_record
TN:
SF:src/services/facebookGoogleService.js
FN:4,(anonymous_0)
FNF:1
FNH:1
FNDA:2,(anonymous_0)
DA:5,2
DA:6,2
DA:7,2
LF:3
LH:3
BRDA:5,0,0,1
BRDA:5,0,1,1
BRF:2
BRH:2
end_of_record
TN:
SF:src/services/httpService.js
FNF:0
FNH:0
DA:3,39
LF:1
LH:1
BRDA:7,0,0,39
BRDA:7,0,1,39
BRF:2
BRH:2
end_of_record
TN:
SF:src/services/notificationService.js
FN:3,(anonymous_0)
FNF:1
FNH:1
FNDA:3,(anonymous_0)
DA:3,5
DA:4,3
DA:6,3
LF:3
LH:3
BRF:0
BRH:0
end_of_record
TN:
SF:src/services/requestService.js
FN:4,(anonymous_0)
FN:9,(anonymous_1)
FNF:2
FNH:2
FNDA:6,(anonymous_0)
FNDA:2,(anonymous_1)
DA:5,6
DA:6,6
DA:9,11
DA:10,2
DA:11,2
LF:5
LH:5
BRF:0
BRH:0
end_of_record
TN:
SF:src/services/searchService.js
FN:3,(anonymous_0)
FNF:1
FNH:1
FNDA:2,(anonymous_0)
DA:3,4
DA:4,2
DA:7,2
LF:3
LH:3
BRF:0
BRH:0
end_of_record
TN:
SF:src/services/signupService.js
FN:3,(anonymous_0)
FNF:1
FNH:1
FNDA:1,(anonymous_0)
DA:4,1
DA:10,1
LF:2
LH:2
BRF:0
BRH:0
end_of_record
TN:
SF:src/services/tripLocationsService.js
FN:4,(anonymous_0)
FNF:1
FNH:1
FNDA:16,(anonymous_0)
DA:5,16
DA:6,16
LF:2
LH:2
BRF:0
BRH:0
end_of_record
TN:
SF:src/services/tripRequestsService.js
FN:4,(anonymous_0)
FN:9,(anonymous_1)
FN:14,(anonymous_2)
FN:19,(anonymous_3)
FNF:4
FNH:4
FNDA:13,(anonymous_0)
FNDA:2,(anonymous_1)
FNDA:42,(anonymous_2)
FNDA:3,(anonymous_3)
DA:5,13
DA:6,13
DA:9,9
DA:10,2
DA:11,2
DA:14,9
DA:15,42
DA:16,42
DA:19,9
DA:20,3
DA:21,0
LF:11
LH:10
BRF:0
BRH:0
end_of_record
TN:
SF:src/services/userService.js
FN:3,(anonymous_0)
FN:9,(anonymous_1)
FN:14,(anonymous_2)
FN:19,(anonymous_3)
FNF:4
FNH:4
FNDA:18,(anonymous_0)
FNDA:1,(anonymous_1)
FNDA:6,(anonymous_2)
FNDA:1,(anonymous_3)
DA:3,7
DA:4,18
DA:6,18
DA:9,7
DA:10,1
DA:11,1
DA:14,7
DA:15,6
DA:16,6
DA:19,7
DA:20,1
DA:21,1
DA:24,7
LF:13
LH:13
BRDA:3,0,0,18
BRDA:3,1,0,18
BRF:2
BRH:2
end_of_record
TN:
SF:src/styles/FindUser.js
FN:3,(anonymous_0)
FNF:1
FNH:1
FNDA:1,(anonymous_0)
DA:3,3
LF:1
LH:1
BRF:0
BRH:0
end_of_record
TN:
SF:src/styles/Login.js
FN:3,(anonymous_0)
FNF:1
FNH:1
FNDA:2,(anonymous_0)
DA:3,4
LF:1
LH:1
BRF:0
BRH:0
end_of_record
TN:
SF:src/styles/ResetPassword.js
FN:3,(anonymous_0)
FNF:1
FNH:1
FNDA:1,(anonymous_0)
DA:3,3
LF:1
LH:1
BRF:0
BRH:0
end_of_record
TN:
SF:src/styles/signup.js
FN:3,(anonymous_0)
FNF:1
FNH:1
FNDA:2,(anonymous_0)
DA:3,2
LF:1
LH:1
BRF:0
BRH:0
end_of_record
TN:
SF:src/views/AccommodationsView.js
FN:4,(anonymous_0)
FNF:1
FNH:1
FNDA:2,(anonymous_0)
DA:4,3
DA:5,2
DA:6,2
LF:3
LH:3
BRDA:8,0,0,2
BRDA:8,0,1,2
BRDA:8,0,2,1
BRF:3
BRH:3
end_of_record
TN:
SF:src/views/CommentsView.js
FN:8,(anonymous_0)
FN:13,CommentsView
FNF:2
FNH:2
FNDA:1,(anonymous_0)
FNDA:1,CommentsView
DA:8,3
DA:14,1
DA:15,1
LF:3
LH:3
BRF:0
BRH:0
end_of_record
TN:
SF:src/views/Dashboard.js
FN:9,(anonymous_0)
FN:15,Dashboard
FN:17,(anonymous_2)
FNF:3
FNH:3
FNDA:1,(anonymous_0)
FNDA:1,Dashboard
FNDA:2,(anonymous_2)
DA:9,3
DA:16,1
DA:17,2
DA:19,1
LF:4
LH:4
BRF:0
BRH:0
end_of_record
TN:
SF:src/views/Login.js
FN:6,Login
FNF:1
FNH:1
FNDA:6,Login
DA:7,6
LF:1
LH:1
BRF:0
BRH:0
end_of_record
TN:
SF:src/views/NotFound.js
FN:9,(anonymous_0)
FN:35,(anonymous_1)
FNF:2
FNH:2
FNDA:1,(anonymous_0)
FNDA:1,(anonymous_1)
DA:9,4
DA:35,4
DA:36,1
DA:37,1
DA:38,1
DA:40,1
LF:6
LH:6
BRDA:42,0,0,0
BRDA:42,0,1,1
BRF:2
BRH:1
end_of_record
TN:
SF:src/views/ProfilePageEditView.js
FN:23,ProfilePageEditView
FN:24,(anonymous_1)
FN:86,(anonymous_2)
FN:90,(anonymous_3)
FN:94,(anonymous_4)
FN:98,(anonymous_5)
FN:102,(anonymous_6)
FN:106,(anonymous_7)
FN:113,(anonymous_8)
FN:117,(anonymous_9)
FN:121,(anonymous_10)
FN:125,(anonymous_11)
FN:126,(anonymous_12)
FN:131,(anonymous_13)
FN:141,(anonymous_14)
FN:142,(anonymous_15)
FNF:16
FNH:16
FNDA:11,ProfilePageEditView
FNDA:11,(anonymous_1)
FNDA:1,(anonymous_2)
FNDA:1,(anonymous_3)
FNDA:1,(anonymous_4)
FNDA:1,(anonymous_5)
FNDA:1,(anonymous_6)
FNDA:18,(anonymous_7)
FNDA:2,(anonymous_8)
FNDA:3,(anonymous_9)
FNDA:18,(anonymous_10)
FNDA:2,(anonymous_11)
FNDA:2,(anonymous_12)
FNDA:1,(anonymous_13)
FNDA:6,(anonymous_14)
FNDA:1,(anonymous_15)
DA:22,4
DA:24,11
DA:77,11
DA:78,11
DA:80,11
DA:81,11
DA:82,11
DA:83,11
DA:84,11
DA:86,11
DA:87,1
DA:90,11
DA:91,1
DA:94,11
DA:95,1
DA:98,11
DA:99,1
DA:102,11
DA:103,1
DA:106,18
DA:107,11
DA:108,11
DA:111,11
DA:112,11
DA:113,11
DA:114,2
DA:117,11
DA:118,3
DA:121,11
DA:122,18
DA:125,11
DA:126,2
DA:127,2
DA:131,11
DA:132,1
DA:140,1
DA:141,6
DA:143,1
DA:144,1
DA:145,1
DA:148,1
DA:149,1
DA:153,11
LF:43
LH:43
BRDA:143,0,0,1
BRDA:143,0,1,0
BRDA:156,1,0,7
BRDA:156,1,1,4
BRDA:168,2,0,11
BRDA:168,2,1,11
BRDA:183,3,0,11
BRDA:183,3,1,11
BRDA:196,4,0,11
BRDA:196,4,1,11
BRDA:223,5,0,2
BRDA:223,5,1,9
BRDA:258,6,0,2
BRDA:258,6,1,9
BRDA:293,7,0,2
BRDA:293,7,1,9
BRDA:346,8,0,11
BRDA:346,8,1,6
BRDA:346,8,2,6
BRDA:346,8,3,6
BRDA:346,8,4,6
BRDA:346,8,5,6
BRDA:346,8,6,7
BRDA:361,9,0,4
BRDA:361,9,1,7
BRF:25
BRH:24
end_of_record
TN:
SF:src/views/SettingsView.js
FN:11,(anonymous_0)
FN:23,(anonymous_1)
FN:28,(anonymous_2)
FN:43,(anonymous_3)
FN:60,(anonymous_4)
FNF:5
FNH:5
FNDA:1,(anonymous_0)
FNDA:6,(anonymous_1)
FNDA:1,(anonymous_2)
FNDA:14,(anonymous_3)
FNDA:16,(anonymous_4)
DA:11,3
DA:23,3
DA:24,6
DA:25,6
DA:26,6
DA:28,6
DA:29,1
DA:32,6
DA:39,6
DA:40,1
DA:43,14
DA:44,1
DA:47,4
DA:61,16
LF:14
LH:14
BRDA:39,0,0,1
BRDA:39,0,1,5
BRDA:43,1,0,1
BRDA:43,1,1,4
BRDA:66,2,0,4
BRDA:66,2,1,1
BRDA:67,3,0,4
BRDA:67,3,1,1
BRDA:68,4,0,4
BRDA:68,4,1,1
BRDA:69,5,0,4
BRDA:69,5,1,1
BRF:12
BRH:12
end_of_record
TN:
SF:src/views/Signup.js
FN:6,(anonymous_0)
FNF:1
FNH:1
FNDA:4,(anonymous_0)
DA:7,4
LF:1
LH:1
BRF:0
BRH:0
end_of_record
TN:
SF:src/views/appLayout.js
FN:20,AppLayout
FN:21,(anonymous_1)
FN:53,(anonymous_2)
FN:60,(anonymous_3)
FN:64,(anonymous_4)
FN:67,(anonymous_5)
FN:71,(anonymous_6)
FN:74,(anonymous_7)
FN:76,(anonymous_8)
FN:77,(anonymous_9)
FN:86,(anonymous_10)
FN:91,(anonymous_11)
FNF:12
FNH:11
FNDA:7,AppLayout
FNDA:7,(anonymous_1)
FNDA:11,(anonymous_2)
FNDA:3,(anonymous_3)
FNDA:1,(anonymous_4)
FNDA:0,(anonymous_5)
FNDA:1,(anonymous_6)
FNDA:11,(anonymous_7)
FNDA:11,(anonymous_8)
FNDA:3,(anonymous_9)
FNDA:1,(anonymous_10)
FNDA:1,(anonymous_11)
DA:19,3
DA:21,7
DA:53,11
DA:54,7
DA:55,7
DA:56,7
DA:57,7
DA:58,7
DA:60,7
DA:61,3
DA:64,7
DA:65,1
DA:67,7
DA:68,0
DA:70,7
DA:71,7
DA:72,1
DA:74,11
DA:76,11
DA:77,7
DA:78,3
DA:79,1
DA:80,1
DA:81,1
DA:85,7
DA:86,7
DA:87,1
DA:89,7
DA:91,7
DA:92,1
DA:93,1
DA:94,1
DA:95,1
DA:97,1
DA:98,1
DA:102,0
DA:103,0
DA:104,0
DA:107,7
LF:39
LH:35
BRDA:78,0,0,1
BRDA:78,0,1,2
BRDA:119,1,0,0
BRDA:119,1,1,7
BRDA:168,2,0,3
BRDA:168,2,1,4
BRF:6
BRH:5
end_of_record
TN:
SF:src/views/approvalsView.js
FN:21,ApprovalsTable
FN:22,(anonymous_1)
FN:86,(anonymous_2)
FN:89,(anonymous_3)
FN:99,(anonymous_4)
FN:103,(anonymous_5)
FN:118,(anonymous_6)
FN:122,(anonymous_7)
FN:129,(anonymous_8)
FN:175,(anonymous_9)
FN:210,(anonymous_10)
FNF:11
FNH:11
FNDA:8,ApprovalsTable
FNDA:8,(anonymous_1)
FNDA:2,(anonymous_2)
FNDA:13,(anonymous_3)
FNDA:1,(anonymous_4)
FNDA:13,(anonymous_5)
FNDA:1,(anonymous_6)
FNDA:1,(anonymous_7)
FNDA:1,(anonymous_8)
FNDA:1,(anonymous_9)
FNDA:1,(anonymous_10)
DA:20,3
DA:22,8
DA:84,8
DA:85,8
DA:86,8
DA:87,2
DA:89,13
DA:90,8
DA:92,8
DA:93,8
DA:95,8
DA:96,8
DA:97,8
DA:99,8
DA:100,1
DA:103,13
DA:104,8
DA:106,8
DA:107,8
DA:108,8
DA:109,8
DA:111,8
DA:112,8
DA:114,8
DA:115,8
DA:116,8
DA:118,8
DA:119,1
DA:122,8
DA:123,1
DA:124,1
DA:125,1
DA:126,1
DA:129,8
DA:130,1
DA:132,8
DA:186,1
DA:187,1
DA:211,1
LF:39
LH:39
BRDA:146,0,0,8
BRDA:146,0,1,6
BRDA:162,1,0,6
BRDA:162,1,1,2
BRDA:175,2,0,2
BRDA:175,2,1,6
BRDA:240,3,0,2
BRDA:240,3,1,6
BRF:8
BRH:8
end_of_record
TN:
SF:src/views/editTripView.js
FN:9,(anonymous_0)
FN:14,EditTripView
FNF:2
FNH:2
FNDA:1,(anonymous_0)
FNDA:1,EditTripView
DA:9,3
DA:15,1
DA:16,1
LF:3
LH:3
BRF:0
BRH:0
end_of_record
TN:
SF:src/views/requestApprovalDetailsView.js
FN:9,(anonymous_0)
FN:14,RequestDetailsView
FNF:2
FNH:2
FNDA:1,(anonymous_0)
FNDA:1,RequestDetailsView
DA:9,3
DA:15,1
DA:16,1
LF:3
LH:3
BRF:0
BRH:0
end_of_record
TN:
SF:src/views/tripRequestsView.js
FN:23,TripRequests
FN:24,(anonymous_1)
FN:87,(anonymous_2)
FN:88,(anonymous_3)
FN:97,(anonymous_4)
FN:101,(anonymous_5)
FN:105,(anonymous_6)
FN:108,(anonymous_7)
FN:118,(anonymous_8)
FN:121,(anonymous_9)
FN:136,(anonymous_10)
FN:140,(anonymous_11)
FN:147,(anonymous_12)
FN:194,(anonymous_13)
FN:209,(anonymous_14)
FN:210,(anonymous_15)
FN:261,(anonymous_16)
FN:265,(anonymous_17)
FN:266,(anonymous_18)
FNF:19
FNH:19
FNDA:8,TripRequests
FNDA:8,(anonymous_1)
FNDA:15,(anonymous_2)
FNDA:2,(anonymous_3)
FNDA:2,(anonymous_4)
FNDA:2,(anonymous_5)
FNDA:15,(anonymous_6)
FNDA:15,(anonymous_7)
FNDA:1,(anonymous_8)
FNDA:15,(anonymous_9)
FNDA:1,(anonymous_10)
FNDA:1,(anonymous_11)
FNDA:1,(anonymous_12)
FNDA:3,(anonymous_13)
FNDA:6,(anonymous_14)
FNDA:6,(anonymous_15)
FNDA:1,(anonymous_16)
FNDA:2,(anonymous_17)
FNDA:2,(anonymous_18)
DA:22,3
DA:24,8
DA:86,8
DA:87,15
DA:88,8
DA:89,2
DA:90,1
DA:91,1
DA:92,1
DA:96,8
DA:97,8
DA:98,2
DA:101,8
DA:102,2
DA:105,15
DA:106,8
DA:108,15
DA:109,8
DA:111,8
DA:112,8
DA:114,8
DA:115,8
DA:116,8
DA:118,8
DA:119,1
DA:121,15
DA:122,8
DA:124,8
DA:125,8
DA:126,8
DA:127,8
DA:129,8
DA:130,8
DA:132,8
DA:133,8
DA:134,8
DA:136,8
DA:137,1
DA:140,8
DA:141,1
DA:142,1
DA:143,1
DA:144,1
DA:147,8
DA:148,1
DA:151,8
DA:203,3
DA:204,3
DA:208,3
DA:209,6
DA:210,6
DA:211,3
DA:212,3
DA:215,3
DA:216,3
DA:217,3
DA:218,3
DA:219,3
DA:221,3
DA:222,3
DA:223,3
DA:224,3
DA:225,3
DA:227,3
DA:228,1
DA:229,1
DA:232,3
DA:233,1
DA:234,1
DA:237,3
DA:238,1
DA:240,3
DA:264,1
DA:265,2
DA:266,2
DA:267,1
DA:268,1
DA:271,1
DA:272,1
DA:273,1
DA:274,1
DA:275,1
DA:277,1
DA:278,1
DA:279,1
DA:280,1
DA:281,1
DA:282,1
LF:88
LH:88
BRDA:89,0,0,1
BRDA:89,0,1,1
BRDA:155,1,0,8
BRDA:155,1,1,6
BRDA:181,2,0,6
BRDA:181,2,1,2
BRDA:194,3,0,2
BRDA:194,3,1,6
BRDA:208,4,0,3
BRDA:208,4,1,0
BRDA:227,5,0,1
BRDA:227,5,1,2
BRDA:232,6,0,1
BRDA:232,6,1,2
BRDA:237,7,0,1
BRDA:237,7,1,2
BRDA:264,8,0,1
BRDA:264,8,1,0
BRDA:298,9,0,0
BRDA:298,9,1,1
BRDA:306,10,0,2
BRDA:306,10,1,6
BRF:22
BRH:19
end_of_record
